{"meta": {"format": 3, "version": "7.11.3", "timestamp": "2025-11-13T13:30:02.093580", "branch_coverage": false, "show_contexts": false}, "files": {"instruments_service/__init__.py": {"executed_lines": [1, 7, 10, 11, 12, 13, 14, 22], "summary": {"covered_lines": 7, "num_statements": 7, "percent_covered": 100.0, "percent_covered_display": "100", "missing_lines": 0, "excluded_lines": 0}, "missing_lines": [], "excluded_lines": [], "functions": {"": {"executed_lines": [1, 7, 10, 11, 12, 13, 14, 22], "summary": {"covered_lines": 7, "num_statements": 7, "percent_covered": 100.0, "percent_covered_display": "100", "missing_lines": 0, "excluded_lines": 0}, "missing_lines": [], "excluded_lines": []}}, "classes": {"": {"executed_lines": [1, 7, 10, 11, 12, 13, 14, 22], "summary": {"covered_lines": 7, "num_statements": 7, "percent_covered": 100.0, "percent_covered_display": "100", "missing_lines": 0, "excluded_lines": 0}, "missing_lines": [], "excluded_lines": []}}}, "instruments_service/__main__.py": {"executed_lines": [], "summary": {"covered_lines": 0, "num_statements": 3, "percent_covered": 0.0, "percent_covered_display": "0", "missing_lines": 3, "excluded_lines": 0}, "missing_lines": [7, 9, 10], "excluded_lines": [], "functions": {"": {"executed_lines": [], "summary": {"covered_lines": 0, "num_statements": 3, "percent_covered": 0.0, "percent_covered_display": "0", "missing_lines": 3, "excluded_lines": 0}, "missing_lines": [7, 9, 10], "excluded_lines": []}}, "classes": {"": {"executed_lines": [], "summary": {"covered_lines": 0, "num_statements": 3, "percent_covered": 0.0, "percent_covered_display": "0", "missing_lines": 3, "excluded_lines": 0}, "missing_lines": [7, 9, 10], "excluded_lines": []}}}, "instruments_service/app/__init__.py": {"executed_lines": [1], "summary": {"covered_lines": 0, "num_statements": 0, "percent_covered": 100.0, "percent_covered_display": "100", "missing_lines": 0, "excluded_lines": 0}, "missing_lines": [], "excluded_lines": [], "functions": {"": {"executed_lines": [1], "summary": {"covered_lines": 0, "num_statements": 0, "percent_covered": 100.0, "percent_covered_display": "100", "missing_lines": 0, "excluded_lines": 0}, "missing_lines": [], "excluded_lines": []}}, "classes": {"": {"executed_lines": [1], "summary": {"covered_lines": 0, "num_statements": 0, "percent_covered": 100.0, "percent_covered_display": "100", "missing_lines": 0, "excluded_lines": 0}, "missing_lines": [], "excluded_lines": []}}}, "instruments_service/app/core/batch_processor.py": {"executed_lines": [1, 8, 9, 10, 11, 12, 14, 17, 18, 27, 34, 37, 38, 40, 53, 54, 56, 57, 59, 64, 66, 80, 81, 82, 84, 92, 97, 99, 112, 114, 115, 117, 118, 119, 121, 123, 125, 138, 139, 141, 142, 143, 144, 146, 151], "summary": {"covered_lines": 43, "num_statements": 43, "percent_covered": 100.0, "percent_covered_display": "100", "missing_lines": 0, "excluded_lines": 0}, "missing_lines": [], "excluded_lines": [], "functions": {"InstrumentBatchProcessor.__init__": {"executed_lines": [34, 37, 38], "summary": {"covered_lines": 3, "num_statements": 3, "percent_covered": 100.0, "percent_covered_display": "100", "missing_lines": 0, "excluded_lines": 0}, "missing_lines": [], "excluded_lines": []}, "InstrumentBatchProcessor.calculate_date_range": {"executed_lines": [53, 54, 56, 57, 59, 64], "summary": {"covered_lines": 6, "num_statements": 6, "percent_covered": 100.0, "percent_covered_display": "100", "missing_lines": 0, "excluded_lines": 0}, "missing_lines": [], "excluded_lines": []}, "InstrumentBatchProcessor.estimate_memory_requirements": {"executed_lines": [80, 81, 82, 84, 92, 97], "summary": {"covered_lines": 6, "num_statements": 6, "percent_covered": 100.0, "percent_covered_display": "100", "missing_lines": 0, "excluded_lines": 0}, "missing_lines": [], "excluded_lines": []}, "InstrumentBatchProcessor.get_required_periods": {"executed_lines": [112, 114, 115, 117, 118, 119, 121, 123], "summary": {"covered_lines": 8, "num_statements": 8, "percent_covered": 100.0, "percent_covered_display": "100", "missing_lines": 0, "excluded_lines": 0}, "missing_lines": [], "excluded_lines": []}, "InstrumentBatchProcessor.process_batch": {"executed_lines": [138, 139, 141, 142, 143, 144, 146, 151], "summary": {"covered_lines": 8, "num_statements": 8, "percent_covered": 100.0, "percent_covered_display": "100", "missing_lines": 0, "excluded_lines": 0}, "missing_lines": [], "excluded_lines": []}, "": {"executed_lines": [1, 8, 9, 10, 11, 12, 14, 17, 18, 27, 40, 66, 99, 125], "summary": {"covered_lines": 12, "num_statements": 12, "percent_covered": 100.0, "percent_covered_display": "100", "missing_lines": 0, "excluded_lines": 0}, "missing_lines": [], "excluded_lines": []}}, "classes": {"InstrumentBatchProcessor": {"executed_lines": [34, 37, 38, 53, 54, 56, 57, 59, 64, 80, 81, 82, 84, 92, 97, 112, 114, 115, 117, 118, 119, 121, 123, 138, 139, 141, 142, 143, 144, 146, 151], "summary": {"covered_lines": 31, "num_statements": 31, "percent_covered": 100.0, "percent_covered_display": "100", "missing_lines": 0, "excluded_lines": 0}, "missing_lines": [], "excluded_lines": []}, "": {"executed_lines": [1, 8, 9, 10, 11, 12, 14, 17, 18, 27, 40, 66, 99, 125], "summary": {"covered_lines": 12, "num_statements": 12, "percent_covered": 100.0, "percent_covered_display": "100", "missing_lines": 0, "excluded_lines": 0}, "missing_lines": [], "excluded_lines": []}}}, "instruments_service/app/core/ccxt_service.py": {"executed_lines": [1, 14, 15, 16, 17, 18, 20, 23, 24, 33, 41, 42, 45, 46, 49, 51, 53, 63, 64, 65, 66, 68, 69, 70, 71, 73, 80, 91, 92, 93, 94, 97, 98, 99, 102, 105, 106, 109, 111, 112, 117, 123, 124, 126, 128, 129, 130, 132, 153, 154, 156, 158, 161, 181, 188, 190, 191, 198, 202, 204, 205, 206, 219, 220, 229, 237, 239, 260, 261, 262, 264, 267, 272, 273, 274, 275, 276, 278, 279, 282, 285, 286, 288, 291, 292, 293, 294, 297, 298, 299, 300, 308, 309, 310, 312, 314, 341, 342, 343, 344, 346, 347, 354, 357, 365, 367, 372, 373, 375, 376, 377, 378, 379, 380, 381, 386, 397, 400, 402, 408, 420, 430, 431, 433, 436, 438, 440, 441, 442, 445, 446, 448, 449, 450, 451, 452, 453, 455, 456, 459, 461, 462, 463, 471, 473, 477, 479, 494, 517, 518, 519, 523, 525, 527, 528, 529, 532, 533, 535, 542, 543, 544, 545, 546, 547, 548, 550, 551, 552], "summary": {"covered_lines": 167, "num_statements": 210, "percent_covered": 79.52380952380952, "percent_covered_display": "80", "missing_lines": 43, "excluded_lines": 0}, "missing_lines": [107, 162, 165, 171, 172, 173, 200, 207, 208, 209, 211, 212, 216, 301, 303, 304, 305, 349, 350, 351, 352, 358, 360, 361, 362, 363, 382, 383, 384, 387, 391, 392, 393, 394, 410, 411, 415, 416, 417, 418, 474, 475, 530], "excluded_lines": [], "functions": {"CCXTService.__init__": {"executed_lines": [41, 42, 45, 46, 49, 51], "summary": {"covered_lines": 6, "num_statements": 6, "percent_covered": 100.0, "percent_covered_display": "100", "missing_lines": 0, "excluded_lines": 0}, "missing_lines": [], "excluded_lines": []}, "CCXTService.get_ccxt_exchange": {"executed_lines": [63, 64, 65, 66, 68, 69, 70, 71, 73], "summary": {"covered_lines": 9, "num_statements": 9, "percent_covered": 100.0, "percent_covered_display": "100", "missing_lines": 0, "excluded_lines": 0}, "missing_lines": [], "excluded_lines": []}, "CCXTService.load_markets": {"executed_lines": [91, 92, 93, 94, 97, 98, 99, 102, 105, 106, 109, 111, 112, 117, 123, 124, 126, 128, 129, 130], "summary": {"covered_lines": 20, "num_statements": 21, "percent_covered": 95.23809523809524, "percent_covered_display": "95", "missing_lines": 1, "excluded_lines": 0}, "missing_lines": [107], "excluded_lines": []}, "CCXTService._build_symbol_formats": {"executed_lines": [153, 154, 156, 158, 161, 181, 188, 190, 191, 198, 202, 204, 205, 206, 219, 220, 229, 237], "summary": {"covered_lines": 18, "num_statements": 30, "percent_covered": 60.0, "percent_covered_display": "60", "missing_lines": 12, "excluded_lines": 0}, "missing_lines": [162, 165, 171, 172, 173, 200, 207, 208, 209, 211, 212, 216], "excluded_lines": []}, "CCXTService.get_metadata": {"executed_lines": [260, 261, 262, 264, 267, 272, 273, 274, 275, 276, 278, 279, 282, 285, 286, 288, 291, 292, 293, 294, 297, 298, 299, 300, 308, 309, 310, 312], "summary": {"covered_lines": 28, "num_statements": 32, "percent_covered": 87.5, "percent_covered_display": "88", "missing_lines": 4, "excluded_lines": 0}, "missing_lines": [301, 303, 304, 305], "excluded_lines": []}, "CCXTService.get_leverage_limits": {"executed_lines": [341, 342, 343, 344, 346, 347, 354, 357, 365, 367, 372, 373, 375, 376, 377, 378, 379, 380, 381, 386, 397, 400, 402, 408], "summary": {"covered_lines": 24, "num_statements": 47, "percent_covered": 51.06382978723404, "percent_covered_display": "51", "missing_lines": 23, "excluded_lines": 0}, "missing_lines": [349, 350, 351, 352, 358, 360, 361, 362, 363, 382, 383, 384, 387, 391, 392, 393, 394, 410, 411, 415, 416, 417, 418], "excluded_lines": []}, "CCXTService._extract_risk_params_from_tiers": {"executed_lines": [430, 431, 433, 436, 438, 440, 441, 442, 445, 446, 448, 449, 450, 451, 452, 453, 455, 456, 459, 461, 462, 463, 471, 473, 477], "summary": {"covered_lines": 25, "num_statements": 27, "percent_covered": 92.5925925925926, "percent_covered_display": "93", "missing_lines": 2, "excluded_lines": 0}, "missing_lines": [474, 475], "excluded_lines": []}, "CCXTService._get_leverage_limits_fallback": {"executed_lines": [494, 517, 518, 519, 523], "summary": {"covered_lines": 5, "num_statements": 5, "percent_covered": 100.0, "percent_covered_display": "100", "missing_lines": 0, "excluded_lines": 0}, "missing_lines": [], "excluded_lines": []}, "CCXTService._is_cache_valid": {"executed_lines": [527, 528, 529, 532, 533], "summary": {"covered_lines": 5, "num_statements": 6, "percent_covered": 83.33333333333333, "percent_covered_display": "83", "missing_lines": 1, "excluded_lines": 0}, "missing_lines": [530], "excluded_lines": []}, "CCXTService.clear_cache": {"executed_lines": [542, 543, 544, 545, 546, 547, 548, 550, 551, 552], "summary": {"covered_lines": 10, "num_statements": 10, "percent_covered": 100.0, "percent_covered_display": "100", "missing_lines": 0, "excluded_lines": 0}, "missing_lines": [], "excluded_lines": []}, "": {"executed_lines": [1, 14, 15, 16, 17, 18, 20, 23, 24, 33, 53, 80, 132, 239, 314, 420, 479, 525, 535], "summary": {"covered_lines": 17, "num_statements": 17, "percent_covered": 100.0, "percent_covered_display": "100", "missing_lines": 0, "excluded_lines": 0}, "missing_lines": [], "excluded_lines": []}}, "classes": {"CCXTService": {"executed_lines": [41, 42, 45, 46, 49, 51, 63, 64, 65, 66, 68, 69, 70, 71, 73, 91, 92, 93, 94, 97, 98, 99, 102, 105, 106, 109, 111, 112, 117, 123, 124, 126, 128, 129, 130, 153, 154, 156, 158, 161, 181, 188, 190, 191, 198, 202, 204, 205, 206, 219, 220, 229, 237, 260, 261, 262, 264, 267, 272, 273, 274, 275, 276, 278, 279, 282, 285, 286, 288, 291, 292, 293, 294, 297, 298, 299, 300, 308, 309, 310, 312, 341, 342, 343, 344, 346, 347, 354, 357, 365, 367, 372, 373, 375, 376, 377, 378, 379, 380, 381, 386, 397, 400, 402, 408, 430, 431, 433, 436, 438, 440, 441, 442, 445, 446, 448, 449, 450, 451, 452, 453, 455, 456, 459, 461, 462, 463, 471, 473, 477, 494, 517, 518, 519, 523, 527, 528, 529, 532, 533, 542, 543, 544, 545, 546, 547, 548, 550, 551, 552], "summary": {"covered_lines": 150, "num_statements": 193, "percent_covered": 77.72020725388602, "percent_covered_display": "78", "missing_lines": 43, "excluded_lines": 0}, "missing_lines": [107, 162, 165, 171, 172, 173, 200, 207, 208, 209, 211, 212, 216, 301, 303, 304, 305, 349, 350, 351, 352, 358, 360, 361, 362, 363, 382, 383, 384, 387, 391, 392, 393, 394, 410, 411, 415, 416, 417, 418, 474, 475, 530], "excluded_lines": []}, "": {"executed_lines": [1, 14, 15, 16, 17, 18, 20, 23, 24, 33, 53, 80, 132, 239, 314, 420, 479, 525, 535], "summary": {"covered_lines": 17, "num_statements": 17, "percent_covered": 100.0, "percent_covered_display": "100", "missing_lines": 0, "excluded_lines": 0}, "missing_lines": [], "excluded_lines": []}}}, "instruments_service/app/core/cloud_data_provider.py": {"executed_lines": [1, 8, 9, 10, 11, 12, 13, 15, 17, 20, 21, 27, 34, 35, 37, 48, 51, 53, 57, 71, 72, 73, 75, 77, 80, 81, 83, 84, 86, 88, 90, 91, 92, 94, 153, 170, 171, 176, 178, 179, 180, 182, 183, 184, 186, 188, 189, 193, 194, 196, 197, 198, 200, 210, 211, 213, 215, 216, 217, 218, 219, 220], "summary": {"covered_lines": 60, "num_statements": 79, "percent_covered": 75.9493670886076, "percent_covered_display": "76", "missing_lines": 19, "excluded_lines": 0}, "missing_lines": [78, 108, 109, 110, 112, 114, 115, 122, 125, 131, 135, 138, 140, 141, 145, 147, 149, 150, 151], "excluded_lines": [], "functions": {"CloudDataProvider.__init__": {"executed_lines": [34, 35, 37, 48, 51, 53], "summary": {"covered_lines": 6, "num_statements": 6, "percent_covered": 100.0, "percent_covered_display": "100", "missing_lines": 0, "excluded_lines": 0}, "missing_lines": [], "excluded_lines": []}, "CloudDataProvider.get_instruments_from_gcs": {"executed_lines": [71, 72, 73, 75, 77, 80, 81, 83, 84, 86, 88, 90, 91, 92], "summary": {"covered_lines": 14, "num_statements": 15, "percent_covered": 93.33333333333333, "percent_covered_display": "93", "missing_lines": 1, "excluded_lines": 0}, "missing_lines": [78], "excluded_lines": []}, "CloudDataProvider.get_instruments_from_category": {"executed_lines": [], "summary": {"covered_lines": 0, "num_statements": 18, "percent_covered": 0.0, "percent_covered_display": "0", "missing_lines": 18, "excluded_lines": 0}, "missing_lines": [108, 109, 110, 112, 114, 115, 122, 125, 131, 135, 138, 140, 141, 145, 147, 149, 150, 151], "excluded_lines": []}, "CloudDataProvider.get_instruments_from_bigquery": {"executed_lines": [170, 171, 176, 178, 179, 180, 182, 183, 184, 186, 188, 189, 193, 194, 196, 197, 198], "summary": {"covered_lines": 17, "num_statements": 17, "percent_covered": 100.0, "percent_covered_display": "100", "missing_lines": 0, "excluded_lines": 0}, "missing_lines": [], "excluded_lines": []}, "CloudDataProvider.check_instruments_exist": {"executed_lines": [210, 211, 213, 215, 216, 217, 218, 219, 220], "summary": {"covered_lines": 9, "num_statements": 9, "percent_covered": 100.0, "percent_covered_display": "100", "missing_lines": 0, "excluded_lines": 0}, "missing_lines": [], "excluded_lines": []}, "": {"executed_lines": [1, 8, 9, 10, 11, 12, 13, 15, 17, 20, 21, 27, 57, 94, 153, 200], "summary": {"covered_lines": 14, "num_statements": 14, "percent_covered": 100.0, "percent_covered_display": "100", "missing_lines": 0, "excluded_lines": 0}, "missing_lines": [], "excluded_lines": []}}, "classes": {"CloudDataProvider": {"executed_lines": [34, 35, 37, 48, 51, 53, 71, 72, 73, 75, 77, 80, 81, 83, 84, 86, 88, 90, 91, 92, 170, 171, 176, 178, 179, 180, 182, 183, 184, 186, 188, 189, 193, 194, 196, 197, 198, 210, 211, 213, 215, 216, 217, 218, 219, 220], "summary": {"covered_lines": 46, "num_statements": 65, "percent_covered": 70.76923076923077, "percent_covered_display": "71", "missing_lines": 19, "excluded_lines": 0}, "missing_lines": [78, 108, 109, 110, 112, 114, 115, 122, 125, 131, 135, 138, 140, 141, 145, 147, 149, 150, 151], "excluded_lines": []}, "": {"executed_lines": [1, 8, 9, 10, 11, 12, 13, 15, 17, 20, 21, 27, 57, 94, 153, 200], "summary": {"covered_lines": 14, "num_statements": 14, "percent_covered": 100.0, "percent_covered_display": "100", "missing_lines": 0, "excluded_lines": 0}, "missing_lines": [], "excluded_lines": []}}}, "instruments_service/app/core/cloud_instrument_storage.py": {"executed_lines": [1, 8, 9, 10, 11, 12, 14, 19, 22, 23, 25, 26, 32, 33, 35, 41, 42, 50, 52, 53, 62, 65, 66, 67, 70, 77, 78, 79, 83, 94, 97, 99, 107, 132, 134, 139, 140, 141, 148, 151, 152, 156, 157, 158, 160, 161, 162, 166, 167, 168, 183, 189, 190, 192, 193, 194, 195, 198, 199, 201, 202, 205, 206, 209, 210, 213, 214, 215, 218, 219, 220, 225, 226, 227, 229, 230, 231, 236, 237, 238, 241, 242, 249, 250, 252, 255, 261, 266, 270, 272, 276, 280, 282, 283, 286, 288, 289, 294, 298, 300, 301, 302, 304, 324, 328], "summary": {"covered_lines": 103, "num_statements": 115, "percent_covered": 89.56521739130434, "percent_covered_display": "90", "missing_lines": 12, "excluded_lines": 0}, "missing_lines": [27, 28, 29, 36, 37, 38, 81, 170, 176, 179, 180, 222], "excluded_lines": [], "functions": {"CloudInstrumentStorage.__init__": {"executed_lines": [52, 53, 62, 65, 66, 67, 70, 77, 78, 79, 83, 94, 97, 99], "summary": {"covered_lines": 14, "num_statements": 15, "percent_covered": 93.33333333333333, "percent_covered_display": "93", "missing_lines": 1, "excluded_lines": 0}, "missing_lines": [81], "excluded_lines": []}, "CloudInstrumentStorage.store_instruments": {"executed_lines": [132, 134, 139, 140, 141, 148, 151, 152, 156, 157, 158, 160, 161, 162, 166, 167, 168, 183, 189, 190, 192, 193, 194, 195, 198, 199, 201, 202, 205, 206, 209, 210, 213, 214, 215, 218, 219, 220, 225, 226, 227, 229, 230, 231, 236, 237, 238, 241, 242, 249, 250, 252, 255, 261, 266, 270, 272, 276, 280, 282, 283, 286, 288, 289, 294, 298, 300, 301, 302], "summary": {"covered_lines": 69, "num_statements": 74, "percent_covered": 93.24324324324324, "percent_covered_display": "93", "missing_lines": 5, "excluded_lines": 0}, "missing_lines": [170, 176, 179, 180, 222], "excluded_lines": []}, "CloudInstrumentStorage.query_instruments": {"executed_lines": [324, 328], "summary": {"covered_lines": 2, "num_statements": 2, "percent_covered": 100.0, "percent_covered_display": "100", "missing_lines": 0, "excluded_lines": 0}, "missing_lines": [], "excluded_lines": []}, "": {"executed_lines": [1, 8, 9, 10, 11, 12, 14, 19, 22, 23, 25, 26, 32, 33, 35, 41, 42, 50, 107, 304], "summary": {"covered_lines": 18, "num_statements": 24, "percent_covered": 75.0, "percent_covered_display": "75", "missing_lines": 6, "excluded_lines": 0}, "missing_lines": [27, 28, 29, 36, 37, 38], "excluded_lines": []}}, "classes": {"CloudInstrumentStorage": {"executed_lines": [52, 53, 62, 65, 66, 67, 70, 77, 78, 79, 83, 94, 97, 99, 132, 134, 139, 140, 141, 148, 151, 152, 156, 157, 158, 160, 161, 162, 166, 167, 168, 183, 189, 190, 192, 193, 194, 195, 198, 199, 201, 202, 205, 206, 209, 210, 213, 214, 215, 218, 219, 220, 225, 226, 227, 229, 230, 231, 236, 237, 238, 241, 242, 249, 250, 252, 255, 261, 266, 270, 272, 276, 280, 282, 283, 286, 288, 289, 294, 298, 300, 301, 302, 324, 328], "summary": {"covered_lines": 85, "num_statements": 91, "percent_covered": 93.4065934065934, "percent_covered_display": "93", "missing_lines": 6, "excluded_lines": 0}, "missing_lines": [81, 170, 176, 179, 180, 222], "excluded_lines": []}, "": {"executed_lines": [1, 8, 9, 10, 11, 12, 14, 19, 22, 23, 25, 26, 32, 33, 35, 41, 42, 50, 107, 304], "summary": {"covered_lines": 18, "num_statements": 24, "percent_covered": 75.0, "percent_covered_display": "75", "missing_lines": 6, "excluded_lines": 0}, "missing_lines": [27, 28, 29, 36, 37, 38], "excluded_lines": []}}}, "instruments_service/app/core/instrument_processing_service.py": {"executed_lines": [1, 21, 22, 23, 24, 25, 26, 27, 30, 31, 38, 40, 41, 43, 50, 51, 52, 54, 55, 56, 57, 58, 59, 60, 74, 75, 82, 96, 97, 100, 103, 104, 105, 108, 110, 111, 114, 119, 120, 121, 123, 129, 130, 138, 139, 140, 142, 153, 154, 157, 158, 161, 162, 164, 165, 169, 170, 171, 172, 174, 175, 176, 181, 182, 184, 186, 187, 189, 191, 192, 193, 198, 199, 204, 206, 213, 220, 222, 228, 236, 246, 247, 249, 252, 254, 264, 265, 267, 270, 272, 294, 295, 297, 301, 302, 305, 306, 307, 308, 310, 319, 321, 322, 323, 328, 330, 332, 333, 336, 337, 339, 349, 350, 351, 352, 353, 354, 355, 358, 361, 363, 364, 366, 374, 376, 378, 380, 382, 383, 384, 386, 388, 389, 390, 391, 398, 399, 401, 409, 418, 419, 420, 421, 422, 423, 424, 427, 430, 432, 433, 435, 443, 448, 451, 458, 459, 460, 463, 464, 465, 466, 467, 469, 474, 475, 476, 477, 485, 486, 487, 488, 489, 490, 491, 492, 493, 499, 501, 502, 504, 512, 518, 528, 529, 535, 537, 540, 542, 560, 562, 563, 567, 577, 582, 583, 584, 586, 589, 590, 591, 594, 598, 599, 602, 604, 605, 610, 612, 628, 635, 636, 637, 639, 644, 645, 648, 649, 650, 651, 654, 655, 658, 659, 660, 661, 662, 668, 672, 673, 674, 675, 682, 689, 690, 692, 694, 697, 701, 714, 715, 716, 718, 725, 733, 735, 736, 737, 738, 745, 746, 749, 750, 751, 754, 757, 758, 759, 760, 763, 764, 765, 766, 769, 776, 787, 793, 794, 797, 801, 805, 809, 816, 817, 819, 821, 823, 824, 825, 836, 841, 842, 843, 845, 850, 851, 853, 857, 865, 866, 868, 871, 875, 876, 880, 892, 897, 898, 899, 900, 904, 909, 911, 912, 913, 916, 921, 922, 926, 928, 950, 951, 954, 961, 962, 963, 964, 974, 976, 997, 1000, 1004, 1008, 1011, 1013, 1014, 1015, 1018, 1020, 1025, 1028, 1030, 1033, 1034, 1037, 1038, 1041, 1042, 1044, 1046, 1047, 1049, 1050, 1051, 1054, 1057, 1058, 1065, 1066, 1073, 1074, 1087, 1090, 1095, 1097, 1100, 1101, 1102, 1105, 1110, 1112, 1113, 1114, 1122, 1123, 1126, 1127, 1131, 1133, 1262, 1264, 1267, 1270, 1272, 1275, 1276, 1277, 1280, 1281, 1283, 1294, 1299, 1361, 1363, 1364, 1365, 1367, 1368, 1371, 1372, 1374, 1377, 1379, 1380, 1383, 1384, 1385, 1388, 1391, 1397, 1398, 1399, 1402, 1403, 1406, 1409, 1413, 1418, 1424, 1426, 1427, 1430, 1431, 1432, 1433, 1434, 1435, 1438, 1441, 1444, 1496, 1498, 1499, 1500, 1501, 1503, 1505, 1512, 1518, 1519, 1522, 1523, 1525, 1527, 1529, 1537, 1540, 1541, 1544, 1546, 1547, 1548, 1549, 1550, 1553, 1556, 1557, 1559, 1560, 1563, 1564, 1565, 1566, 1567, 1568, 1570, 1583, 1594, 1595, 1598, 1600, 1601, 1602, 1605, 1612, 1615, 1617, 1621, 1626, 1627, 1635, 1636, 1646, 1647, 1667, 1671, 1682, 1683, 1687, 1688, 1689, 1690, 1691, 1692, 1695, 1696, 1702, 1703, 1706, 1735, 1736, 1737, 1741, 1744, 1745, 1747, 1749, 1750, 1751, 1753, 1755, 1757, 1764, 1774, 1780, 1781, 1782, 1783, 1785, 1786, 1788, 1791, 1792, 1794, 1795, 1798, 1799, 1800, 1801, 1802, 1803, 1804, 1805, 1806, 1807, 1810, 1817, 1818, 1819, 1820, 1821, 1822, 1823, 1825, 1837, 1839, 1842, 1843, 1844, 1846, 1861, 1862, 1864, 1869, 1871, 1880, 1882, 1885, 1911, 1913, 1914, 1915, 1916, 1919, 1921, 1922, 1923, 1924, 1927, 1935, 1945, 1947, 1949, 1952, 1953, 1957, 1963, 1974, 1977, 2001, 2002, 2003, 2006, 2010, 2028, 2029, 2032, 2033, 2036, 2043, 2044, 2046, 2048, 2056, 2057, 2058, 2060, 2062, 2071, 2073, 2074, 2075, 2076, 2078, 2094, 2096, 2097, 2099, 2100, 2103, 2111, 2112, 2113, 2114, 2115, 2120, 2121, 2130, 2149, 2152, 2153, 2156, 2158, 2159, 2168, 2169, 2171, 2172, 2178, 2179, 2188, 2189, 2198, 2199, 2201, 2202, 2208, 2209, 2211, 2212, 2214, 2215, 2217, 2218, 2220, 2221, 2223, 2224, 2226, 2227, 2229, 2230, 2236, 2237, 2240, 2241, 2244, 2245, 2246, 2248, 2249, 2252, 2253, 2257, 2258, 2259, 2261, 2262, 2268, 2269, 2272, 2273, 2281, 2282, 2283, 2284, 2285, 2288, 2289, 2290, 2291, 2292, 2299, 2303, 2304, 2308, 2310, 2311, 2314, 2321, 2322, 2324, 2325, 2326, 2328, 2332, 2335, 2338, 2339, 2342, 2348, 2352, 2355, 2357, 2362, 2363, 2364, 2371, 2374, 2375, 2376, 2377, 2380, 2381, 2382, 2383, 2384, 2385, 2386, 2438, 2443, 2444, 2446, 2447, 2448, 2453, 2456, 2460, 2461, 2464, 2465, 2468, 2469, 2471], "summary": {"covered_lines": 720, "num_statements": 924, "percent_covered": 77.92207792207792, "percent_covered_display": "78", "missing_lines": 204, "excluded_lines": 0}, "missing_lines": [44, 45, 46, 47, 126, 127, 128, 194, 195, 250, 268, 298, 313, 316, 324, 327, 340, 343, 369, 370, 392, 393, 395, 402, 405, 412, 413, 414, 438, 439, 445, 446, 454, 455, 470, 471, 478, 479, 481, 496, 507, 508, 515, 516, 530, 585, 609, 663, 666, 667, 669, 677, 678, 679, 683, 686, 726, 727, 728, 731, 740, 828, 830, 831, 832, 860, 861, 872, 877, 881, 882, 885, 886, 887, 917, 918, 956, 957, 958, 1005, 1006, 1022, 1023, 1059, 1062, 1067, 1070, 1075, 1076, 1077, 1078, 1081, 1082, 1083, 1084, 1092, 1093, 1115, 1117, 1118, 1124, 1143, 1146, 1243, 1245, 1248, 1258, 1260, 1273, 1295, 1296, 1392, 1393, 1394, 1506, 1509, 1513, 1516, 1534, 1535, 1576, 1577, 1579, 1580, 1581, 1658, 1659, 1717, 1718, 1721, 1722, 1723, 1724, 1725, 1726, 1729, 1730, 1831, 1833, 1834, 1835, 1866, 1867, 1873, 1874, 1875, 1876, 1877, 1878, 1929, 1931, 1932, 1933, 1959, 1960, 1961, 2007, 2116, 2117, 2118, 2123, 2124, 2125, 2126, 2127, 2128, 2161, 2162, 2181, 2182, 2191, 2192, 2264, 2265, 2296, 2387, 2388, 2392, 2393, 2400, 2401, 2402, 2403, 2404, 2408, 2411, 2412, 2413, 2414, 2415, 2416, 2419, 2420, 2423, 2424, 2425, 2431, 2439, 2440, 2441, 2449, 2450, 2451, 2457], "excluded_lines": [], "functions": {"InstrumentProcessingService.__init__": {"executed_lines": [96, 97, 100, 103, 104, 105, 108, 110, 111, 114, 119, 120, 121, 123, 129, 130, 138, 139, 140, 142, 153, 154, 157, 158, 161, 162, 164, 165, 169, 170, 171, 172, 174, 175, 176, 181, 182, 184, 186, 187, 189, 191, 192, 193, 198, 199, 204, 206], "summary": {"covered_lines": 48, "num_statements": 53, "percent_covered": 90.56603773584905, "percent_covered_display": "91", "missing_lines": 5, "excluded_lines": 0}, "missing_lines": [126, 127, 128, 194, 195], "excluded_lines": []}, "InstrumentProcessingService.get_venue_mapping": {"executed_lines": [220], "summary": {"covered_lines": 1, "num_statements": 1, "percent_covered": 100.0, "percent_covered_display": "100", "missing_lines": 0, "excluded_lines": 0}, "missing_lines": [], "excluded_lines": []}, "InstrumentProcessingService.get_instrument_type_mapping": {"executed_lines": [228], "summary": {"covered_lines": 1, "num_statements": 1, "percent_covered": 100.0, "percent_covered_display": "100", "missing_lines": 0, "excluded_lines": 0}, "missing_lines": [], "excluded_lines": []}, "InstrumentProcessingService.normalize_venue": {"executed_lines": [246, 247, 249, 252], "summary": {"covered_lines": 4, "num_statements": 5, "percent_covered": 80.0, "percent_covered_display": "80", "missing_lines": 1, "excluded_lines": 0}, "missing_lines": [250], "excluded_lines": []}, "InstrumentProcessingService.normalize_instrument_type": {"executed_lines": [264, 265, 267, 270], "summary": {"covered_lines": 4, "num_statements": 5, "percent_covered": 80.0, "percent_covered_display": "80", "missing_lines": 1, "excluded_lines": 0}, "missing_lines": [268], "excluded_lines": []}, "InstrumentProcessingService.generate_canonical_key": {"executed_lines": [294, 295, 297, 301, 302, 305, 306, 307, 308, 310, 319, 321, 322, 323, 328, 330, 332, 333, 336, 337, 339, 349, 350, 351, 352, 353, 354, 355, 358, 361, 363, 364, 366, 374, 376, 378, 380, 382, 383, 384, 386, 388, 389, 390, 391, 398, 399, 401, 409, 418, 419, 420, 421, 422, 423, 424, 427, 430, 432, 433, 435, 443, 448, 451, 458, 459, 460, 463, 464, 465, 466, 467, 469, 474, 475, 476, 477, 485, 486, 487, 488, 489, 490, 491, 492, 493, 499, 501, 502, 504, 512], "summary": {"covered_lines": 91, "num_statements": 124, "percent_covered": 73.38709677419355, "percent_covered_display": "73", "missing_lines": 33, "excluded_lines": 0}, "missing_lines": [298, 313, 316, 324, 327, 340, 343, 369, 370, 392, 393, 395, 402, 405, 412, 413, 414, 438, 439, 445, 446, 454, 455, 470, 471, 478, 479, 481, 496, 507, 508, 515, 516], "excluded_lines": []}, "InstrumentProcessingService._get_tardis_adapter": {"executed_lines": [528, 529, 535, 537, 540], "summary": {"covered_lines": 5, "num_statements": 6, "percent_covered": 83.33333333333333, "percent_covered_display": "83", "missing_lines": 1, "excluded_lines": 0}, "missing_lines": [530], "excluded_lines": []}, "InstrumentProcessingService.fetch_exchange_instruments": {"executed_lines": [560, 562, 563, 567, 577, 582, 583, 584, 586, 589, 590, 591, 594, 598, 599, 602, 604, 605, 610], "summary": {"covered_lines": 19, "num_statements": 21, "percent_covered": 90.47619047619048, "percent_covered_display": "90", "missing_lines": 2, "excluded_lines": 0}, "missing_lines": [585, 609], "excluded_lines": []}, "InstrumentProcessingService.process_exchange_instruments": {"executed_lines": [628, 635, 636, 637, 639, 644, 645, 648, 649, 650, 651, 654, 655, 658, 659, 660, 661, 662, 668, 672, 673, 674, 675, 682, 689, 690, 692, 694, 697, 701, 714, 715, 716, 718, 725, 733, 735, 736, 737, 738, 745, 746, 749, 750, 751, 754, 757, 758, 759, 760, 763, 764, 765, 766, 769, 776, 787, 793, 794, 797, 801, 805, 809, 816, 817, 819, 821, 823, 824, 825, 836, 841, 842, 843, 845, 850, 851, 853, 857, 865, 866, 868, 871, 875, 876, 880, 892, 897, 898, 899, 900, 904, 909, 911, 912, 913, 916, 921, 922, 926, 928, 950, 951, 954, 961, 962, 963, 964, 974], "summary": {"covered_lines": 109, "num_statements": 141, "percent_covered": 77.30496453900709, "percent_covered_display": "77", "missing_lines": 32, "excluded_lines": 0}, "missing_lines": [663, 666, 667, 669, 677, 678, 679, 683, 686, 726, 727, 728, 731, 740, 828, 830, 831, 832, 860, 861, 872, 877, 881, 882, 885, 886, 887, 917, 918, 956, 957, 958], "excluded_lines": []}, "InstrumentProcessingService.generate_instruments_for_exchanges": {"executed_lines": [997, 1000, 1004, 1008, 1011, 1013, 1014, 1015, 1018, 1020, 1025, 1028], "summary": {"covered_lines": 12, "num_statements": 16, "percent_covered": 75.0, "percent_covered_display": "75", "missing_lines": 4, "excluded_lines": 0}, "missing_lines": [1005, 1006, 1022, 1023], "excluded_lines": []}, "InstrumentProcessingService.filter_instruments_by_exchange_config": {"executed_lines": [1033, 1034, 1037, 1038, 1041, 1042, 1044, 1046, 1047, 1049, 1050, 1051, 1054, 1057, 1058, 1065, 1066, 1073, 1074, 1087, 1090, 1095], "summary": {"covered_lines": 22, "num_statements": 36, "percent_covered": 61.111111111111114, "percent_covered_display": "61", "missing_lines": 14, "excluded_lines": 0}, "missing_lines": [1059, 1062, 1067, 1070, 1075, 1076, 1077, 1078, 1081, 1082, 1083, 1084, 1092, 1093], "excluded_lines": []}, "InstrumentProcessingService._populate_complete_instrument_data": {"executed_lines": [1100, 1101, 1102, 1105, 1110, 1112, 1113, 1114, 1122, 1123, 1126, 1127, 1131], "summary": {"covered_lines": 13, "num_statements": 17, "percent_covered": 76.47058823529412, "percent_covered_display": "76", "missing_lines": 4, "excluded_lines": 0}, "missing_lines": [1115, 1117, 1118, 1124], "excluded_lines": []}, "InstrumentProcessingService._get_manual_ccxt_fallback": {"executed_lines": [], "summary": {"covered_lines": 0, "num_statements": 7, "percent_covered": 0.0, "percent_covered_display": "0", "missing_lines": 7, "excluded_lines": 0}, "missing_lines": [1143, 1146, 1243, 1245, 1248, 1258, 1260], "excluded_lines": []}, "InstrumentProcessingService._parse_symbol_components": {"executed_lines": [1264, 1267, 1377, 1379, 1380, 1383, 1384, 1385, 1388, 1391, 1397, 1398, 1399, 1402, 1403, 1406, 1409, 1413, 1418, 1424, 1426, 1427, 1430, 1431, 1432, 1433, 1434, 1435, 1438, 1441, 1444, 1496, 1498, 1499, 1500, 1501, 1503, 1505, 1512, 1518, 1519, 1522, 1523, 1525, 1527, 1529, 1537, 1540, 1541, 1544, 1546, 1547, 1548, 1549, 1550, 1553, 1556, 1557, 1559, 1560, 1563, 1564, 1565, 1566, 1567, 1568, 1570], "summary": {"covered_lines": 67, "num_statements": 81, "percent_covered": 82.71604938271605, "percent_covered_display": "83", "missing_lines": 14, "excluded_lines": 0}, "missing_lines": [1392, 1393, 1394, 1506, 1509, 1513, 1516, 1534, 1535, 1576, 1577, 1579, 1580, 1581], "excluded_lines": []}, "InstrumentProcessingService._parse_symbol_components.remove_suffix": {"executed_lines": [1270, 1272, 1275, 1276, 1277, 1280, 1281, 1283, 1294, 1299, 1361, 1363, 1364, 1365, 1367, 1368, 1371, 1372, 1374], "summary": {"covered_lines": 19, "num_statements": 22, "percent_covered": 86.36363636363636, "percent_covered_display": "86", "missing_lines": 3, "excluded_lines": 0}, "missing_lines": [1273, 1295, 1296], "excluded_lines": []}, "InstrumentProcessingService._populate_all_derived_fields": {"executed_lines": [1594, 1595, 1598, 1600, 1601, 1602, 1605, 1612, 1615, 1617, 1621, 1626, 1627, 1635, 1636, 1646, 1647, 1667, 1671, 1682, 1683, 1687, 1688, 1689, 1690, 1691, 1692, 1695, 1696, 1702, 1703, 1706, 1735, 1736, 1737, 1741, 1744, 1745, 1747, 1749, 1750, 1751], "summary": {"covered_lines": 42, "num_statements": 54, "percent_covered": 77.77777777777777, "percent_covered_display": "78", "missing_lines": 12, "excluded_lines": 0}, "missing_lines": [1658, 1659, 1717, 1718, 1721, 1722, 1723, 1724, 1725, 1726, 1729, 1730], "excluded_lines": []}, "InstrumentProcessingService._parse_option_components": {"executed_lines": [1755, 1757, 1764, 1774, 1780, 1781, 1782, 1783, 1785, 1786, 1788, 1791, 1792, 1794, 1795, 1798, 1799, 1800, 1801, 1802, 1803, 1804, 1805, 1806, 1807, 1810, 1817, 1818, 1819, 1820, 1821, 1822, 1823, 1825], "summary": {"covered_lines": 34, "num_statements": 38, "percent_covered": 89.47368421052632, "percent_covered_display": "89", "missing_lines": 4, "excluded_lines": 0}, "missing_lines": [1831, 1833, 1834, 1835], "excluded_lines": []}, "InstrumentProcessingService._parse_deribit_date": {"executed_lines": [1839, 1842, 1843, 1844, 1846, 1861, 1862, 1864, 1869], "summary": {"covered_lines": 9, "num_statements": 11, "percent_covered": 81.81818181818181, "percent_covered_display": "82", "missing_lines": 2, "excluded_lines": 0}, "missing_lines": [1866, 1867], "excluded_lines": []}, "InstrumentProcessingService._parse_symbol_async": {"executed_lines": [], "summary": {"covered_lines": 0, "num_statements": 6, "percent_covered": 0.0, "percent_covered_display": "0", "missing_lines": 6, "excluded_lines": 0}, "missing_lines": [1873, 1874, 1875, 1876, 1877, 1878], "excluded_lines": []}, "InstrumentProcessingService._parse_expiry_from_symbol": {"executed_lines": [1882, 1885, 1911, 1913, 1914, 1915, 1916, 1919, 1921, 1922, 1923, 1924, 1927], "summary": {"covered_lines": 13, "num_statements": 17, "percent_covered": 76.47058823529412, "percent_covered_display": "76", "missing_lines": 4, "excluded_lines": 0}, "missing_lines": [1929, 1931, 1932, 1933], "excluded_lines": []}, "InstrumentProcessingService._convert_to_tardis_symbol": {"executed_lines": [1945, 1947, 1949, 1952, 1953, 1957], "summary": {"covered_lines": 6, "num_statements": 9, "percent_covered": 66.66666666666667, "percent_covered_display": "67", "missing_lines": 3, "excluded_lines": 0}, "missing_lines": [1959, 1960, 1961], "excluded_lines": []}, "InstrumentProcessingService._is_problematic_binance_instrument": {"executed_lines": [1974, 1977, 2001, 2002, 2003, 2006, 2010, 2028, 2029, 2032, 2033, 2036, 2043, 2044, 2046], "summary": {"covered_lines": 15, "num_statements": 16, "percent_covered": 93.75, "percent_covered_display": "94", "missing_lines": 1, "excluded_lines": 0}, "missing_lines": [2007], "excluded_lines": []}, "InstrumentProcessingService.cache_metadata": {"executed_lines": [2056, 2057, 2058], "summary": {"covered_lines": 3, "num_statements": 3, "percent_covered": 100.0, "percent_covered_display": "100", "missing_lines": 0, "excluded_lines": 0}, "missing_lines": [], "excluded_lines": []}, "InstrumentProcessingService.get_processing_stats": {"executed_lines": [2062], "summary": {"covered_lines": 1, "num_statements": 1, "percent_covered": 100.0, "percent_covered_display": "100", "missing_lines": 0, "excluded_lines": 0}, "missing_lines": [], "excluded_lines": []}, "InstrumentProcessingService.clear_cache": {"executed_lines": [2073, 2074, 2075, 2076], "summary": {"covered_lines": 4, "num_statements": 4, "percent_covered": 100.0, "percent_covered_display": "100", "missing_lines": 0, "excluded_lines": 0}, "missing_lines": [], "excluded_lines": []}, "InstrumentProcessingService.fetch_databento_instruments": {"executed_lines": [2094, 2096, 2097, 2099, 2100, 2103, 2111, 2112, 2113, 2114, 2115, 2120, 2121], "summary": {"covered_lines": 13, "num_statements": 22, "percent_covered": 59.09090909090909, "percent_covered_display": "59", "missing_lines": 9, "excluded_lines": 0}, "missing_lines": [2116, 2117, 2118, 2123, 2124, 2125, 2126, 2127, 2128], "excluded_lines": []}, "InstrumentProcessingService.fetch_defi_instruments": {"executed_lines": [2149, 2152, 2153, 2156, 2158, 2159, 2168, 2169, 2171, 2172, 2178, 2179, 2188, 2189, 2198, 2199, 2201, 2202, 2208, 2209, 2211, 2212, 2214, 2215, 2217, 2218, 2220, 2221, 2223, 2224, 2226, 2227, 2229, 2230, 2236, 2237, 2240, 2241, 2244, 2245, 2246, 2248, 2249, 2252, 2253, 2257, 2258, 2259, 2261, 2262, 2268, 2269, 2272, 2273, 2281, 2282, 2283, 2284, 2285, 2288, 2289, 2290, 2291, 2292, 2299, 2303, 2304, 2308, 2310, 2311, 2314, 2321, 2322, 2324, 2325, 2326, 2328, 2332, 2335, 2338, 2339, 2342, 2348, 2352, 2355, 2357, 2362, 2363, 2364, 2371, 2374, 2375, 2376, 2377, 2380, 2381, 2382, 2383, 2384, 2385, 2386, 2438, 2443, 2444, 2446, 2447, 2448], "summary": {"covered_lines": 107, "num_statements": 144, "percent_covered": 74.30555555555556, "percent_covered_display": "74", "missing_lines": 37, "excluded_lines": 0}, "missing_lines": [2161, 2162, 2181, 2182, 2191, 2192, 2264, 2265, 2296, 2387, 2388, 2392, 2393, 2400, 2401, 2402, 2403, 2404, 2408, 2411, 2412, 2413, 2414, 2415, 2416, 2419, 2420, 2423, 2424, 2425, 2431, 2439, 2440, 2441, 2449, 2450, 2451], "excluded_lines": []}, "InstrumentProcessingService.cleanup": {"executed_lines": [2456, 2460, 2461, 2464, 2465, 2468, 2469, 2471], "summary": {"covered_lines": 8, "num_statements": 9, "percent_covered": 88.88888888888889, "percent_covered_display": "89", "missing_lines": 1, "excluded_lines": 0}, "missing_lines": [2457], "excluded_lines": []}, "": {"executed_lines": [1, 21, 22, 23, 24, 25, 26, 27, 30, 31, 38, 40, 41, 43, 50, 51, 52, 54, 55, 56, 57, 58, 59, 60, 74, 75, 82, 213, 222, 236, 254, 272, 518, 542, 612, 976, 1030, 1097, 1133, 1262, 1583, 1753, 1837, 1871, 1880, 1935, 1963, 2048, 2060, 2071, 2078, 2130, 2453], "summary": {"covered_lines": 50, "num_statements": 54, "percent_covered": 92.5925925925926, "percent_covered_display": "93", "missing_lines": 4, "excluded_lines": 0}, "missing_lines": [44, 45, 46, 47], "excluded_lines": []}}, "classes": {"InstrumentProcessingConfig": {"executed_lines": [], "summary": {"covered_lines": 0, "num_statements": 0, "percent_covered": 100.0, "percent_covered_display": "100", "missing_lines": 0, "excluded_lines": 0}, "missing_lines": [], "excluded_lines": []}, "InstrumentProcessingService": {"executed_lines": [96, 97, 100, 103, 104, 105, 108, 110, 111, 114, 119, 120, 121, 123, 129, 130, 138, 139, 140, 142, 153, 154, 157, 158, 161, 162, 164, 165, 169, 170, 171, 172, 174, 175, 176, 181, 182, 184, 186, 187, 189, 191, 192, 193, 198, 199, 204, 206, 220, 228, 246, 247, 249, 252, 264, 265, 267, 270, 294, 295, 297, 301, 302, 305, 306, 307, 308, 310, 319, 321, 322, 323, 328, 330, 332, 333, 336, 337, 339, 349, 350, 351, 352, 353, 354, 355, 358, 361, 363, 364, 366, 374, 376, 378, 380, 382, 383, 384, 386, 388, 389, 390, 391, 398, 399, 401, 409, 418, 419, 420, 421, 422, 423, 424, 427, 430, 432, 433, 435, 443, 448, 451, 458, 459, 460, 463, 464, 465, 466, 467, 469, 474, 475, 476, 477, 485, 486, 487, 488, 489, 490, 491, 492, 493, 499, 501, 502, 504, 512, 528, 529, 535, 537, 540, 560, 562, 563, 567, 577, 582, 583, 584, 586, 589, 590, 591, 594, 598, 599, 602, 604, 605, 610, 628, 635, 636, 637, 639, 644, 645, 648, 649, 650, 651, 654, 655, 658, 659, 660, 661, 662, 668, 672, 673, 674, 675, 682, 689, 690, 692, 694, 697, 701, 714, 715, 716, 718, 725, 733, 735, 736, 737, 738, 745, 746, 749, 750, 751, 754, 757, 758, 759, 760, 763, 764, 765, 766, 769, 776, 787, 793, 794, 797, 801, 805, 809, 816, 817, 819, 821, 823, 824, 825, 836, 841, 842, 843, 845, 850, 851, 853, 857, 865, 866, 868, 871, 875, 876, 880, 892, 897, 898, 899, 900, 904, 909, 911, 912, 913, 916, 921, 922, 926, 928, 950, 951, 954, 961, 962, 963, 964, 974, 997, 1000, 1004, 1008, 1011, 1013, 1014, 1015, 1018, 1020, 1025, 1028, 1033, 1034, 1037, 1038, 1041, 1042, 1044, 1046, 1047, 1049, 1050, 1051, 1054, 1057, 1058, 1065, 1066, 1073, 1074, 1087, 1090, 1095, 1100, 1101, 1102, 1105, 1110, 1112, 1113, 1114, 1122, 1123, 1126, 1127, 1131, 1264, 1267, 1270, 1272, 1275, 1276, 1277, 1280, 1281, 1283, 1294, 1299, 1361, 1363, 1364, 1365, 1367, 1368, 1371, 1372, 1374, 1377, 1379, 1380, 1383, 1384, 1385, 1388, 1391, 1397, 1398, 1399, 1402, 1403, 1406, 1409, 1413, 1418, 1424, 1426, 1427, 1430, 1431, 1432, 1433, 1434, 1435, 1438, 1441, 1444, 1496, 1498, 1499, 1500, 1501, 1503, 1505, 1512, 1518, 1519, 1522, 1523, 1525, 1527, 1529, 1537, 1540, 1541, 1544, 1546, 1547, 1548, 1549, 1550, 1553, 1556, 1557, 1559, 1560, 1563, 1564, 1565, 1566, 1567, 1568, 1570, 1594, 1595, 1598, 1600, 1601, 1602, 1605, 1612, 1615, 1617, 1621, 1626, 1627, 1635, 1636, 1646, 1647, 1667, 1671, 1682, 1683, 1687, 1688, 1689, 1690, 1691, 1692, 1695, 1696, 1702, 1703, 1706, 1735, 1736, 1737, 1741, 1744, 1745, 1747, 1749, 1750, 1751, 1755, 1757, 1764, 1774, 1780, 1781, 1782, 1783, 1785, 1786, 1788, 1791, 1792, 1794, 1795, 1798, 1799, 1800, 1801, 1802, 1803, 1804, 1805, 1806, 1807, 1810, 1817, 1818, 1819, 1820, 1821, 1822, 1823, 1825, 1839, 1842, 1843, 1844, 1846, 1861, 1862, 1864, 1869, 1882, 1885, 1911, 1913, 1914, 1915, 1916, 1919, 1921, 1922, 1923, 1924, 1927, 1945, 1947, 1949, 1952, 1953, 1957, 1974, 1977, 2001, 2002, 2003, 2006, 2010, 2028, 2029, 2032, 2033, 2036, 2043, 2044, 2046, 2056, 2057, 2058, 2062, 2073, 2074, 2075, 2076, 2094, 2096, 2097, 2099, 2100, 2103, 2111, 2112, 2113, 2114, 2115, 2120, 2121, 2149, 2152, 2153, 2156, 2158, 2159, 2168, 2169, 2171, 2172, 2178, 2179, 2188, 2189, 2198, 2199, 2201, 2202, 2208, 2209, 2211, 2212, 2214, 2215, 2217, 2218, 2220, 2221, 2223, 2224, 2226, 2227, 2229, 2230, 2236, 2237, 2240, 2241, 2244, 2245, 2246, 2248, 2249, 2252, 2253, 2257, 2258, 2259, 2261, 2262, 2268, 2269, 2272, 2273, 2281, 2282, 2283, 2284, 2285, 2288, 2289, 2290, 2291, 2292, 2299, 2303, 2304, 2308, 2310, 2311, 2314, 2321, 2322, 2324, 2325, 2326, 2328, 2332, 2335, 2338, 2339, 2342, 2348, 2352, 2355, 2357, 2362, 2363, 2364, 2371, 2374, 2375, 2376, 2377, 2380, 2381, 2382, 2383, 2384, 2385, 2386, 2438, 2443, 2444, 2446, 2447, 2448, 2456, 2460, 2461, 2464, 2465, 2468, 2469, 2471], "summary": {"covered_lines": 670, "num_statements": 870, "percent_covered": 77.01149425287356, "percent_covered_display": "77", "missing_lines": 200, "excluded_lines": 0}, "missing_lines": [126, 127, 128, 194, 195, 250, 268, 298, 313, 316, 324, 327, 340, 343, 369, 370, 392, 393, 395, 402, 405, 412, 413, 414, 438, 439, 445, 446, 454, 455, 470, 471, 478, 479, 481, 496, 507, 508, 515, 516, 530, 585, 609, 663, 666, 667, 669, 677, 678, 679, 683, 686, 726, 727, 728, 731, 740, 828, 830, 831, 832, 860, 861, 872, 877, 881, 882, 885, 886, 887, 917, 918, 956, 957, 958, 1005, 1006, 1022, 1023, 1059, 1062, 1067, 1070, 1075, 1076, 1077, 1078, 1081, 1082, 1083, 1084, 1092, 1093, 1115, 1117, 1118, 1124, 1143, 1146, 1243, 1245, 1248, 1258, 1260, 1273, 1295, 1296, 1392, 1393, 1394, 1506, 1509, 1513, 1516, 1534, 1535, 1576, 1577, 1579, 1580, 1581, 1658, 1659, 1717, 1718, 1721, 1722, 1723, 1724, 1725, 1726, 1729, 1730, 1831, 1833, 1834, 1835, 1866, 1867, 1873, 1874, 1875, 1876, 1877, 1878, 1929, 1931, 1932, 1933, 1959, 1960, 1961, 2007, 2116, 2117, 2118, 2123, 2124, 2125, 2126, 2127, 2128, 2161, 2162, 2181, 2182, 2191, 2192, 2264, 2265, 2296, 2387, 2388, 2392, 2393, 2400, 2401, 2402, 2403, 2404, 2408, 2411, 2412, 2413, 2414, 2415, 2416, 2419, 2420, 2423, 2424, 2425, 2431, 2439, 2440, 2441, 2449, 2450, 2451, 2457], "excluded_lines": []}, "": {"executed_lines": [1, 21, 22, 23, 24, 25, 26, 27, 30, 31, 38, 40, 41, 43, 50, 51, 52, 54, 55, 56, 57, 58, 59, 60, 74, 75, 82, 213, 222, 236, 254, 272, 518, 542, 612, 976, 1030, 1097, 1133, 1262, 1583, 1753, 1837, 1871, 1880, 1935, 1963, 2048, 2060, 2071, 2078, 2130, 2453], "summary": {"covered_lines": 50, "num_statements": 54, "percent_covered": 92.5925925925926, "percent_covered_display": "93", "missing_lines": 4, "excluded_lines": 0}, "missing_lines": [44, 45, 46, 47], "excluded_lines": []}}}, "instruments_service/app/core/instruments_service.py": {"executed_lines": [1, 8, 9, 10, 11, 12, 14, 15, 16, 17, 18, 20, 23, 24, 31, 43, 44, 47, 52, 55, 58, 62, 65, 67, 69, 94, 95, 99, 102, 103, 106, 109, 113, 114, 115, 116, 121, 122, 125, 132, 138, 139, 140, 143, 144, 146, 147, 149, 152, 154, 157, 158, 159, 161, 164, 167, 168, 169, 170, 171, 175, 177, 182, 188, 189, 190, 196, 202, 203, 204, 210, 211, 213, 214, 218, 224, 243, 253, 255, 256, 258, 259, 265, 269, 270, 271, 280, 292, 302, 303, 304, 305, 309, 312, 313, 317, 318, 319, 339, 367, 370, 372, 376, 377, 378, 380, 381, 382, 391, 392, 393, 396, 397, 401, 402, 410, 411, 413, 416, 417, 419, 429, 442, 444, 446, 454, 456, 457, 458], "summary": {"covered_lines": 127, "num_statements": 161, "percent_covered": 78.88198757763975, "percent_covered_display": "79", "missing_lines": 34, "excluded_lines": 0}, "missing_lines": [107, 126, 127, 128, 129, 172, 178, 179, 191, 192, 193, 206, 207, 215, 244, 245, 246, 247, 248, 249, 250, 251, 274, 275, 276, 277, 281, 282, 293, 294, 307, 331, 332, 395], "excluded_lines": [], "functions": {"InstrumentsService.__init__": {"executed_lines": [43, 44, 47, 52, 55, 58, 62, 65, 67], "summary": {"covered_lines": 9, "num_statements": 9, "percent_covered": 100.0, "percent_covered_display": "100", "missing_lines": 0, "excluded_lines": 0}, "missing_lines": [], "excluded_lines": []}, "InstrumentsService.generate_instruments_for_date": {"executed_lines": [94, 95, 99, 102, 103, 106, 109, 113, 132, 138, 139, 140, 143, 144, 146, 147, 149, 152, 154, 157, 196, 202, 203, 204, 210, 211, 213, 214, 218, 224, 243, 253, 255, 256, 258, 259, 265, 269, 270, 271, 280, 292, 302, 303, 304, 305, 309, 312, 313, 317, 318, 319], "summary": {"covered_lines": 52, "num_statements": 75, "percent_covered": 69.33333333333333, "percent_covered_display": "69", "missing_lines": 23, "excluded_lines": 0}, "missing_lines": [107, 206, 207, 215, 244, 245, 246, 247, 248, 249, 250, 251, 274, 275, 276, 277, 281, 282, 293, 294, 307, 331, 332], "excluded_lines": []}, "InstrumentsService.generate_instruments_for_date.process_single_exchange": {"executed_lines": [114, 115, 116, 121, 122, 125], "summary": {"covered_lines": 6, "num_statements": 10, "percent_covered": 60.0, "percent_covered_display": "60", "missing_lines": 4, "excluded_lines": 0}, "missing_lines": [126, 127, 128, 129], "excluded_lines": []}, "InstrumentsService.generate_instruments_for_date.process_databento_exchange": {"executed_lines": [158, 159, 161, 164, 167, 168, 169, 170, 171, 175, 177, 182, 188, 189, 190], "summary": {"covered_lines": 15, "num_statements": 21, "percent_covered": 71.42857142857143, "percent_covered_display": "71", "missing_lines": 6, "excluded_lines": 0}, "missing_lines": [172, 178, 179, 191, 192, 193], "excluded_lines": []}, "InstrumentsService.generate_instruments_date_range": {"executed_lines": [367, 370, 372, 376, 377, 378, 380, 381, 382, 391, 392, 393, 396, 397, 401, 402, 410, 411, 413, 416, 417, 419], "summary": {"covered_lines": 22, "num_statements": 23, "percent_covered": 95.65217391304348, "percent_covered_display": "96", "missing_lines": 1, "excluded_lines": 0}, "missing_lines": [395], "excluded_lines": []}, "InstrumentsService.query_instruments": {"executed_lines": [442], "summary": {"covered_lines": 1, "num_statements": 1, "percent_covered": 100.0, "percent_covered_display": "100", "missing_lines": 0, "excluded_lines": 0}, "missing_lines": [], "excluded_lines": []}, "InstrumentsService.get_processing_stats": {"executed_lines": [446], "summary": {"covered_lines": 1, "num_statements": 1, "percent_covered": 100.0, "percent_covered_display": "100", "missing_lines": 0, "excluded_lines": 0}, "missing_lines": [], "excluded_lines": []}, "InstrumentsService.cleanup": {"executed_lines": [456, 457, 458], "summary": {"covered_lines": 3, "num_statements": 3, "percent_covered": 100.0, "percent_covered_display": "100", "missing_lines": 0, "excluded_lines": 0}, "missing_lines": [], "excluded_lines": []}, "": {"executed_lines": [1, 8, 9, 10, 11, 12, 14, 15, 16, 17, 18, 20, 23, 24, 31, 69, 339, 429, 444, 454], "summary": {"covered_lines": 18, "num_statements": 18, "percent_covered": 100.0, "percent_covered_display": "100", "missing_lines": 0, "excluded_lines": 0}, "missing_lines": [], "excluded_lines": []}}, "classes": {"InstrumentsService": {"executed_lines": [43, 44, 47, 52, 55, 58, 62, 65, 67, 94, 95, 99, 102, 103, 106, 109, 113, 114, 115, 116, 121, 122, 125, 132, 138, 139, 140, 143, 144, 146, 147, 149, 152, 154, 157, 158, 159, 161, 164, 167, 168, 169, 170, 171, 175, 177, 182, 188, 189, 190, 196, 202, 203, 204, 210, 211, 213, 214, 218, 224, 243, 253, 255, 256, 258, 259, 265, 269, 270, 271, 280, 292, 302, 303, 304, 305, 309, 312, 313, 317, 318, 319, 367, 370, 372, 376, 377, 378, 380, 381, 382, 391, 392, 393, 396, 397, 401, 402, 410, 411, 413, 416, 417, 419, 442, 446, 456, 457, 458], "summary": {"covered_lines": 109, "num_statements": 143, "percent_covered": 76.22377622377623, "percent_covered_display": "76", "missing_lines": 34, "excluded_lines": 0}, "missing_lines": [107, 126, 127, 128, 129, 172, 178, 179, 191, 192, 193, 206, 207, 215, 244, 245, 246, 247, 248, 249, 250, 251, 274, 275, 276, 277, 281, 282, 293, 294, 307, 331, 332, 395], "excluded_lines": []}, "": {"executed_lines": [1, 8, 9, 10, 11, 12, 14, 15, 16, 17, 18, 20, 23, 24, 31, 69, 339, 429, 444, 454], "summary": {"covered_lines": 18, "num_statements": 18, "percent_covered": 100.0, "percent_covered_display": "100", "missing_lines": 0, "excluded_lines": 0}, "missing_lines": [], "excluded_lines": []}}}, "instruments_service/app/core/subgraph_service.py": {"executed_lines": [1, 15, 16, 17, 19, 22, 23, 26, 27, 36, 43, 46, 47, 51, 74, 76, 90, 93, 94, 95, 98, 99, 100, 101, 102, 103, 104, 109, 110, 112, 113, 114, 115, 116, 117, 118, 119, 121, 122, 124, 138, 139, 144, 145, 148, 149, 150, 153, 155, 161, 162, 163, 164, 168, 174, 197, 198, 200, 201, 202, 204, 206, 207, 208, 210, 211, 213, 219, 221, 222, 223, 226, 227, 229, 237, 242, 244, 247, 248, 249, 250, 252, 253, 254], "summary": {"covered_lines": 82, "num_statements": 95, "percent_covered": 86.3157894736842, "percent_covered_display": "86", "missing_lines": 13, "excluded_lines": 0}, "missing_lines": [105, 106, 166, 169, 170, 215, 216, 217, 224, 238, 239, 240, 241], "excluded_lines": [], "functions": {"SubgraphService.__init__": {"executed_lines": [43, 46, 47, 51, 74], "summary": {"covered_lines": 5, "num_statements": 5, "percent_covered": 100.0, "percent_covered_display": "100", "missing_lines": 0, "excluded_lines": 0}, "missing_lines": [], "excluded_lines": []}, "SubgraphService.get_subgraph_url": {"executed_lines": [90, 93, 94, 95, 98, 99, 100, 101, 102, 103, 104, 109, 110, 112, 113, 114, 115, 116, 117, 118, 119, 121, 122], "summary": {"covered_lines": 23, "num_statements": 25, "percent_covered": 92.0, "percent_covered_display": "92", "missing_lines": 2, "excluded_lines": 0}, "missing_lines": [105, 106], "excluded_lines": []}, "SubgraphService._resolve_via_context7": {"executed_lines": [138, 139, 144, 145, 148, 149, 150, 153, 155, 161, 162, 163, 164, 168, 174, 197, 198, 200, 201, 202, 204, 206, 207, 208, 210, 211, 213], "summary": {"covered_lines": 27, "num_statements": 33, "percent_covered": 81.81818181818181, "percent_covered_display": "82", "missing_lines": 6, "excluded_lines": 0}, "missing_lines": [166, 169, 170, 215, 216, 217], "excluded_lines": []}, "SubgraphService._is_cache_valid": {"executed_lines": [221, 222, 223, 226, 227], "summary": {"covered_lines": 5, "num_statements": 6, "percent_covered": 83.33333333333333, "percent_covered_display": "83", "missing_lines": 1, "excluded_lines": 0}, "missing_lines": [224], "excluded_lines": []}, "SubgraphService.clear_cache": {"executed_lines": [237, 242, 244, 247, 248, 249, 250, 252, 253, 254], "summary": {"covered_lines": 10, "num_statements": 14, "percent_covered": 71.42857142857143, "percent_covered_display": "71", "missing_lines": 4, "excluded_lines": 0}, "missing_lines": [238, 239, 240, 241], "excluded_lines": []}, "": {"executed_lines": [1, 15, 16, 17, 19, 22, 23, 26, 27, 36, 76, 124, 219, 229], "summary": {"covered_lines": 12, "num_statements": 12, "percent_covered": 100.0, "percent_covered_display": "100", "missing_lines": 0, "excluded_lines": 0}, "missing_lines": [], "excluded_lines": []}}, "classes": {"SubgraphService": {"executed_lines": [43, 46, 47, 51, 74, 90, 93, 94, 95, 98, 99, 100, 101, 102, 103, 104, 109, 110, 112, 113, 114, 115, 116, 117, 118, 119, 121, 122, 138, 139, 144, 145, 148, 149, 150, 153, 155, 161, 162, 163, 164, 168, 174, 197, 198, 200, 201, 202, 204, 206, 207, 208, 210, 211, 213, 221, 222, 223, 226, 227, 237, 242, 244, 247, 248, 249, 250, 252, 253, 254], "summary": {"covered_lines": 70, "num_statements": 83, "percent_covered": 84.33734939759036, "percent_covered_display": "84", "missing_lines": 13, "excluded_lines": 0}, "missing_lines": [105, 106, 166, 169, 170, 215, 216, 217, 224, 238, 239, 240, 241], "excluded_lines": []}, "": {"executed_lines": [1, 15, 16, 17, 19, 22, 23, 26, 27, 36, 76, 124, 219, 229], "summary": {"covered_lines": 12, "num_statements": 12, "percent_covered": 100.0, "percent_covered_display": "100", "missing_lines": 0, "excluded_lines": 0}, "missing_lines": [], "excluded_lines": []}}}, "instruments_service/app/venues/__init__.py": {"executed_lines": [1, 12, 13, 14, 22], "summary": {"covered_lines": 4, "num_statements": 4, "percent_covered": 100.0, "percent_covered_display": "100", "missing_lines": 0, "excluded_lines": 0}, "missing_lines": [], "excluded_lines": [], "functions": {"": {"executed_lines": [1, 12, 13, 14, 22], "summary": {"covered_lines": 4, "num_statements": 4, "percent_covered": 100.0, "percent_covered_display": "100", "missing_lines": 0, "excluded_lines": 0}, "missing_lines": [], "excluded_lines": []}}, "classes": {"": {"executed_lines": [1, 12, 13, 14, 22], "summary": {"covered_lines": 4, "num_statements": 4, "percent_covered": 100.0, "percent_covered_display": "100", "missing_lines": 0, "excluded_lines": 0}, "missing_lines": [], "excluded_lines": []}}}, "instruments_service/app/venues/databento/__init__.py": {"executed_lines": [1, 8, 13], "summary": {"covered_lines": 2, "num_statements": 2, "percent_covered": 100.0, "percent_covered_display": "100", "missing_lines": 0, "excluded_lines": 0}, "missing_lines": [], "excluded_lines": [], "functions": {"": {"executed_lines": [1, 8, 13], "summary": {"covered_lines": 2, "num_statements": 2, "percent_covered": 100.0, "percent_covered_display": "100", "missing_lines": 0, "excluded_lines": 0}, "missing_lines": [], "excluded_lines": []}}, "classes": {"": {"executed_lines": [1, 8, 13], "summary": {"covered_lines": 2, "num_statements": 2, "percent_covered": 100.0, "percent_covered_display": "100", "missing_lines": 0, "excluded_lines": 0}, "missing_lines": [], "excluded_lines": []}}}, "instruments_service/app/venues/databento/databento_adapter.py": {"executed_lines": [1, 17, 18, 19, 20, 21, 22, 24, 25, 27, 32, 41, 42, 43, 46, 49, 50, 51, 52, 55, 56, 66, 79, 80, 85, 86, 87, 90, 93, 94, 95, 97, 98, 100, 106, 107, 117, 124, 127, 128, 129, 132, 133, 134, 136, 159, 160, 161, 162, 164, 167, 168, 171, 174, 179, 184, 185, 186, 190, 191, 193, 195, 197, 198, 199, 200, 201, 202, 218, 223, 224, 228, 230, 241, 243, 253, 254, 257, 258, 259, 260, 272, 273, 276, 277, 278, 279, 287, 290, 298, 300, 317, 318, 319, 320, 323, 326, 329, 334, 335, 341, 343, 381, 404, 414, 419, 420, 422, 437, 441, 442, 445, 447, 451, 453, 455, 470, 492, 496, 497, 499, 500, 501, 502, 503, 504, 511, 512, 513, 521, 522, 524, 525, 528, 530, 540, 542, 546, 547, 552, 554, 720, 745, 749, 752, 753, 757, 761, 762, 764, 765, 767, 768, 773, 774, 775, 776, 794, 799, 806, 810, 812, 820, 829, 834, 836, 839, 845, 850, 856, 857, 858, 859, 860, 862, 864, 865, 872, 873, 874, 880, 881, 882, 883, 889, 897, 898, 899, 900, 901, 902, 905, 906, 907, 917, 918, 928, 930, 931, 933, 935, 936, 940, 952, 955, 956, 972, 976, 977, 979, 1081, 1082, 1095, 1097, 1098, 1108, 1111, 1112, 1120, 1194, 1195, 1204, 1205, 1209, 1210, 1213, 1216, 1217, 1219, 1225, 1226, 1233, 1235, 1236, 1243, 1244, 1253, 1254, 1255, 1259, 1321, 1330, 1335, 1336, 1337, 1338, 1339, 1340, 1348, 1362, 1363, 1364, 1369, 1413, 1423, 1428, 1429, 1431, 1448, 1449, 1457, 1460, 1464, 1469, 1487, 1489, 1499, 1500, 1502, 1503, 1507, 1510, 1511, 1515, 1516, 1519, 1520, 1521, 1522, 1533, 1534, 1538, 1539, 1542, 1543, 1548, 1552, 1558, 1559, 1562, 1563, 1566, 1567, 1570, 1575, 1576, 1577, 1578, 1579, 1583, 1596, 1606, 1620, 1625, 1627, 1631, 1635, 1636, 1639], "summary": {"covered_lines": 307, "num_statements": 636, "percent_covered": 48.270440251572325, "percent_covered_display": "48", "missing_lines": 329, "excluded_lines": 0}, "missing_lines": [28, 29, 30, 110, 111, 112, 113, 114, 115, 118, 172, 205, 206, 207, 209, 210, 211, 212, 213, 214, 219, 220, 244, 247, 261, 292, 293, 296, 337, 338, 339, 340, 402, 438, 446, 448, 468, 507, 518, 519, 535, 548, 549, 550, 573, 577, 578, 580, 581, 582, 585, 586, 587, 588, 589, 591, 599, 608, 611, 612, 614, 615, 616, 619, 620, 621, 622, 623, 624, 625, 628, 629, 630, 631, 632, 633, 635, 636, 638, 639, 641, 642, 643, 644, 647, 649, 650, 652, 653, 654, 655, 656, 658, 659, 660, 661, 662, 663, 665, 666, 667, 668, 669, 670, 671, 672, 675, 676, 677, 678, 679, 680, 682, 683, 685, 686, 688, 689, 690, 691, 694, 695, 696, 697, 698, 699, 700, 702, 703, 704, 706, 709, 711, 712, 713, 718, 746, 747, 759, 777, 778, 779, 780, 781, 782, 783, 784, 786, 795, 800, 816, 817, 818, 819, 822, 823, 824, 825, 833, 852, 866, 867, 868, 869, 885, 890, 891, 892, 893, 894, 941, 946, 957, 958, 959, 962, 963, 966, 967, 969, 987, 988, 992, 993, 994, 1000, 1003, 1005, 1006, 1011, 1012, 1013, 1017, 1018, 1022, 1025, 1027, 1028, 1029, 1030, 1031, 1032, 1033, 1034, 1035, 1042, 1047, 1048, 1049, 1050, 1051, 1052, 1053, 1054, 1055, 1060, 1065, 1068, 1069, 1074, 1084, 1088, 1099, 1100, 1101, 1102, 1103, 1104, 1105, 1113, 1124, 1126, 1132, 1137, 1146, 1147, 1148, 1149, 1150, 1154, 1155, 1156, 1157, 1164, 1165, 1168, 1169, 1172, 1173, 1174, 1175, 1176, 1177, 1179, 1181, 1182, 1183, 1184, 1191, 1196, 1197, 1198, 1199, 1200, 1229, 1232, 1238, 1239, 1240, 1261, 1268, 1269, 1270, 1271, 1272, 1273, 1274, 1276, 1278, 1282, 1283, 1289, 1291, 1298, 1299, 1303, 1305, 1312, 1318, 1322, 1323, 1324, 1341, 1342, 1343, 1344, 1349, 1350, 1351, 1353, 1354, 1357, 1358, 1365, 1367, 1450, 1452, 1453, 1454, 1455, 1461, 1465, 1490, 1504, 1580, 1584, 1585, 1587, 1588, 1590, 1591, 1592, 1593, 1594, 1628, 1637, 1642, 1643, 1652], "excluded_lines": [], "functions": {"clear_databento_cache": {"executed_lines": [49, 50, 51, 52], "summary": {"covered_lines": 4, "num_statements": 4, "percent_covered": 100.0, "percent_covered_display": "100", "missing_lines": 0, "excluded_lines": 0}, "missing_lines": [], "excluded_lines": []}, "DatabentoAdapter.__init__": {"executed_lines": [79, 80, 85, 86, 87, 90, 93, 94, 95, 97, 98, 100, 106, 107, 117, 124, 127, 128, 129, 132, 133, 134], "summary": {"covered_lines": 22, "num_statements": 29, "percent_covered": 75.86206896551724, "percent_covered_display": "76", "missing_lines": 7, "excluded_lines": 0}, "missing_lines": [110, 111, 112, 113, 114, 115, 118], "excluded_lines": []}, "DatabentoAdapter.fetch_instrument_definitions": {"executed_lines": [159, 160, 161, 162, 164, 167, 168, 171, 174, 179, 184, 185, 186, 190, 191, 193, 195, 197, 198, 199, 200, 201, 202, 218, 223, 224, 228, 230, 241, 243, 253, 254, 257, 258, 259, 260, 272, 273, 276, 277, 278, 279, 287, 290, 298], "summary": {"covered_lines": 45, "num_statements": 63, "percent_covered": 71.42857142857143, "percent_covered_display": "71", "missing_lines": 18, "excluded_lines": 0}, "missing_lines": [172, 205, 206, 207, 209, 210, 211, 212, 213, 214, 219, 220, 244, 247, 261, 292, 293, 296], "excluded_lines": []}, "DatabentoAdapter.create_vix_instrument_definition": {"executed_lines": [317, 318, 319, 320, 323, 326, 329, 334, 335, 341, 343], "summary": {"covered_lines": 11, "num_statements": 15, "percent_covered": 73.33333333333333, "percent_covered_display": "73", "missing_lines": 4, "excluded_lines": 0}, "missing_lines": [337, 338, 339, 340], "excluded_lines": []}, "DatabentoAdapter._get_exchange_expiry_time": {"executed_lines": [], "summary": {"covered_lines": 0, "num_statements": 1, "percent_covered": 0.0, "percent_covered_display": "0", "missing_lines": 1, "excluded_lines": 0}, "missing_lines": [402], "excluded_lines": []}, "DatabentoAdapter._get_dataset_for_exchange": {"executed_lines": [414, 419, 420], "summary": {"covered_lines": 3, "num_statements": 3, "percent_covered": 100.0, "percent_covered_display": "100", "missing_lines": 0, "excluded_lines": 0}, "missing_lines": [], "excluded_lines": []}, "DatabentoAdapter._get_query_date_for_databento": {"executed_lines": [437, 441, 442, 445, 447, 451, 453], "summary": {"covered_lines": 7, "num_statements": 10, "percent_covered": 70.0, "percent_covered_display": "70", "missing_lines": 3, "excluded_lines": 0}, "missing_lines": [438, 446, 448], "excluded_lines": []}, "DatabentoAdapter._filter_symbols": {"executed_lines": [], "summary": {"covered_lines": 0, "num_statements": 1, "percent_covered": 0.0, "percent_covered_display": "0", "missing_lines": 1, "excluded_lines": 0}, "missing_lines": [468], "excluded_lines": []}, "DatabentoAdapter._process_databento_dataframe": {"executed_lines": [492, 496, 497, 499, 500, 501, 502, 503, 504, 511, 512, 513, 521, 522, 524, 525, 528, 530, 540, 542, 546, 547, 552], "summary": {"covered_lines": 23, "num_statements": 30, "percent_covered": 76.66666666666667, "percent_covered_display": "77", "missing_lines": 7, "excluded_lines": 0}, "missing_lines": [507, 518, 519, 535, 548, 549, 550], "excluded_lines": []}, "DatabentoAdapter._resolve_instrument_id_to_raw_symbol": {"executed_lines": [], "summary": {"covered_lines": 0, "num_statements": 92, "percent_covered": 0.0, "percent_covered_display": "0", "missing_lines": 92, "excluded_lines": 0}, "missing_lines": [573, 577, 578, 580, 581, 582, 585, 586, 587, 588, 589, 591, 599, 608, 611, 612, 614, 615, 616, 619, 620, 621, 622, 623, 624, 625, 628, 629, 630, 631, 632, 633, 635, 636, 638, 639, 641, 642, 643, 644, 647, 649, 650, 652, 653, 654, 655, 656, 658, 659, 660, 661, 662, 663, 665, 666, 667, 668, 669, 670, 671, 672, 675, 676, 677, 678, 679, 680, 682, 683, 685, 686, 688, 689, 690, 691, 694, 695, 696, 697, 698, 699, 700, 702, 703, 704, 706, 709, 711, 712, 713, 718], "excluded_lines": []}, "DatabentoAdapter._convert_to_instrument_definition": {"executed_lines": [745, 749, 752, 753, 757, 761, 762, 764, 765, 767, 768, 773, 774, 775, 776, 794, 799, 806, 810, 812, 820, 829, 834, 836, 839, 845, 850, 856, 857, 858, 859, 860, 862, 864, 865, 872, 873, 874, 880, 881, 882, 883, 889, 897, 898, 899, 900, 901, 902, 905, 906, 907, 917, 918, 928, 930, 931, 933, 935, 936, 940, 952, 955, 956, 972, 976, 977, 979, 1081, 1082, 1095, 1097, 1098, 1108, 1111, 1112, 1120, 1194, 1195, 1204, 1205, 1209, 1210, 1213, 1216, 1217, 1219, 1225, 1226, 1233, 1235, 1236, 1243, 1244, 1253, 1254, 1255, 1259, 1321, 1330, 1335, 1336, 1337, 1338, 1339, 1340, 1348, 1362, 1363, 1364, 1369], "summary": {"covered_lines": 111, "num_statements": 280, "percent_covered": 39.642857142857146, "percent_covered_display": "40", "missing_lines": 169, "excluded_lines": 0}, "missing_lines": [746, 747, 759, 777, 778, 779, 780, 781, 782, 783, 784, 786, 795, 800, 816, 817, 818, 819, 822, 823, 824, 825, 833, 852, 866, 867, 868, 869, 885, 890, 891, 892, 893, 894, 941, 946, 957, 958, 959, 962, 963, 966, 967, 969, 987, 988, 992, 993, 994, 1000, 1003, 1005, 1006, 1011, 1012, 1013, 1017, 1018, 1022, 1025, 1027, 1028, 1029, 1030, 1031, 1032, 1033, 1034, 1035, 1042, 1047, 1048, 1049, 1050, 1051, 1052, 1053, 1054, 1055, 1060, 1065, 1068, 1069, 1074, 1084, 1088, 1099, 1100, 1101, 1102, 1103, 1104, 1105, 1113, 1124, 1126, 1132, 1137, 1146, 1147, 1148, 1149, 1150, 1154, 1155, 1156, 1157, 1164, 1165, 1168, 1169, 1172, 1173, 1174, 1175, 1176, 1177, 1179, 1181, 1182, 1183, 1184, 1191, 1196, 1197, 1198, 1199, 1200, 1229, 1232, 1238, 1239, 1240, 1261, 1268, 1269, 1270, 1271, 1272, 1273, 1274, 1276, 1278, 1282, 1283, 1289, 1291, 1298, 1299, 1303, 1305, 1312, 1318, 1322, 1323, 1324, 1341, 1342, 1343, 1344, 1349, 1350, 1351, 1353, 1354, 1357, 1358, 1365, 1367], "excluded_lines": []}, "DatabentoAdapter._normalize_venue": {"executed_lines": [1423, 1428, 1429], "summary": {"covered_lines": 3, "num_statements": 3, "percent_covered": 100.0, "percent_covered_display": "100", "missing_lines": 0, "excluded_lines": 0}, "missing_lines": [], "excluded_lines": []}, "DatabentoAdapter._get_exchange_trading_hours": {"executed_lines": [1448, 1449, 1457, 1460, 1464, 1469, 1487, 1489, 1499, 1500, 1502, 1503, 1507, 1510, 1511, 1515, 1516, 1519, 1520, 1521, 1522, 1533, 1534, 1538, 1539, 1542, 1543, 1548, 1552, 1558, 1559, 1562, 1563, 1566, 1567, 1570, 1575, 1576, 1577, 1578, 1579, 1583, 1596], "summary": {"covered_lines": 43, "num_statements": 62, "percent_covered": 69.35483870967742, "percent_covered_display": "69", "missing_lines": 19, "excluded_lines": 0}, "missing_lines": [1450, 1452, 1453, 1454, 1455, 1461, 1465, 1490, 1504, 1580, 1584, 1585, 1587, 1588, 1590, 1591, 1592, 1593, 1594], "excluded_lines": []}, "DatabentoAdapter._is_trading_holiday": {"executed_lines": [1620, 1625, 1627, 1631, 1635, 1636, 1639], "summary": {"covered_lines": 7, "num_statements": 12, "percent_covered": 58.333333333333336, "percent_covered_display": "58", "missing_lines": 5, "excluded_lines": 0}, "missing_lines": [1628, 1637, 1642, 1643, 1652], "excluded_lines": []}, "": {"executed_lines": [1, 17, 18, 19, 20, 21, 22, 24, 25, 27, 32, 41, 42, 43, 46, 55, 56, 66, 136, 300, 381, 404, 422, 455, 470, 554, 720, 1413, 1431, 1606], "summary": {"covered_lines": 28, "num_statements": 31, "percent_covered": 90.3225806451613, "percent_covered_display": "90", "missing_lines": 3, "excluded_lines": 0}, "missing_lines": [28, 29, 30], "excluded_lines": []}}, "classes": {"DatabentoAdapter": {"executed_lines": [79, 80, 85, 86, 87, 90, 93, 94, 95, 97, 98, 100, 106, 107, 117, 124, 127, 128, 129, 132, 133, 134, 159, 160, 161, 162, 164, 167, 168, 171, 174, 179, 184, 185, 186, 190, 191, 193, 195, 197, 198, 199, 200, 201, 202, 218, 223, 224, 228, 230, 241, 243, 253, 254, 257, 258, 259, 260, 272, 273, 276, 277, 278, 279, 287, 290, 298, 317, 318, 319, 320, 323, 326, 329, 334, 335, 341, 343, 414, 419, 420, 437, 441, 442, 445, 447, 451, 453, 492, 496, 497, 499, 500, 501, 502, 503, 504, 511, 512, 513, 521, 522, 524, 525, 528, 530, 540, 542, 546, 547, 552, 745, 749, 752, 753, 757, 761, 762, 764, 765, 767, 768, 773, 774, 775, 776, 794, 799, 806, 810, 812, 820, 829, 834, 836, 839, 845, 850, 856, 857, 858, 859, 860, 862, 864, 865, 872, 873, 874, 880, 881, 882, 883, 889, 897, 898, 899, 900, 901, 902, 905, 906, 907, 917, 918, 928, 930, 931, 933, 935, 936, 940, 952, 955, 956, 972, 976, 977, 979, 1081, 1082, 1095, 1097, 1098, 1108, 1111, 1112, 1120, 1194, 1195, 1204, 1205, 1209, 1210, 1213, 1216, 1217, 1219, 1225, 1226, 1233, 1235, 1236, 1243, 1244, 1253, 1254, 1255, 1259, 1321, 1330, 1335, 1336, 1337, 1338, 1339, 1340, 1348, 1362, 1363, 1364, 1369, 1423, 1428, 1429, 1448, 1449, 1457, 1460, 1464, 1469, 1487, 1489, 1499, 1500, 1502, 1503, 1507, 1510, 1511, 1515, 1516, 1519, 1520, 1521, 1522, 1533, 1534, 1538, 1539, 1542, 1543, 1548, 1552, 1558, 1559, 1562, 1563, 1566, 1567, 1570, 1575, 1576, 1577, 1578, 1579, 1583, 1596, 1620, 1625, 1627, 1631, 1635, 1636, 1639], "summary": {"covered_lines": 275, "num_statements": 601, "percent_covered": 45.75707154742096, "percent_covered_display": "46", "missing_lines": 326, "excluded_lines": 0}, "missing_lines": [110, 111, 112, 113, 114, 115, 118, 172, 205, 206, 207, 209, 210, 211, 212, 213, 214, 219, 220, 244, 247, 261, 292, 293, 296, 337, 338, 339, 340, 402, 438, 446, 448, 468, 507, 518, 519, 535, 548, 549, 550, 573, 577, 578, 580, 581, 582, 585, 586, 587, 588, 589, 591, 599, 608, 611, 612, 614, 615, 616, 619, 620, 621, 622, 623, 624, 625, 628, 629, 630, 631, 632, 633, 635, 636, 638, 639, 641, 642, 643, 644, 647, 649, 650, 652, 653, 654, 655, 656, 658, 659, 660, 661, 662, 663, 665, 666, 667, 668, 669, 670, 671, 672, 675, 676, 677, 678, 679, 680, 682, 683, 685, 686, 688, 689, 690, 691, 694, 695, 696, 697, 698, 699, 700, 702, 703, 704, 706, 709, 711, 712, 713, 718, 746, 747, 759, 777, 778, 779, 780, 781, 782, 783, 784, 786, 795, 800, 816, 817, 818, 819, 822, 823, 824, 825, 833, 852, 866, 867, 868, 869, 885, 890, 891, 892, 893, 894, 941, 946, 957, 958, 959, 962, 963, 966, 967, 969, 987, 988, 992, 993, 994, 1000, 1003, 1005, 1006, 1011, 1012, 1013, 1017, 1018, 1022, 1025, 1027, 1028, 1029, 1030, 1031, 1032, 1033, 1034, 1035, 1042, 1047, 1048, 1049, 1050, 1051, 1052, 1053, 1054, 1055, 1060, 1065, 1068, 1069, 1074, 1084, 1088, 1099, 1100, 1101, 1102, 1103, 1104, 1105, 1113, 1124, 1126, 1132, 1137, 1146, 1147, 1148, 1149, 1150, 1154, 1155, 1156, 1157, 1164, 1165, 1168, 1169, 1172, 1173, 1174, 1175, 1176, 1177, 1179, 1181, 1182, 1183, 1184, 1191, 1196, 1197, 1198, 1199, 1200, 1229, 1232, 1238, 1239, 1240, 1261, 1268, 1269, 1270, 1271, 1272, 1273, 1274, 1276, 1278, 1282, 1283, 1289, 1291, 1298, 1299, 1303, 1305, 1312, 1318, 1322, 1323, 1324, 1341, 1342, 1343, 1344, 1349, 1350, 1351, 1353, 1354, 1357, 1358, 1365, 1367, 1450, 1452, 1453, 1454, 1455, 1461, 1465, 1490, 1504, 1580, 1584, 1585, 1587, 1588, 1590, 1591, 1592, 1593, 1594, 1628, 1637, 1642, 1643, 1652], "excluded_lines": []}, "": {"executed_lines": [1, 17, 18, 19, 20, 21, 22, 24, 25, 27, 32, 41, 42, 43, 46, 49, 50, 51, 52, 55, 56, 66, 136, 300, 381, 404, 422, 455, 470, 554, 720, 1413, 1431, 1606], "summary": {"covered_lines": 32, "num_statements": 35, "percent_covered": 91.42857142857143, "percent_covered_display": "91", "missing_lines": 3, "excluded_lines": 0}, "missing_lines": [28, 29, 30], "excluded_lines": []}}}, "instruments_service/app/venues/defi/__init__.py": {"executed_lines": [1, 18, 19, 20, 21, 22, 23, 24, 25, 27], "summary": {"covered_lines": 9, "num_statements": 9, "percent_covered": 100.0, "percent_covered_display": "100", "missing_lines": 0, "excluded_lines": 0}, "missing_lines": [], "excluded_lines": [], "functions": {"": {"executed_lines": [1, 18, 19, 20, 21, 22, 23, 24, 25, 27], "summary": {"covered_lines": 9, "num_statements": 9, "percent_covered": 100.0, "percent_covered_display": "100", "missing_lines": 0, "excluded_lines": 0}, "missing_lines": [], "excluded_lines": []}}, "classes": {"": {"executed_lines": [1, 18, 19, 20, 21, 22, 23, 24, 25, 27], "summary": {"covered_lines": 9, "num_statements": 9, "percent_covered": 100.0, "percent_covered_display": "100", "missing_lines": 0, "excluded_lines": 0}, "missing_lines": [], "excluded_lines": []}}}, "instruments_service/app/venues/defi/aave_adapter.py": {"executed_lines": [1, 10, 11, 12, 13, 15, 17, 20, 21, 33, 76, 95, 99, 102, 105, 108, 109, 110, 112, 114, 120, 121, 131, 135, 136, 153, 154, 155, 157, 162, 163, 169, 173, 176, 177, 180, 184, 185, 188, 192, 193, 195, 197, 208, 210, 212, 214, 215, 217, 218, 219, 222, 225, 226, 232, 233, 239, 272, 290, 291, 296, 297, 300, 301, 304, 305, 310, 322, 323, 327, 328, 330, 331, 334, 337, 338, 339, 341, 344, 345, 346, 347, 348, 361, 364, 365, 366, 367, 368, 369, 370, 372, 378, 379, 381, 394, 409, 410, 413, 417, 418, 419, 420, 423, 424, 429, 430, 438, 439, 442, 443, 455, 457, 458, 461, 464, 470, 471, 472, 473, 474, 477, 488, 489, 490, 491, 492, 495, 506, 507, 509, 513, 525, 526, 527, 529, 534, 535, 536, 538, 547, 727, 740, 743, 747, 749, 750, 759, 760, 775, 787, 793, 796, 798, 828, 830, 832, 834, 835, 841, 843, 844, 845, 847, 848, 856, 862, 911, 912, 918, 919, 920, 921, 976, 984, 995, 997, 1005, 1016, 1018, 1054, 1068, 1069, 1070, 1071, 1074, 1446, 1461, 1462, 1465, 1466, 1467, 1468, 1472, 1473, 1485, 1489, 1492, 1493, 1498, 1501, 1583, 1618, 1619, 1620, 1622, 1844, 2044, 2062, 2063, 2067, 2070, 2071, 2072, 2073, 2075, 2082, 2083, 2084, 2085, 2088, 2098, 2106, 2116, 2123, 2133, 2140, 2149, 2156, 2157, 2159, 2162, 2163, 2172, 2173, 2175, 2179, 2182, 2185, 2188, 2190, 2192, 2193, 2203, 2204, 2205, 2207, 2212, 2213, 2219, 2220, 2221, 2226, 2234, 2235, 2236, 2237, 2240, 2241, 2242, 2243, 2244, 2245, 2247, 2249, 2253, 2255, 2256, 2257, 2258, 2259, 2260, 2262, 2266, 2277, 2280, 2281, 2286, 2289, 2292, 2295, 2300, 2336, 2341, 2342, 2345, 2348, 2353, 2354, 2355, 2358, 2359, 2360, 2361, 2362, 2363, 2364, 2365, 2366, 2367, 2370, 2371, 2372, 2373, 2374, 2375, 2376, 2377, 2381, 2382, 2383, 2384, 2386, 2407, 2422, 2423, 2424, 2428, 2430, 2434, 2435, 2436, 2439, 2441, 2475, 2490, 2491, 2492, 2496, 2498, 2502, 2503, 2504, 2507, 2509], "summary": {"covered_lines": 333, "num_statements": 876, "percent_covered": 38.013698630136986, "percent_covered_display": "38", "missing_lines": 543, "excluded_lines": 0}, "missing_lines": [124, 125, 126, 127, 128, 129, 132, 138, 139, 143, 144, 145, 146, 147, 164, 165, 228, 229, 230, 235, 236, 237, 250, 269, 270, 292, 293, 306, 307, 317, 349, 351, 352, 353, 354, 355, 356, 357, 383, 384, 386, 389, 390, 392, 414, 425, 426, 431, 435, 444, 446, 451, 452, 453, 517, 520, 521, 522, 540, 541, 543, 544, 545, 560, 561, 564, 565, 566, 569, 570, 571, 573, 578, 579, 580, 582, 583, 584, 586, 588, 590, 591, 592, 595, 598, 698, 703, 707, 708, 709, 711, 718, 721, 723, 724, 725, 744, 745, 751, 755, 756, 762, 763, 767, 768, 769, 770, 771, 772, 776, 778, 783, 784, 785, 788, 790, 791, 863, 867, 895, 901, 902, 903, 904, 906, 907, 908, 909, 923, 925, 926, 927, 928, 930, 933, 934, 936, 937, 958, 960, 963, 965, 966, 971, 972, 973, 1025, 1026, 1028, 1029, 1031, 1032, 1034, 1035, 1037, 1040, 1041, 1042, 1044, 1046, 1047, 1048, 1050, 1051, 1052, 1076, 1077, 1078, 1080, 1082, 1083, 1085, 1086, 1090, 1091, 1092, 1093, 1096, 1097, 1100, 1101, 1103, 1108, 1109, 1110, 1112, 1113, 1114, 1116, 1120, 1123, 1124, 1125, 1126, 1127, 1128, 1129, 1130, 1133, 1134, 1164, 1194, 1196, 1198, 1199, 1205, 1207, 1208, 1209, 1211, 1212, 1220, 1226, 1227, 1231, 1232, 1260, 1265, 1293, 1295, 1301, 1302, 1303, 1304, 1305, 1307, 1308, 1313, 1314, 1315, 1316, 1317, 1319, 1321, 1322, 1323, 1325, 1326, 1327, 1330, 1331, 1333, 1334, 1340, 1341, 1347, 1348, 1354, 1355, 1361, 1362, 1368, 1369, 1375, 1376, 1381, 1382, 1383, 1385, 1386, 1387, 1388, 1389, 1390, 1392, 1396, 1399, 1400, 1401, 1402, 1403, 1405, 1406, 1409, 1410, 1411, 1412, 1413, 1414, 1416, 1434, 1435, 1437, 1439, 1440, 1442, 1443, 1444, 1469, 1474, 1476, 1481, 1482, 1483, 1486, 1487, 1494, 1495, 1586, 1589, 1590, 1594, 1596, 1604, 1607, 1608, 1611, 1613, 1616, 1636, 1637, 1638, 1639, 1640, 1642, 1643, 1646, 1647, 1648, 1650, 1651, 1654, 1655, 1656, 1657, 1658, 1661, 1662, 1663, 1665, 1670, 1671, 1672, 1674, 1675, 1676, 1678, 1681, 1682, 1683, 1684, 1687, 1691, 1719, 1724, 1725, 1727, 1728, 1729, 1734, 1735, 1740, 1741, 1742, 1745, 1746, 1750, 1751, 1752, 1753, 1754, 1758, 1759, 1760, 1761, 1764, 1765, 1770, 1775, 1781, 1782, 1784, 1786, 1788, 1791, 1792, 1794, 1795, 1802, 1805, 1806, 1809, 1812, 1813, 1816, 1820, 1834, 1835, 1837, 1838, 1840, 1841, 1842, 1858, 1859, 1860, 1861, 1864, 1867, 1868, 1869, 1870, 1871, 1873, 1874, 1877, 1878, 1880, 1882, 1883, 1885, 1886, 1890, 1891, 1892, 1893, 1896, 1897, 1900, 1901, 1903, 1908, 1909, 1910, 1912, 1913, 1914, 1916, 1919, 1922, 1923, 1924, 1926, 1927, 1929, 1930, 1931, 1934, 1935, 1948, 1961, 1963, 1965, 1966, 1972, 1974, 1975, 1976, 1977, 1978, 1985, 1986, 1990, 1991, 1992, 1993, 1995, 1997, 1998, 1999, 2001, 2002, 2003, 2005, 2006, 2012, 2013, 2019, 2029, 2030, 2033, 2035, 2037, 2038, 2040, 2041, 2042, 2076, 2077, 2099, 2101, 2102, 2103, 2117, 2118, 2119, 2120, 2134, 2135, 2136, 2137, 2150, 2151, 2152, 2153, 2166, 2167, 2174, 2176, 2189, 2191, 2195, 2206, 2209, 2214, 2268, 2269, 2270, 2271, 2272, 2273, 2274, 2275, 2282, 2301, 2304, 2305, 2306, 2307, 2308, 2312, 2313, 2314, 2316, 2317, 2318, 2321, 2322, 2323, 2324, 2325, 2326, 2327, 2328, 2329, 2330, 2331, 2332, 2333, 2337, 2378, 2431, 2499], "excluded_lines": [], "functions": {"AaveV3Adapter.__init__": {"executed_lines": [95, 99, 102, 105, 108, 109, 110, 112, 114, 120, 121, 131, 135, 136, 153, 154, 155, 157, 162, 163, 169, 173, 176, 177, 180, 184, 185, 188, 192, 193, 195], "summary": {"covered_lines": 31, "num_statements": 47, "percent_covered": 65.95744680851064, "percent_covered_display": "66", "missing_lines": 16, "excluded_lines": 0}, "missing_lines": [124, 125, 126, 127, 128, 129, 132, 138, 139, 143, 144, 145, 146, 147, 164, 165], "excluded_lines": []}, "AaveV3Adapter.fetch_markets": {"executed_lines": [208, 210, 212, 214, 215, 217, 218, 219, 222, 225, 226, 232, 233], "summary": {"covered_lines": 13, "num_statements": 19, "percent_covered": 68.42105263157895, "percent_covered_display": "68", "missing_lines": 6, "excluded_lines": 0}, "missing_lines": [228, 229, 230, 235, 236, 237], "excluded_lines": []}, "AaveV3Adapter._get_fallback_reserves": {"executed_lines": [], "summary": {"covered_lines": 0, "num_statements": 3, "percent_covered": 0.0, "percent_covered_display": "0", "missing_lines": 3, "excluded_lines": 0}, "missing_lines": [250, 269, 270], "excluded_lines": []}, "AaveV3Adapter._fetch_reserves": {"executed_lines": [290, 291, 296, 297, 300, 301, 304, 305, 310, 322, 323, 327, 328, 330, 331, 334, 337, 338, 339, 341, 344, 345, 346, 347, 348, 361, 364, 365, 366, 367, 368, 369, 370, 372, 378, 379, 381], "summary": {"covered_lines": 37, "num_statements": 56, "percent_covered": 66.07142857142857, "percent_covered_display": "66", "missing_lines": 19, "excluded_lines": 0}, "missing_lines": [292, 293, 306, 307, 317, 349, 351, 352, 353, 354, 355, 356, 357, 383, 384, 386, 389, 390, 392], "excluded_lines": []}, "AaveV3Adapter._date_to_block_number": {"executed_lines": [409, 410, 413, 417, 418, 419, 420, 423, 424, 429, 430, 438, 439, 442, 443, 455, 457, 458, 461, 464, 470, 471, 472, 473, 474, 477, 488, 489, 490, 491, 492, 495, 506, 507, 509, 513, 525, 526, 527, 529, 534, 535, 536, 538], "summary": {"covered_lines": 44, "num_statements": 63, "percent_covered": 69.84126984126983, "percent_covered_display": "70", "missing_lines": 19, "excluded_lines": 0}, "missing_lines": [414, 425, 426, 431, 435, 444, 446, 451, 452, 453, 517, 520, 521, 522, 540, 541, 543, 544, 545], "excluded_lines": []}, "AaveV3Adapter._fetch_reserves_from_rpc": {"executed_lines": [], "summary": {"covered_lines": 0, "num_statements": 33, "percent_covered": 0.0, "percent_covered_display": "0", "missing_lines": 33, "excluded_lines": 0}, "missing_lines": [560, 561, 564, 565, 566, 569, 570, 571, 573, 578, 579, 580, 582, 583, 584, 586, 588, 590, 591, 592, 595, 598, 698, 703, 707, 708, 709, 711, 718, 721, 723, 724, 725], "excluded_lines": []}, "AaveV3Adapter._fetch_reserves_from_graph": {"executed_lines": [740, 743, 747, 749, 750, 759, 760, 775, 787, 793, 796, 798, 828, 830, 832, 834, 835, 841, 843, 844, 845, 847, 848, 856, 862, 911, 912, 918, 919, 920, 921], "summary": {"covered_lines": 31, "num_statements": 81, "percent_covered": 38.27160493827161, "percent_covered_display": "38", "missing_lines": 50, "excluded_lines": 0}, "missing_lines": [744, 745, 751, 755, 756, 762, 763, 767, 768, 769, 770, 771, 772, 776, 778, 783, 784, 785, 788, 790, 791, 863, 867, 895, 901, 902, 903, 904, 906, 907, 908, 909, 923, 925, 926, 927, 928, 930, 933, 934, 936, 937, 958, 960, 963, 965, 966, 971, 972, 973], "excluded_lines": []}, "AaveV3Adapter._get_a_token_address": {"executed_lines": [984, 995], "summary": {"covered_lines": 2, "num_statements": 2, "percent_covered": 100.0, "percent_covered_display": "100", "missing_lines": 0, "excluded_lines": 0}, "missing_lines": [], "excluded_lines": []}, "AaveV3Adapter._get_debt_token_address": {"executed_lines": [1005, 1016], "summary": {"covered_lines": 2, "num_statements": 2, "percent_covered": 100.0, "percent_covered_display": "100", "missing_lines": 0, "excluded_lines": 0}, "missing_lines": [], "excluded_lines": []}, "AaveV3Adapter._fetch_market_configurations": {"executed_lines": [], "summary": {"covered_lines": 0, "num_statements": 19, "percent_covered": 0.0, "percent_covered_display": "0", "missing_lines": 19, "excluded_lines": 0}, "missing_lines": [1025, 1026, 1028, 1029, 1031, 1032, 1034, 1035, 1037, 1040, 1041, 1042, 1044, 1046, 1047, 1048, 1050, 1051, 1052], "excluded_lines": []}, "AaveV3Adapter._fetch_reserve_config_from_graph": {"executed_lines": [1068, 1069, 1070, 1071, 1074], "summary": {"covered_lines": 5, "num_statements": 128, "percent_covered": 3.90625, "percent_covered_display": "4", "miss
[...]
nt_covered": 100.0, "percent_covered_display": "100", "missing_lines": 0, "excluded_lines": 0}, "missing_lines": [], "excluded_lines": []}, "get_schema_summary": {"executed_lines": [530], "summary": {"covered_lines": 1, "num_statements": 1, "percent_covered": 100.0, "percent_covered_display": "100", "missing_lines": 0, "excluded_lines": 0}, "missing_lines": [], "excluded_lines": []}, "": {"executed_lines": [1, 23, 24, 29, 471, 489, 494, 501, 509, 528], "summary": {"covered_lines": 9, "num_statements": 9, "percent_covered": 100.0, "percent_covered_display": "100", "missing_lines": 0, "excluded_lines": 0}, "missing_lines": [], "excluded_lines": []}}, "classes": {"": {"executed_lines": [1, 23, 24, 29, 471, 489, 491, 494, 496, 501, 503, 504, 505, 506, 509, 519, 520, 522, 523, 525, 528, 530], "summary": {"covered_lines": 21, "num_statements": 21, "percent_covered": 100.0, "percent_covered_display": "100", "missing_lines": 0, "excluded_lines": 0}, "missing_lines": [], "excluded_lines": []}}}, "instruments_service/utils/__init__.py": {"executed_lines": [1, 8, 9, 10, 11, 12, 14], "summary": {"covered_lines": 6, "num_statements": 6, "percent_covered": 100.0, "percent_covered_display": "100", "missing_lines": 0, "excluded_lines": 0}, "missing_lines": [], "excluded_lines": [], "functions": {"": {"executed_lines": [1, 8, 9, 10, 11, 12, 14], "summary": {"covered_lines": 6, "num_statements": 6, "percent_covered": 100.0, "percent_covered_display": "100", "missing_lines": 0, "excluded_lines": 0}, "missing_lines": [], "excluded_lines": []}}, "classes": {"": {"executed_lines": [1, 8, 9, 10, 11, 12, 14], "summary": {"covered_lines": 6, "num_statements": 6, "percent_covered": 100.0, "percent_covered_display": "100", "missing_lines": 0, "excluded_lines": 0}, "missing_lines": [], "excluded_lines": []}}}, "instruments_service/utils/ccxt_service.py": {"executed_lines": [1, 14, 15, 16, 17, 18, 20, 23, 24, 33, 41, 42, 45, 46, 49, 51, 53, 63, 64, 68, 69, 73, 80, 91, 92, 97, 98, 99, 102, 105, 106, 109, 111, 112, 117, 123, 124, 126, 132, 155, 156, 157, 159, 161, 164, 165, 168, 174, 175, 176, 184, 191, 193, 194, 201, 205, 210, 211, 212, 213, 215, 217, 219, 221, 226, 231, 232, 233, 234, 236, 238, 239, 241, 246, 255, 256, 258, 259, 261, 262, 264, 265, 269, 272, 275, 276, 285, 293, 295, 316, 318, 321, 322, 324, 326, 327, 328, 329, 331, 333, 334, 335, 336, 338, 339, 340, 341, 354, 377, 378, 381, 386, 398, 399, 400, 401, 402, 403, 404, 406, 407, 412, 415, 421, 422, 424, 428, 430, 431, 432, 437, 438, 439, 440, 443, 444, 445, 446, 454, 455, 456, 458, 460, 489, 490, 491, 492, 494, 495, 502, 505, 513, 515, 520, 521, 523, 524, 525, 526, 527, 528, 529, 530, 531, 532, 534, 535, 539, 540, 541, 542, 545, 548, 550, 556, 568, 578, 581, 584, 586, 588, 589, 590, 593, 594, 596, 597, 598, 599, 600, 601, 603, 604, 609, 611, 626, 680, 681, 682, 687, 689, 691, 692, 693, 696, 697, 699, 706, 714, 715, 716], "summary": {"covered_lines": 209, "num_statements": 263, "percent_covered": 79.46768060836501, "percent_covered_display": "79", "missing_lines": 54, "excluded_lines": 0}, "missing_lines": [65, 66, 70, 71, 93, 94, 107, 128, 129, 130, 203, 323, 330, 337, 342, 343, 344, 345, 346, 348, 349, 350, 352, 387, 389, 392, 434, 447, 449, 450, 451, 497, 498, 499, 500, 506, 508, 509, 510, 511, 558, 559, 563, 564, 565, 566, 579, 694, 707, 708, 709, 710, 711, 712], "excluded_lines": [], "functions": {"CCXTService.__init__": {"executed_lines": [41, 42, 45, 46, 49, 51], "summary": {"covered_lines": 6, "num_statements": 6, "percent_covered": 100.0, "percent_covered_display": "100", "missing_lines": 0, "excluded_lines": 0}, "missing_lines": [], "excluded_lines": []}, "CCXTService.get_ccxt_exchange": {"executed_lines": [63, 64, 68, 69, 73], "summary": {"covered_lines": 5, "num_statements": 9, "percent_covered": 55.55555555555556, "percent_covered_display": "56", "missing_lines": 4, "excluded_lines": 0}, "missing_lines": [65, 66, 70, 71], "excluded_lines": []}, "CCXTService.load_markets": {"executed_lines": [91, 92, 97, 98, 99, 102, 105, 106, 109, 111, 112, 117, 123, 124, 126], "summary": {"covered_lines": 15, "num_statements": 21, "percent_covered": 71.42857142857143, "percent_covered_display": "71", "missing_lines": 6, "excluded_lines": 0}, "missing_lines": [93, 94, 107, 128, 129, 130], "excluded_lines": []}, "CCXTService._build_symbol_formats": {"executed_lines": [155, 156, 157, 159, 161, 164, 165, 168, 174, 175, 176, 184, 191, 193, 194, 201, 205, 210, 211, 212, 213, 215, 217, 219, 221, 226, 231, 232, 233, 234, 236, 238, 239, 241, 246, 255, 256, 258, 259, 261, 262, 264, 265, 269, 272, 275, 276, 285, 293], "summary": {"covered_lines": 49, "num_statements": 50, "percent_covered": 98.0, "percent_covered_display": "98", "missing_lines": 1, "excluded_lines": 0}, "missing_lines": [203], "excluded_lines": []}, "CCXTService._generate_default_ccxt_symbol": {"executed_lines": [316, 318, 321, 322, 324, 326, 327, 328, 329, 331, 333, 334, 335, 336, 338, 339, 340, 341], "summary": {"covered_lines": 18, "num_statements": 30, "percent_covered": 60.0, "percent_covered_display": "60", "missing_lines": 12, "excluded_lines": 0}, "missing_lines": [323, 330, 337, 342, 343, 344, 345, 346, 348, 349, 350, 352], "excluded_lines": []}, "CCXTService.get_metadata": {"executed_lines": [377, 378, 381, 386, 398, 399, 400, 401, 402, 403, 404, 406, 407, 412, 415, 421, 422, 424, 428, 430, 431, 432, 437, 438, 439, 440, 443, 444, 445, 446, 454, 455, 456, 458], "summary": {"covered_lines": 34, "num_statements": 42, "percent_covered": 80.95238095238095, "percent_covered_display": "81", "missing_lines": 8, "excluded_lines": 0}, "missing_lines": [387, 389, 392, 434, 447, 449, 450, 451], "excluded_lines": []}, "CCXTService.get_leverage_limits": {"executed_lines": [489, 490, 491, 492, 494, 495, 502, 505, 513, 515, 520, 521, 523, 524, 525, 526, 527, 528, 529, 530, 531, 532, 534, 535, 539, 540, 541, 542, 545, 548, 550, 556], "summary": {"covered_lines": 32, "num_statements": 47, "percent_covered": 68.08510638297872, "percent_covered_display": "68", "missing_lines": 15, "excluded_lines": 0}, "missing_lines": [497, 498, 499, 500, 506, 508, 509, 510, 511, 558, 559, 563, 564, 565, 566], "excluded_lines": []}, "CCXTService._extract_risk_params_from_tiers": {"executed_lines": [578, 581, 584, 586, 588, 589, 590, 593, 594, 596, 597, 598, 599, 600, 601, 603, 604, 609], "summary": {"covered_lines": 18, "num_statements": 19, "percent_covered": 94.73684210526316, "percent_covered_display": "95", "missing_lines": 1, "excluded_lines": 0}, "missing_lines": [579], "excluded_lines": []}, "CCXTService._get_leverage_limits_fallback": {"executed_lines": [626, 680, 681, 682, 687], "summary": {"covered_lines": 5, "num_statements": 5, "percent_covered": 100.0, "percent_covered_display": "100", "missing_lines": 0, "excluded_lines": 0}, "missing_lines": [], "excluded_lines": []}, "CCXTService._is_cache_valid": {"executed_lines": [691, 692, 693, 696, 697], "summary": {"covered_lines": 5, "num_statements": 6, "percent_covered": 83.33333333333333, "percent_covered_display": "83", "missing_lines": 1, "excluded_lines": 0}, "missing_lines": [694], "excluded_lines": []}, "CCXTService.clear_cache": {"executed_lines": [706, 714, 715, 716], "summary": {"covered_lines": 4, "num_statements": 10, "percent_covered": 40.0, "percent_covered_display": "40", "missing_lines": 6, "excluded_lines": 0}, "missing_lines": [707, 708, 709, 710, 711, 712], "excluded_lines": []}, "": {"executed_lines": [1, 14, 15, 16, 17, 18, 20, 23, 24, 33, 53, 80, 132, 295, 354, 460, 568, 611, 689, 699], "summary": {"covered_lines": 18, "num_statements": 18, "percent_covered": 100.0, "percent_covered_display": "100", "missing_lines": 0, "excluded_lines": 0}, "missing_lines": [], "excluded_lines": []}}, "classes": {"CCXTService": {"executed_lines": [41, 42, 45, 46, 49, 51, 63, 64, 68, 69, 73, 91, 92, 97, 98, 99, 102, 105, 106, 109, 111, 112, 117, 123, 124, 126, 155, 156, 157, 159, 161, 164, 165, 168, 174, 175, 176, 184, 191, 193, 194, 201, 205, 210, 211, 212, 213, 215, 217, 219, 221, 226, 231, 232, 233, 234, 236, 238, 239, 241, 246, 255, 256, 258, 259, 261, 262, 264, 265, 269, 272, 275, 276, 285, 293, 316, 318, 321, 322, 324, 326, 327, 328, 329, 331, 333, 334, 335, 336, 338, 339, 340, 341, 377, 378, 381, 386, 398, 399, 400, 401, 402, 403, 404, 406, 407, 412, 415, 421, 422, 424, 428, 430, 431, 432, 437, 438, 439, 440, 443, 444, 445, 446, 454, 455, 456, 458, 489, 490, 491, 492, 494, 495, 502, 505, 513, 515, 520, 521, 523, 524, 525, 526, 527, 528, 529, 530, 531, 532, 534, 535, 539, 540, 541, 542, 545, 548, 550, 556, 578, 581, 584, 586, 588, 589, 590, 593, 594, 596, 597, 598, 599, 600, 601, 603, 604, 609, 626, 680, 681, 682, 687, 691, 692, 693, 696, 697, 706, 714, 715, 716], "summary": {"covered_lines": 191, "num_statements": 245, "percent_covered": 77.95918367346938, "percent_covered_display": "78", "missing_lines": 54, "excluded_lines": 0}, "missing_lines": [65, 66, 70, 71, 93, 94, 107, 128, 129, 130, 203, 323, 330, 337, 342, 343, 344, 345, 346, 348, 349, 350, 352, 387, 389, 392, 434, 447, 449, 450, 451, 497, 498, 499, 500, 506, 508, 509, 510, 511, 558, 559, 563, 564, 565, 566, 579, 694, 707, 708, 709, 710, 711, 712], "excluded_lines": []}, "": {"executed_lines": [1, 14, 15, 16, 17, 18, 20, 23, 24, 33, 53, 80, 132, 295, 354, 460, 568, 611, 689, 699], "summary": {"covered_lines": 18, "num_statements": 18, "percent_covered": 100.0, "percent_covered_display": "100", "missing_lines": 0, "excluded_lines": 0}, "missing_lines": [], "excluded_lines": []}}}, "instruments_service/utils/date_filter_service.py": {"executed_lines": [1, 9, 10, 11, 13, 16, 17, 26, 31, 82, 84, 101, 102, 105, 106, 108, 109, 111, 112, 114, 115, 117, 118, 121, 122, 123, 126, 127, 128, 130, 132, 133, 134, 137, 161, 162, 163, 164, 165, 166, 167, 168, 171, 184, 186, 187, 189, 190, 192, 193, 195, 202, 203, 207, 209, 222, 223, 224, 225, 227, 236, 237, 238, 239, 240], "summary": {"covered_lines": 63, "num_statements": 83, "percent_covered": 75.90361445783132, "percent_covered_display": "76", "missing_lines": 20, "excluded_lines": 0}, "missing_lines": [138, 140, 141, 142, 146, 147, 150, 151, 152, 155, 156, 157, 158, 172, 174, 175, 176, 197, 198, 200], "excluded_lines": [], "functions": {"DateFilterService.__init__": {"executed_lines": [31, 82], "summary": {"covered_lines": 2, "num_statements": 2, "percent_covered": 100.0, "percent_covered_display": "100", "missing_lines": 0, "excluded_lines": 0}, "missing_lines": [], "excluded_lines": []}, "DateFilterService.filter_instruments_by_date": {"executed_lines": [101, 102, 105, 106, 108, 109, 111, 112, 114, 115, 117, 118, 121, 122, 123, 126, 127, 128, 130, 132, 133, 134, 137, 161, 162, 163, 164, 165, 166, 167, 168, 171, 184, 186, 187, 189, 190, 192, 193, 195, 202, 203, 207], "summary": {"covered_lines": 43, "num_statements": 63, "percent_covered": 68.25396825396825, "percent_covered_display": "68", "missing_lines": 20, "excluded_lines": 0}, "missing_lines": [138, 140, 141, 142, 146, 147, 150, 151, 152, 155, 156, 157, 158, 172, 174, 175, 176, 197, 198, 200], "excluded_lines": []}, "DateFilterService.get_protocol_default_date": {"executed_lines": [222, 223, 224, 225], "summary": {"covered_lines": 4, "num_statements": 4, "percent_covered": 100.0, "percent_covered_display": "100", "missing_lines": 0, "excluded_lines": 0}, "missing_lines": [], "excluded_lines": []}, "DateFilterService.set_protocol_default_date": {"executed_lines": [236, 237, 238, 239, 240], "summary": {"covered_lines": 5, "num_statements": 5, "percent_covered": 100.0, "percent_covered_display": "100", "missing_lines": 0, "excluded_lines": 0}, "missing_lines": [], "excluded_lines": []}, "": {"executed_lines": [1, 9, 10, 11, 13, 16, 17, 26, 84, 209, 227], "summary": {"covered_lines": 9, "num_statements": 9, "percent_covered": 100.0, "percent_covered_display": "100", "missing_lines": 0, "excluded_lines": 0}, "missing_lines": [], "excluded_lines": []}}, "classes": {"DateFilterService": {"executed_lines": [31, 82, 101, 102, 105, 106, 108, 109, 111, 112, 114, 115, 117, 118, 121, 122, 123, 126, 127, 128, 130, 132, 133, 134, 137, 161, 162, 163, 164, 165, 166, 167, 168, 171, 184, 186, 187, 189, 190, 192, 193, 195, 202, 203, 207, 222, 223, 224, 225, 236, 237, 238, 239, 240], "summary": {"covered_lines": 54, "num_statements": 74, "percent_covered": 72.97297297297297, "percent_covered_display": "73", "missing_lines": 20, "excluded_lines": 0}, "missing_lines": [138, 140, 141, 142, 146, 147, 150, 151, 152, 155, 156, 157, 158, 172, 174, 175, 176, 197, 198, 200], "excluded_lines": []}, "": {"executed_lines": [1, 9, 10, 11, 13, 16, 17, 26, 84, 209, 227], "summary": {"covered_lines": 9, "num_statements": 9, "percent_covered": 100.0, "percent_covered_display": "100", "missing_lines": 0, "excluded_lines": 0}, "missing_lines": [], "excluded_lines": []}}}, "instruments_service/utils/http_session_pool.py": {"executed_lines": [1, 8, 9, 10, 11, 12, 13, 15, 18, 19, 22, 39, 42, 43, 49, 52, 58, 63, 64, 65, 68, 69, 71, 72, 75], "summary": {"covered_lines": 24, "num_statements": 33, "percent_covered": 72.72727272727273, "percent_covered_display": "73", "missing_lines": 9, "excluded_lines": 0}, "missing_lines": [44, 45, 46, 53, 54, 55, 77, 78, 79], "excluded_lines": [], "functions": {"get_http_session": {"executed_lines": [39, 42, 43, 49, 52, 58, 63, 64, 65, 68, 69, 71, 72], "summary": {"covered_lines": 13, "num_statements": 19, "percent_covered": 68.42105263157895, "percent_covered_display": "68", "missing_lines": 6, "excluded_lines": 0}, "missing_lines": [44, 45, 46, 53, 54, 55], "excluded_lines": []}, "clear_pool": {"executed_lines": [], "summary": {"covered_lines": 0, "num_statements": 3, "percent_covered": 0.0, "percent_covered_display": "0", "missing_lines": 3, "excluded_lines": 0}, "missing_lines": [77, 78, 79], "excluded_lines": []}, "": {"executed_lines": [1, 8, 9, 10, 11, 12, 13, 15, 18, 19, 22, 75], "summary": {"covered_lines": 11, "num_statements": 11, "percent_covered": 100.0, "percent_covered_display": "100", "missing_lines": 0, "excluded_lines": 0}, "missing_lines": [], "excluded_lines": []}}, "classes": {"": {"executed_lines": [1, 8, 9, 10, 11, 12, 13, 15, 18, 19, 22, 39, 42, 43, 49, 52, 58, 63, 64, 65, 68, 69, 71, 72, 75], "summary": {"covered_lines": 24, "num_statements": 33, "percent_covered": 72.72727272727273, "percent_covered_display": "73", "missing_lines": 9, "excluded_lines": 0}, "missing_lines": [44, 45, 46, 53, 54, 55, 77, 78, 79], "excluded_lines": []}}}, "instruments_service/utils/subgraph_service.py": {"executed_lines": [1, 15, 16, 17, 19, 22, 23, 26, 27, 36, 76, 124, 219, 229], "summary": {"covered_lines": 12, "num_statements": 95, "percent_covered": 12.631578947368421, "percent_covered_display": "13", "missing_lines": 83, "excluded_lines": 0}, "missing_lines": [43, 46, 47, 51, 74, 90, 93, 94, 95, 98, 99, 100, 101, 102, 103, 104, 105, 106, 109, 110, 112, 113, 114, 115, 116, 117, 118, 119, 121, 122, 138, 139, 144, 145, 148, 149, 150, 153, 155, 161, 162, 163, 164, 166, 168, 169, 170, 174, 197, 198, 200, 201, 202, 204, 206, 207, 208, 210, 211, 213, 215, 216, 217, 221, 222, 223, 224, 226, 227, 237, 238, 239, 240, 241, 242, 244, 247, 248, 249, 250, 252, 253, 254], "excluded_lines": [], "functions": {"SubgraphService.__init__": {"executed_lines": [], "summary": {"covered_lines": 0, "num_statements": 5, "percent_covered": 0.0, "percent_covered_display": "0", "missing_lines": 5, "excluded_lines": 0}, "missing_lines": [43, 46, 47, 51, 74], "excluded_lines": []}, "SubgraphService.get_subgraph_url": {"executed_lines": [], "summary": {"covered_lines": 0, "num_statements": 25, "percent_covered": 0.0, "percent_covered_display": "0", "missing_lines": 25, "excluded_lines": 0}, "missing_lines": [90, 93, 94, 95, 98, 99, 100, 101, 102, 103, 104, 105, 106, 109, 110, 112, 113, 114, 115, 116, 117, 118, 119, 121, 122], "excluded_lines": []}, "SubgraphService._resolve_via_context7": {"executed_lines": [], "summary": {"covered_lines": 0, "num_statements": 33, "percent_covered": 0.0, "percent_covered_display": "0", "missing_lines": 33, "excluded_lines": 0}, "missing_lines": [138, 139, 144, 145, 148, 149, 150, 153, 155, 161, 162, 163, 164, 166, 168, 169, 170, 174, 197, 198, 200, 201, 202, 204, 206, 207, 208, 210, 211, 213, 215, 216, 217], "excluded_lines": []}, "SubgraphService._is_cache_valid": {"executed_lines": [], "summary": {"covered_lines": 0, "num_statements": 6, "percent_covered": 0.0, "percent_covered_display": "0", "missing_lines": 6, "excluded_lines": 0}, "missing_lines": [221, 222, 223, 224, 226, 227], "excluded_lines": []}, "SubgraphService.clear_cache": {"executed_lines": [], "summary": {"covered_lines": 0, "num_statements": 14, "percent_covered": 0.0, "percent_covered_display": "0", "missing_lines": 14, "excluded_lines": 0}, "missing_lines": [237, 238, 239, 240, 241, 242, 244, 247, 248, 249, 250, 252, 253, 254], "excluded_lines": []}, "": {"executed_lines": [1, 15, 16, 17, 19, 22, 23, 26, 27, 36, 76, 124, 219, 229], "summary": {"covered_lines": 12, "num_statements": 12, "percent_covered": 100.0, "percent_covered_display": "100", "missing_lines": 0, "excluded_lines": 0}, "missing_lines": [], "excluded_lines": []}}, "classes": {"SubgraphService": {"executed_lines": [], "summary": {"covered_lines": 0, "num_statements": 83, "percent_covered": 0.0, "percent_covered_display": "0", "missing_lines": 83, "excluded_lines": 0}, "missing_lines": [43, 46, 47, 51, 74, 90, 93, 94, 95, 98, 99, 100, 101, 102, 103, 104, 105, 106, 109, 110, 112, 113, 114, 115, 116, 117, 118, 119, 121, 122, 138, 139, 144, 145, 148, 149, 150, 153, 155, 161, 162, 163, 164, 166, 168, 169, 170, 174, 197, 198, 200, 201, 202, 204, 206, 207, 208, 210, 211, 213, 215, 216, 217, 221, 222, 223, 224, 226, 227, 237, 238, 239, 240, 241, 242, 244, 247, 248, 249, 250, 252, 253, 254], "excluded_lines": []}, "": {"executed_lines": [1, 15, 16, 17, 19, 22, 23, 26, 27, 36, 76, 124, 219, 229], "summary": {"covered_lines": 12, "num_statements": 12, "percent_covered": 100.0, "percent_covered_display": "100", "missing_lines": 0, "excluded_lines": 0}, "missing_lines": [], "excluded_lines": []}}}, "instruments_service/utils/web3_client_pool.py": {"executed_lines": [1, 8, 9, 10, 11, 13, 16, 17, 20, 33, 36, 37, 38, 40, 41, 42, 43, 52, 53, 55, 56, 58, 59, 60, 61, 69], "summary": {"covered_lines": 25, "num_statements": 35, "percent_covered": 71.42857142857143, "percent_covered_display": "71", "missing_lines": 10, "excluded_lines": 0}, "missing_lines": [44, 46, 49, 62, 63, 64, 66, 71, 72, 73], "excluded_lines": [], "functions": {"get_web3_client": {"executed_lines": [33, 36, 37, 38, 40, 41, 42, 43, 52, 53, 55, 56, 58, 59, 60, 61], "summary": {"covered_lines": 16, "num_statements": 23, "percent_covered": 69.56521739130434, "percent_covered_display": "70", "missing_lines": 7, "excluded_lines": 0}, "missing_lines": [44, 46, 49, 62, 63, 64, 66], "excluded_lines": []}, "clear_pool": {"executed_lines": [], "summary": {"covered_lines": 0, "num_statements": 3, "percent_covered": 0.0, "percent_covered_display": "0", "missing_lines": 3, "excluded_lines": 0}, "missing_lines": [71, 72, 73], "excluded_lines": []}, "": {"executed_lines": [1, 8, 9, 10, 11, 13, 16, 17, 20, 69], "summary": {"covered_lines": 9, "num_statements": 9, "percent_covered": 100.0, "percent_covered_display": "100", "missing_lines": 0, "excluded_lines": 0}, "missing_lines": [], "excluded_lines": []}}, "classes": {"": {"executed_lines": [1, 8, 9, 10, 11, 13, 16, 17, 20, 33, 36, 37, 38, 40, 41, 42, 43, 52, 53, 55, 56, 58, 59, 60, 61, 69], "summary": {"covered_lines": 25, "num_statements": 35, "percent_covered": 71.42857142857143, "percent_covered_display": "71", "missing_lines": 10, "excluded_lines": 0}, "missing_lines": [44, 46, 49, 62, 63, 64, 66, 71, 72, 73], "excluded_lines": []}}}}, "totals": {"covered_lines": 3719, "num_statements": 5783, "percent_covered": 64.30918208542279, "percent_covered_display": "64", "missing_lines": 2064, "excluded_lines": 0}}