{"meta": {"format": 3, "version": "7.11.3", "timestamp": "2026-02-26T02:46:11.322841", "branch_coverage": false, "show_contexts": false}, "files": {"instruments_service/__init__.py": {"executed_lines": [1, 9, 11, 17, 20], "summary": {"covered_lines": 4, "num_statements": 23, "percent_covered": 17.391304347826086, "percent_covered_display": "17.4", "missing_lines": 19, "excluded_lines": 0}, "missing_lines": [22, 23, 25, 26, 27, 31, 32, 33, 35, 36, 37, 39, 40, 41, 48, 57, 63, 70, 79], "excluded_lines": [], "functions": {"__getattr__": {"executed_lines": [], "summary": {"covered_lines": 0, "num_statements": 19, "percent_covered": 0.0, "percent_covered_display": "0.0", "missing_lines": 19, "excluded_lines": 0}, "missing_lines": [22, 23, 25, 26, 27, 31, 32, 33, 35, 36, 37, 39, 40, 41, 48, 57, 63, 70, 79], "excluded_lines": []}, "": {"executed_lines": [1, 9, 11, 17, 20], "summary": {"covered_lines": 4, "num_statements": 4, "percent_covered": 100.0, "percent_covered_display": "100.0", "missing_lines": 0, "excluded_lines": 0}, "missing_lines": [], "excluded_lines": []}}, "classes": {"": {"executed_lines": [1, 9, 11, 17, 20], "summary": {"covered_lines": 4, "num_statements": 23, "percent_covered": 17.391304347826086, "percent_covered_display": "17.4", "missing_lines": 19, "excluded_lines": 0}, "missing_lines": [22, 23, 25, 26, 27, 31, 32, 33, 35, 36, 37, 39, 40, 41, 48, 57, 63, 70, 79], "excluded_lines": []}}}, "instruments_service/__main__.py": {"executed_lines": [], "summary": {"covered_lines": 0, "num_statements": 7, "percent_covered": 0.0, "percent_covered_display": "0.0", "missing_lines": 7, "excluded_lines": 0}, "missing_lines": [7, 9, 10, 12, 13, 17, 18], "excluded_lines": [], "functions": {"": {"executed_lines": [], "summary": {"covered_lines": 0, "num_statements": 7, "percent_covered": 0.0, "percent_covered_display": "0.0", "missing_lines": 7, "excluded_lines": 0}, "missing_lines": [7, 9, 10, 12, 13, 17, 18], "excluded_lines": []}}, "classes": {"": {"executed_lines": [], "summary": {"covered_lines": 0, "num_statements": 7, "percent_covered": 0.0, "percent_covered_display": "0.0", "missing_lines": 7, "excluded_lines": 0}, "missing_lines": [7, 9, 10, 12, 13, 17, 18], "excluded_lines": []}}}, "instruments_service/adapters/__init__.py": {"executed_lines": [], "summary": {"covered_lines": 0, "num_statements": 3, "percent_covered": 0.0, "percent_covered_display": "0.0", "missing_lines": 3, "excluded_lines": 0}, "missing_lines": [6, 7, 9], "excluded_lines": [], "functions": {"": {"executed_lines": [], "summary": {"covered_lines": 0, "num_statements": 3, "percent_covered": 0.0, "percent_covered_display": "0.0", "missing_lines": 3, "excluded_lines": 0}, "missing_lines": [6, 7, 9], "excluded_lines": []}}, "classes": {"": {"executed_lines": [], "summary": {"covered_lines": 0, "num_statements": 3, "percent_covered": 0.0, "percent_covered_display": "0.0", "missing_lines": 3, "excluded_lines": 0}, "missing_lines": [6, 7, 9], "excluded_lines": []}}}, "instruments_service/adapters/data_source_adapter.py": {"executed_lines": [], "summary": {"covered_lines": 0, "num_statements": 38, "percent_covered": 0.0, "percent_covered_display": "0.0", "missing_lines": 38, "excluded_lines": 0}, "missing_lines": [8, 10, 11, 12, 14, 17, 25, 32, 35, 37, 47, 48, 51, 52, 53, 54, 55, 57, 58, 59, 60, 61, 63, 75, 77, 80, 86, 90, 93, 94, 95, 96, 97, 99, 100, 101, 102, 103], "excluded_lines": [], "functions": {"DataSourceAdapter.__init__": {"executed_lines": [], "summary": {"covered_lines": 0, "num_statements": 2, "percent_covered": 0.0, "percent_covered_display": "0.0", "missing_lines": 2, "excluded_lines": 0}, "missing_lines": [32, 35], "excluded_lines": []}, "DataSourceAdapter.read_parquet": {"executed_lines": [], "summary": {"covered_lines": 0, "num_statements": 12, "percent_covered": 0.0, "percent_covered_display": "0.0", "missing_lines": 12, "excluded_lines": 0}, "missing_lines": [47, 48, 51, 52, 53, 54, 55, 57, 58, 59, 60, 61], "excluded_lines": []}, "DataSourceAdapter.read_parquet_from_category": {"executed_lines": [], "summary": {"covered_lines": 0, "num_statements": 15, "percent_covered": 0.0, "percent_covered_display": "0.0", "missing_lines": 15, "excluded_lines": 0}, "missing_lines": [75, 77, 80, 86, 90, 93, 94, 95, 96, 97, 99, 100, 101, 102, 103], "excluded_lines": []}, "": {"executed_lines": [], "summary": {"covered_lines": 0, "num_statements": 9, "percent_covered": 0.0, "percent_covered_display": "0.0", "missing_lines": 9, "excluded_lines": 0}, "missing_lines": [8, 10, 11, 12, 14, 17, 25, 37, 63], "excluded_lines": []}}, "classes": {"DataSourceAdapter": {"executed_lines": [], "summary": {"covered_lines": 0, "num_statements": 29, "percent_covered": 0.0, "percent_covered_display": "0.0", "missing_lines": 29, "excluded_lines": 0}, "missing_lines": [32, 35, 47, 48, 51, 52, 53, 54, 55, 57, 58, 59, 60, 61, 75, 77, 80, 86, 90, 93, 94, 95, 96, 97, 99, 100, 101, 102, 103], "excluded_lines": []}, "": {"executed_lines": [], "summary": {"covered_lines": 0, "num_statements": 9, "percent_covered": 0.0, "percent_covered_display": "0.0", "missing_lines": 9, "excluded_lines": 0}, "missing_lines": [8, 10, 11, 12, 14, 17, 25, 37, 63], "excluded_lines": []}}}, "instruments_service/adapters/storage_adapter.py": {"executed_lines": [], "summary": {"covered_lines": 0, "num_statements": 30, "percent_covered": 0.0, "percent_covered_display": "0.0", "missing_lines": 30, "excluded_lines": 0}, "missing_lines": [7, 9, 10, 11, 13, 15, 18, 33, 40, 41, 42, 43, 45, 46, 48, 50, 57, 60, 62, 64, 75, 76, 78, 93, 99, 103, 107, 109, 120, 121], "excluded_lines": [], "functions": {"StorageAdapter.__init__": {"executed_lines": [], "summary": {"covered_lines": 0, "num_statements": 11, "percent_covered": 0.0, "percent_covered_display": "0.0", "missing_lines": 11, "excluded_lines": 0}, "missing_lines": [40, 41, 42, 43, 45, 46, 48, 50, 57, 60, 62], "excluded_lines": []}, "StorageAdapter.build_gcs_path": {"executed_lines": [], "summary": {"covered_lines": 0, "num_statements": 2, "percent_covered": 0.0, "percent_covered_display": "0.0", "missing_lines": 2, "excluded_lines": 0}, "missing_lines": [75, 76], "excluded_lines": []}, "StorageAdapter.upload_batch": {"executed_lines": [], "summary": {"covered_lines": 0, "num_statements": 4, "percent_covered": 0.0, "percent_covered_display": "0.0", "missing_lines": 4, "excluded_lines": 0}, "missing_lines": [93, 99, 103, 107], "excluded_lines": []}, "StorageAdapter.get_bucket_for_category": {"executed_lines": [], "summary": {"covered_lines": 0, "num_statements": 2, "percent_covered": 0.0, "percent_covered_display": "0.0", "missing_lines": 2, "excluded_lines": 0}, "missing_lines": [120, 121], "excluded_lines": []}, "": {"executed_lines": [], "summary": {"covered_lines": 0, "num_statements": 11, "percent_covered": 0.0, "percent_covered_display": "0.0", "missing_lines": 11, "excluded_lines": 0}, "missing_lines": [7, 9, 10, 11, 13, 15, 18, 33, 64, 78, 109], "excluded_lines": []}}, "classes": {"StorageAdapter": {"executed_lines": [], "summary": {"covered_lines": 0, "num_statements": 19, "percent_covered": 0.0, "percent_covered_display": "0.0", "missing_lines": 19, "excluded_lines": 0}, "missing_lines": [40, 41, 42, 43, 45, 46, 48, 50, 57, 60, 62, 75, 76, 93, 99, 103, 107, 120, 121], "excluded_lines": []}, "": {"executed_lines": [], "summary": {"covered_lines": 0, "num_statements": 11, "percent_covered": 0.0, "percent_covered_display": "0.0", "missing_lines": 11, "excluded_lines": 0}, "missing_lines": [7, 9, 10, 11, 13, 15, 18, 33, 64, 78, 109], "excluded_lines": []}}}, "instruments_service/app/__init__.py": {"executed_lines": [1], "summary": {"covered_lines": 0, "num_statements": 0, "percent_covered": 100.0, "percent_covered_display": "100.0", "missing_lines": 0, "excluded_lines": 0}, "missing_lines": [], "excluded_lines": [], "functions": {"": {"executed_lines": [1], "summary": {"covered_lines": 0, "num_statements": 0, "percent_covered": 100.0, "percent_covered_display": "100.0", "missing_lines": 0, "excluded_lines": 0}, "missing_lines": [], "excluded_lines": []}}, "classes": {"": {"executed_lines": [1], "summary": {"covered_lines": 0, "num_statements": 0, "percent_covered": 100.0, "percent_covered_display": "100.0", "missing_lines": 0, "excluded_lines": 0}, "missing_lines": [], "excluded_lines": []}}}, "instruments_service/app/core/cloud_data_provider.py": {"executed_lines": [1, 8, 9, 10, 12, 13, 14, 16, 18, 21, 22, 28, 35, 38, 39, 48, 49, 51, 56, 109, 175, 220, 244, 247, 248, 249, 255, 284, 285, 287, 288, 291, 293, 294, 295, 298, 299], "summary": {"covered_lines": 35, "num_statements": 129, "percent_covered": 27.131782945736433, "percent_covered_display": "27.1", "missing_lines": 94, "excluded_lines": 0}, "missing_lines": [70, 71, 72, 74, 76, 77, 79, 80, 83, 84, 85, 86, 87, 89, 92, 97, 99, 100, 102, 103, 104, 106, 107, 121, 122, 123, 125, 127, 128, 129, 132, 135, 141, 145, 146, 149, 150, 151, 152, 153, 155, 158, 163, 165, 166, 168, 169, 170, 172, 173, 192, 193, 198, 200, 201, 202, 204, 205, 206, 208, 210, 211, 213, 214, 216, 217, 218, 251, 256, 257, 258, 260, 262, 266, 267, 269, 270, 274, 275, 276, 277, 278, 281, 300, 302, 303, 305, 307, 308, 309, 310, 311, 313, 314], "excluded_lines": [], "functions": {"CloudDataProvider.__init__": {"executed_lines": [35, 38, 39, 48, 49, 51], "summary": {"covered_lines": 6, "num_statements": 6, "percent_covered": 100.0, "percent_covered_display": "100.0", "missing_lines": 0, "excluded_lines": 0}, "missing_lines": [], "excluded_lines": []}, "CloudDataProvider.get_instruments_from_gcs": {"executed_lines": [], "summary": {"covered_lines": 0, "num_statements": 23, "percent_covered": 0.0, "percent_covered_display": "0.0", "missing_lines": 23, "excluded_lines": 0}, "missing_lines": [70, 71, 72, 74, 76, 77, 79, 80, 83, 84, 85, 86, 87, 89, 92, 97, 99, 100, 102, 103, 104, 106, 107], "excluded_lines": []}, "CloudDataProvider.get_instruments_from_category": {"executed_lines": [], "summary": {"covered_lines": 0, "num_statements": 27, "percent_covered": 0.0, "percent_covered_display": "0.0", "missing_lines": 27, "excluded_lines": 0}, "missing_lines": [121, 122, 123, 125, 127, 128, 129, 132, 135, 141, 145, 146, 149, 150, 151, 152, 153, 155, 158, 163, 165, 166, 168, 169, 170, 172, 173], "excluded_lines": []}, "CloudDataProvider.get_instruments_from_bigquery": {"executed_lines": [], "summary": {"covered_lines": 0, "num_statements": 17, "percent_covered": 0.0, "percent_covered_display": "0.0", "missing_lines": 17, "excluded_lines": 0}, "missing_lines": [192, 193, 198, 200, 201, 202, 204, 205, 206, 208, 210, 211, 213, 214, 216, 217, 218], "excluded_lines": []}, "CloudDataProvider.check_instruments_exist": {"executed_lines": [244, 247, 248, 249, 255, 284, 285, 287, 288, 291, 293, 294, 295, 298, 299], "summary": {"covered_lines": 15, "num_statements": 42, "percent_covered": 35.714285714285715, "percent_covered_display": "35.7", "missing_lines": 27, "excluded_lines": 0}, "missing_lines": [251, 256, 257, 258, 260, 262, 266, 267, 269, 270, 274, 275, 276, 277, 278, 281, 300, 302, 303, 305, 307, 308, 309, 310, 311, 313, 314], "excluded_lines": []}, "": {"executed_lines": [1, 8, 9, 10, 12, 13, 14, 16, 18, 21, 22, 28, 56, 109, 175, 220], "summary": {"covered_lines": 14, "num_statements": 14, "percent_covered": 100.0, "percent_covered_display": "100.0", "missing_lines": 0, "excluded_lines": 0}, "missing_lines": [], "excluded_lines": []}}, "classes": {"CloudDataProvider": {"executed_lines": [35, 38, 39, 48, 49, 51, 244, 247, 248, 249, 255, 284, 285, 287, 288, 291, 293, 294, 295, 298, 299], "summary": {"covered_lines": 21, "num_statements": 115, "percent_covered": 18.26086956521739, "percent_covered_display": "18.3", "missing_lines": 94, "excluded_lines": 0}, "missing_lines": [70, 71, 72, 74, 76, 77, 79, 80, 83, 84, 85, 86, 87, 89, 92, 97, 99, 100, 102, 103, 104, 106, 107, 121, 122, 123, 125, 127, 128, 129, 132, 135, 141, 145, 146, 149, 150, 151, 152, 153, 155, 158, 163, 165, 166, 168, 169, 170, 172, 173, 192, 193, 198, 200, 201, 202, 204, 205, 206, 208, 210, 211, 213, 214, 216, 217, 218, 251, 256, 257, 258, 260, 262, 266, 267, 269, 270, 274, 275, 276, 277, 278, 281, 300, 302, 303, 305, 307, 308, 309, 310, 311, 313, 314], "excluded_lines": []}, "": {"executed_lines": [1, 8, 9, 10, 12, 13, 14, 16, 18, 21, 22, 28, 56, 109, 175, 220], "summary": {"covered_lines": 14, "num_statements": 14, "percent_covered": 100.0, "percent_covered_display": "100.0", "missing_lines": 0, "excluded_lines": 0}, "missing_lines": [], "excluded_lines": []}}}, "instruments_service/app/core/cloud_instrument_storage.py": {"executed_lines": [1, 8, 10, 11, 12, 13, 14, 16, 17, 26, 28, 29, 31, 32, 35, 37, 39, 40, 43, 44, 52, 59, 69, 89, 97, 98, 100, 103, 104, 105, 107, 108, 123, 124, 153, 155, 156, 157, 158, 165, 170, 171, 173, 179, 180, 187, 188, 189, 193, 199, 200, 202, 203, 204, 205, 206, 207, 218, 219, 236, 237, 240, 241, 257, 258, 259, 262, 263, 264, 265, 269, 272, 274, 275, 276, 279, 281, 282, 284, 287, 291, 308, 309, 310, 311, 313, 314, 317, 318, 322, 323, 328, 336, 341, 342, 349, 358, 359, 360, 363, 364, 366, 372, 377, 382, 385, 386, 387, 388, 391, 400, 402, 403, 410, 416], "summary": {"covered_lines": 113, "num_statements": 181, "percent_covered": 62.430939226519335, "percent_covered_display": "62.4", "missing_lines": 68, "excluded_lines": 0}, "missing_lines": [33, 34, 60, 70, 71, 72, 73, 75, 76, 77, 79, 81, 91, 94, 115, 116, 174, 175, 176, 183, 184, 190, 208, 210, 211, 212, 213, 214, 222, 223, 224, 225, 228, 229, 230, 231, 233, 238, 243, 244, 245, 246, 247, 249, 250, 252, 312, 315, 316, 319, 329, 330, 331, 332, 333, 337, 350, 393, 394, 396, 397, 398, 408, 412, 413, 414, 436, 440], "excluded_lines": [], "functions": {"CloudInstrumentStorage.__init__": {"executed_lines": [59, 69, 89, 97, 98, 100, 103, 104, 105, 107, 108], "summary": {"covered_lines": 11, "num_statements": 25, "percent_covered": 44.0, "percent_covered_display": "44.0", "missing_lines": 14, "excluded_lines": 0}, "missing_lines": [60, 70, 71, 72, 73, 75, 76, 77, 79, 81, 91, 94, 115, 116], "excluded_lines": []}, "CloudInstrumentStorage.store_instruments": {"executed_lines": [153, 155, 156, 157, 158, 165, 170, 171, 173, 179, 180, 187, 188, 189, 193, 199, 200, 202, 203, 204, 205, 206, 207, 218, 219, 236, 237, 240, 241, 257, 258, 259, 262, 263, 264, 265, 269, 272, 274, 275, 276, 279, 281, 282, 284, 287, 291, 308, 309, 310, 311, 313, 314, 317, 318, 322, 323, 328, 336, 341, 342, 349, 358, 359, 360, 363, 364, 366, 372, 377, 382, 385, 386, 387, 388, 391, 400, 402, 403, 410], "summary": {"covered_lines": 80, "num_statements": 124, "percent_covered": 64.51612903225806, "percent_covered_display": "64.5", "missing_lines": 44, "excluded_lines": 0}, "missing_lines": [174, 175, 176, 183, 184, 190, 208, 210, 211, 212, 213, 214, 222, 223, 224, 225, 228, 229, 230, 231, 233, 238, 243, 252, 312, 315, 316, 319, 329, 330, 331, 332, 333, 337, 350, 393, 394, 396, 397, 398, 408, 412, 413, 414], "excluded_lines": []}, "CloudInstrumentStorage.store_instruments._row_to_market_category": {"executed_lines": [], "summary": {"covered_lines": 0, "num_statements": 6, "percent_covered": 0.0, "percent_covered_display": "0.0", "missing_lines": 6, "excluded_lines": 0}, "missing_lines": [244, 245, 246, 247, 249, 250], "excluded_lines": []}, "CloudInstrumentStorage.query_instruments": {"executed_lines": [], "summary": {"covered_lines": 0, "num_statements": 2, "percent_covered": 0.0, "percent_covered_display": "0.0", "missing_lines": 2, "excluded_lines": 0}, "missing_lines": [436, 440], "excluded_lines": []}, "": {"executed_lines": [1, 8, 10, 11, 12, 13, 14, 16, 17, 26, 28, 29, 31, 32, 35, 37, 39, 40, 43, 44, 52, 123, 124, 416], "summary": {"covered_lines": 22, "num_statements": 24, "percent_covered": 91.66666666666667, "percent_covered_display": "91.7", "missing_lines": 2, "excluded_lines": 0}, "missing_lines": [33, 34], "excluded_lines": []}}, "classes": {"CloudInstrumentStorage": {"executed_lines": [59, 69, 89, 97, 98, 100, 103, 104, 105, 107, 108, 153, 155, 156, 157, 158, 165, 170, 171, 173, 179, 180, 187, 188, 189, 193, 199, 200, 202, 203, 204, 205, 206, 207, 218, 219, 236, 237, 240, 241, 257, 258, 259, 262, 263, 264, 265, 269, 272, 274, 275, 276, 279, 281, 282, 284, 287, 291, 308, 309, 310, 311, 313, 314, 317, 318, 322, 323, 328, 336, 341, 342, 349, 358, 359, 360, 363, 364, 366, 372, 377, 382, 385, 386, 387, 388, 391, 400, 402, 403, 410], "summary": {"covered_lines": 91, "num_statements": 157, "percent_covered": 57.961783439490446, "percent_covered_display": "58.0", "missing_lines": 66, "excluded_lines": 0}, "missing_lines": [60, 70, 71, 72, 73, 75, 76, 77, 79, 81, 91, 94, 115, 116, 174, 175, 176, 183, 184, 190, 208, 210, 211, 212, 213, 214, 222, 223, 224, 225, 228, 229, 230, 231, 233, 238, 243, 244, 245, 246, 247, 249, 250, 252, 312, 315, 316, 319, 329, 330, 331, 332, 333, 337, 350, 393, 394, 396, 397, 398, 408, 412, 413, 414, 436, 440], "excluded_lines": []}, "": {"executed_lines": [1, 8, 10, 11, 12, 13, 14, 16, 17, 26, 28, 29, 31, 32, 35, 37, 39, 40, 43, 44, 52, 123, 124, 416], "summary": {"covered_lines": 22, "num_statements": 24, "percent_covered": 91.66666666666667, "percent_covered_display": "91.7", "missing_lines": 2, "excluded_lines": 0}, "missing_lines": [33, 34], "excluded_lines": []}}}, "instruments_service/cli/__init__.py": {"executed_lines": [], "summary": {"covered_lines": 0, "num_statements": 3, "percent_covered": 0.0, "percent_covered_display": "0.0", "missing_lines": 3, "excluded_lines": 0}, "missing_lines": [7, 8, 10], "excluded_lines": [], "functions": {"": {"executed_lines": [], "summary": {"covered_lines": 0, "num_statements": 3, "percent_covered": 0.0, "percent_covered_display": "0.0", "missing_lines": 3, "excluded_lines": 0}, "missing_lines": [7, 8, 10], "excluded_lines": []}}, "classes": {"": {"executed_lines": [], "summary": {"covered_lines": 0, "num_statements": 3, "percent_covered": 0.0, "percent_covered_display": "0.0", "missing_lines": 3, "excluded_lines": 0}, "missing_lines": [7, 8, 10], "excluded_lines": []}}}, "instruments_service/cli/base_handler.py": {"executed_lines": [], "summary": {"covered_lines": 0, "num_statements": 18, "percent_covered": 0.0, "percent_covered_display": "0.0", "missing_lines": 18, "excluded_lines": 39}, "missing_lines": [8, 9, 11, 14, 17, 35, 46, 47, 49, 52, 54, 56, 64, 65, 107, 117, 119, 121], "excluded_lines": [67, 68, 69, 70, 71, 72, 73, 74, 75, 76, 77, 78, 79, 80, 81, 82, 83, 84, 85, 86, 87, 88, 89, 90, 91, 92, 93, 94, 95, 96, 97, 98, 99, 100, 101, 102, 103, 104, 105], "functions": {"ModeHandler.__init__": {"executed_lines": [], "summary": {"covered_lines": 0, "num_statements": 5, "percent_covered": 0.0, "percent_covered_display": "0.0", "missing_lines": 5, "excluded_lines": 0}, "missing_lines": [46, 47, 49, 52, 54], "excluded_lines": []}, "ModeHandler._validate_config": {"executed_lines": [], "summary": {"covered_lines": 0, "num_statements": 2, "percent_covered": 0.0, "percent_covered_display": "0.0", "missing_lines": 2, "excluded_lines": 0}, "missing_lines": [64, 65], "excluded_lines": []}, "ModeHandler.run": {"executed_lines": [], "summary": {"covered_lines": 0, "num_statements": 0, "percent_covered": 100.0, "percent_covered_display": "100.0", "missing_lines": 0, "excluded_lines": 37}, "missing_lines": [], "excluded_lines": [69, 70, 71, 72, 73, 74, 75, 76, 77, 78, 79, 80, 81, 82, 83, 84, 85, 86, 87, 88, 89, 90, 91, 92, 93, 94, 95, 96, 97, 98, 99, 100, 101, 102, 103, 104, 105]}, "ModeHandler.cleanup": {"executed_lines": [], "summary": {"covered_lines": 0, "num_statements": 1, "percent_covered": 0.0, "percent_covered_display": "0.0", "missing_lines": 1, "excluded_lines": 0}, "missing_lines": [117], "excluded_lines": []}, "ModeHandler.__repr__": {"executed_lines": [], "summary": {"covered_lines": 0, "num_statements": 1, "percent_covered": 0.0, "percent_covered_display": "0.0", "missing_lines": 1, "excluded_lines": 0}, "missing_lines": [121], "excluded_lines": []}, "": {"executed_lines": [], "summary": {"covered_lines": 0, "num_statements": 9, "percent_covered": 0.0, "percent_covered_display": "0.0", "missing_lines": 9, "excluded_lines": 2}, "missing_lines": [8, 9, 11, 14, 17, 35, 56, 107, 119], "excluded_lines": [67, 68]}}, "classes": {"ModeHandler": {"executed_lines": [], "summary": {"covered_lines": 0, "num_statements": 9, "percent_covered": 0.0, "percent_covered_display": "0.0", "missing_lines": 9, "excluded_lines": 37}, "missing_lines": [46, 47, 49, 52, 54, 64, 65, 117, 121], "excluded_lines": [69, 70, 71, 72, 73, 74, 75, 76, 77, 78, 79, 80, 81, 82, 83, 84, 85, 86, 87, 88, 89, 90, 91, 92, 93, 94, 95, 96, 97, 98, 99, 100, 101, 102, 103, 104, 105]}, "": {"executed_lines": [], "summary": {"covered_lines": 0, "num_statements": 9, "percent_covered": 0.0, "percent_covered_display": "0.0", "missing_lines": 9, "excluded_lines": 2}, "missing_lines": [8, 9, 11, 14, 17, 35, 56, 107, 119], "excluded_lines": [67, 68]}}}, "instruments_service/cli/handlers/__init__.py": {"executed_lines": [], "summary": {"covered_lines": 0, "num_statements": 40, "percent_covered": 0.0, "percent_covered_display": "0.0", "missing_lines": 40, "excluded_lines": 0}, "missing_lines": [10, 11, 13, 15, 16, 17, 18, 19, 20, 21, 23, 26, 29, 31, 32, 35, 49, 50, 51, 52, 53, 54, 55, 56, 57, 58, 59, 60, 61, 62, 63, 64, 65, 66, 67, 69, 70, 72, 73, 76], "excluded_lines": [], "functions": {"register_handler": {"executed_lines": [], "summary": {"covered_lines": 0, "num_statements": 2, "percent_covered": 0.0, "percent_covered_display": "0.0", "missing_lines": 2, "excluded_lines": 0}, "missing_lines": [31, 32], "excluded_lines": []}, "get_handler_for_mode": {"executed_lines": [], "summary": {"covered_lines": 0, "num_statements": 23, "percent_covered": 0.0, "percent_covered_display": "0.0", "missing_lines": 23, "excluded_lines": 0}, "missing_lines": [49, 50, 51, 52, 53, 54, 55, 56, 57, 58, 59, 60, 61, 62, 63, 64, 65, 66, 67, 69, 70, 72, 73], "excluded_lines": []}, "": {"executed_lines": [], "summary": {"covered_lines": 0, "num_statements": 15, "percent_covered": 0.0, "percent_covered_display": "0.0", "missing_lines": 15, "excluded_lines": 0}, "missing_lines": [10, 11, 13, 15, 16, 17, 18, 19, 20, 21, 23, 26, 29, 35, 76], "excluded_lines": []}}, "classes": {"": {"executed_lines": [], "summary": {"covered_lines": 0, "num_statements": 40, "percent_covered": 0.0, "percent_covered_display": "0.0", "missing_lines": 40, "excluded_lines": 0}, "missing_lines": [10, 11, 13, 15, 16, 17, 18, 19, 20, 21, 23, 26, 29, 31, 32, 35, 49, 50, 51, 52, 53, 54, 55, 56, 57, 58, 59, 60, 61, 62, 63, 64, 65, 66, 67, 69, 70, 72, 73, 76], "excluded_lines": []}}}, "instruments_service/cli/handlers/aggregate_handler.py": {"executed_lines": [], "summary": {"covered_lines": 0, "num_statements": 121, "percent_covered": 0.0, "percent_covered_display": "0.0", "missing_lines": 121, "excluded_lines": 0}, "missing_lines": [10, 11, 12, 13, 14, 15, 17, 18, 20, 21, 22, 24, 26, 27, 28, 29, 30, 31, 34, 42, 44, 45, 47, 48, 50, 52, 53, 55, 56, 57, 62, 63, 64, 65, 66, 67, 68, 70, 72, 79, 86, 87, 89, 90, 92, 94, 95, 96, 99, 100, 101, 104, 105, 106, 112, 113, 115, 117, 121, 122, 124, 126, 127, 128, 129, 130, 131, 132, 133, 134, 135, 137, 138, 139, 141, 148, 149, 151, 158, 159, 162, 163, 164, 165, 167, 168, 169, 170, 171, 172, 173, 174, 175, 176, 177, 179, 182, 183, 184, 186, 187, 189, 191, 192, 193, 195, 196, 198, 199, 200, 201, 202, 203, 204, 205, 207, 209, 210, 212, 213, 214], "excluded_lines": [], "functions": {"AggregateHandler.run": {"executed_lines": [], "summary": {"covered_lines": 0, "num_statements": 19, "percent_covered": 0.0, "percent_covered_display": "0.0", "missing_lines": 19, "excluded_lines": 0}, "missing_lines": [44, 45, 47, 48, 50, 52, 53, 55, 56, 57, 62, 63, 64, 65, 66, 67, 68, 70, 72], "excluded_lines": []}, "AggregateHandler._aggregate_category": {"executed_lines": [], "summary": {"covered_lines": 0, "num_statements": 16, "percent_covered": 0.0, "percent_covered_display": "0.0", "missing_lines": 16, "excluded_lines": 0}, "missing_lines": [86, 87, 89, 90, 92, 94, 95, 96, 99, 100, 101, 104, 105, 106, 112, 113], "excluded_lines": []}, "AggregateHandler._load_all_from_gcs": {"executed_lines": [], "summary": {"covered_lines": 0, "num_statements": 17, "percent_covered": 0.0, "percent_covered_display": "0.0", "missing_lines": 17, "excluded_lines": 0}, "missing_lines": [117, 121, 122, 124, 126, 127, 128, 129, 130, 131, 132, 133, 134, 135, 137, 138, 139], "excluded_lines": []}, "AggregateHandler._download_parquet": {"executed_lines": [], "summary": {"covered_lines": 0, "num_statements": 2, "percent_covered": 0.0, "percent_covered_display": "0.0", "missing_lines": 2, "excluded_lines": 0}, "missing_lines": [148, 149], "excluded_lines": []}, "AggregateHandler._load_delta_and_merge": {"executed_lines": [], "summary": {"covered_lines": 0, "num_statements": 23, "percent_covered": 0.0, "percent_covered_display": "0.0", "missing_lines": 23, "excluded_lines": 0}, "missing_lines": [158, 159, 162, 163, 164, 165, 167, 168, 169, 170, 171, 172, 173, 174, 175, 176, 177, 179, 182, 183, 184, 186, 187], "excluded_lines": []}, "AggregateHandler._load_latest_aggregated": {"executed_lines": [], "summary": {"covered_lines": 0, "num_statements": 13, "percent_covered": 0.0, "percent_covered_display": "0.0", "missing_lines": 13, "excluded_lines": 0}, "missing_lines": [191, 192, 193, 195, 196, 198, 199, 200, 201, 202, 203, 204, 205], "excluded_lines": []}, "AggregateHandler._deduplicate": {"executed_lines": [], "summary": {"covered_lines": 0, "num_statements": 5, "percent_covered": 0.0, "percent_covered_display": "0.0", "missing_lines": 5, "excluded_lines": 0}, "missing_lines": [209, 210, 212, 213, 214], "excluded_lines": []}, "": {"executed_lines": [], "summary": {"covered_lines": 0, "num_statements": 26, "percent_covered": 0.0, "percent_covered_display": "0.0", "missing_lines": 26, "excluded_lines": 0}, "missing_lines": [10, 11, 12, 13, 14, 15, 17, 18, 20, 21, 22, 24, 26, 27, 28, 29, 30, 31, 34, 42, 79, 115, 141, 151, 189, 207], "excluded_lines": []}}, "classes": {"AggregateHandler": {"executed_lines": [], "summary": {"covered_lines": 0, "num_statements": 95, "percent_covered": 0.0, "percent_covered_display": "0.0", "missing_lines": 95, "excluded_lines": 0}, "missing_lines": [44, 45, 47, 48, 50, 52, 53, 55, 56, 57, 62, 63, 64, 65, 66, 67, 68, 70, 72, 86, 87, 89, 90, 92, 94, 95, 96, 99, 100, 101, 104, 105, 106, 112, 113, 117, 121, 122, 124, 126, 127, 128, 129, 130, 131, 132, 133, 134, 135, 137, 138, 139, 148, 149, 158, 159, 162, 163, 164, 165, 167, 168, 169, 170, 171, 172, 173, 174, 175, 176, 177, 179, 182, 183, 184, 186, 187, 191, 192, 193, 195, 196, 198, 199, 200, 201, 202, 203, 204, 205, 209, 210, 212, 213, 214], "excluded_lines": []}, "": {"executed_lines": [], "summary": {"covered_lines": 0, "num_statements": 26, "percent_covered": 0.0, "percent_covered_display": "0.0", "missing_lines": 26, "excluded_lines": 0}, "missing_lines": [10, 11, 12, 13, 14, 15, 17, 18, 20, 21, 22, 24, 26, 27, 28, 29, 30, 31, 34, 42, 79, 115, 141, 151, 189, 207], "excluded_lines": []}}}, "instruments_service/cli/handlers/corporate_actions_backfill_handler.py": {"executed_lines": [], "summary": {"covered_lines": 0, "num_statements": 192, "percent_covered": 0.0, "percent_covered_display": "0.0", "missing_lines": 192, "excluded_lines": 0}, "missing_lines": [37, 38, 39, 40, 41, 42, 44, 45, 47, 48, 49, 51, 54, 65, 66, 68, 71, 74, 75, 78, 79, 81, 82, 84, 86, 92, 93, 94, 96, 99, 104, 106, 108, 109, 110, 111, 112, 113, 114, 117, 118, 119, 120, 121, 122, 125, 132, 133, 134, 135, 136, 137, 138, 140, 141, 143, 144, 145, 147, 149, 150, 153, 154, 155, 158, 159, 161, 178, 179, 181, 190, 191, 194, 195, 197, 204, 207, 208, 209, 210, 213, 214, 215, 217, 218, 219, 221, 222, 223, 225, 226, 230, 232, 233, 234, 235, 237, 239, 241, 258, 259, 261, 262, 263, 264, 267, 268, 271, 274, 276, 277, 278, 281, 282, 284, 285, 287, 288, 289, 291, 301, 305, 306, 307, 309, 319, 320, 323, 324, 325, 326, 328, 339, 350, 351, 353, 354, 360, 363, 364, 367, 377, 379, 382, 383, 385, 387, 397, 399, 400, 402, 403, 404, 405, 411, 412, 413, 415, 447, 448, 450, 452, 475, 477, 478, 479, 480, 483, 485, 487, 498, 499, 500, 501, 502, 504, 505, 507, 508, 509, 521, 522, 525, 526, 528, 537, 538, 544, 545, 547, 557, 559], "excluded_lines": [], "functions": {"CorporateActionsBackfillHandler.__init__": {"executed_lines": [], "summary": {"covered_lines": 0, "num_statements": 10, "percent_covered": 0.0, "percent_covered_display": "0.0", "missing_lines": 10, "excluded_lines": 0}, "missing_lines": [66, 68, 71, 74, 75, 78, 79, 81, 82, 84], "excluded_lines": []}, "CorporateActionsBackfillHandler._get_tickers_from_gcs": {"executed_lines": [], "summary": {"covered_lines": 0, "num_statements": 20, "percent_covered": 0.0, "percent_covered_display": "0.0", "missing_lines": 20, "excluded_lines": 0}, "missing_lines": [92, 93, 94, 96, 99, 104, 106, 125, 132, 133, 134, 135, 136, 137, 138, 140, 141, 143, 144, 145], "excluded_lines": []}, "CorporateActionsBackfillHandler._get_tickers_from_gcs.try_load_tickers": {"executed_lines": [], "summary": {"covered_lines": 0, "num_statements": 13, "percent_covered": 0.0, "percent_covered_display": "0.0", "missing_lines": 13, "excluded_lines": 0}, "missing_lines": [108, 109, 110, 111, 112, 113, 114, 117, 118, 119, 120, 121, 122], "excluded_lines": []}, "CorporateActionsBackfillHandler._get_tickers": {"executed_lines": [], "summary": {"covered_lines": 0, "num_statements": 7, "percent_covered": 0.0, "percent_covered_display": "0.0", "missing_lines": 7, "excluded_lines": 0}, "missing_lines": [149, 150, 153, 154, 155, 158, 159], "excluded_lines": []}, "CorporateActionsBackfillHandler._fetch_ticker_full_history": {"executed_lines": [], "summary": {"covered_lines": 0, "num_statements": 31, "percent_covered": 0.0, "percent_covered_display": "0.0", "missing_lines": 31, "excluded_lines": 0}, "missing_lines": [178, 179, 181, 190, 191, 194, 195, 197, 204, 207, 208, 209, 210, 213, 214, 215, 217, 218, 219, 221, 222, 223, 225, 226, 230, 232, 233, 234, 235, 237, 239], "excluded_lines": []}, "CorporateActionsBackfillHandler._append_to_existing": {"executed_lines": [], "summary": {"covered_lines": 0, "num_statements": 20, "percent_covered": 0.0, "percent_covered_display": "0.0", "missing_lines": 20, "excluded_lines": 0}, "missing_lines": [258, 259, 261, 262, 263, 264, 267, 268, 271, 274, 276, 277, 278, 281, 282, 284, 285, 287, 288, 289], "excluded_lines": []}, "CorporateActionsBackfillHandler._update_ticker_registry": {"executed_lines": [], "summary": {"covered_lines": 0, "num_statements": 26, "percent_covered": 0.0, "percent_covered_display": "0.0", "missing_lines": 26, "excluded_lines": 0}, "missing_lines": [301, 305, 306, 307, 309, 319, 320, 323, 324, 325, 326, 328, 339, 350, 351, 353, 354, 360, 363, 364, 367, 377, 379, 382, 383, 385], "excluded_lines": []}, "CorporateActionsBackfillHandler._generate_coverage_report": {"executed_lines": [], "summary": {"covered_lines": 0, "num_statements": 14, "percent_covered": 0.0, "percent_covered_display": "0.0", "missing_lines": 14, "excluded_lines": 0}, "missing_lines": [397, 399, 400, 402, 403, 404, 405, 411, 412, 413, 415, 447, 448, 450], "excluded_lines": []}, "CorporateActionsBackfillHandler.run": {"executed_lines": [], "summary": {"covered_lines": 0, "num_statements": 28, "percent_covered": 0.0, "percent_covered_display": "0.0", "missing_lines": 28, "excluded_lines": 0}, "missing_lines": [475, 477, 478, 479, 480, 483, 485, 487, 498, 499, 500, 501, 502, 504, 505, 507, 508, 509, 521, 522, 525, 526, 528, 537, 538, 544, 545, 547], "excluded_lines": []}, "CorporateActionsBackfillHandler.cleanup": {"executed_lines": [], "summary": {"covered_lines": 0, "num_statements": 1, "percent_covered": 0.0, "percent_covered_display": "0.0", "missing_lines": 1, "excluded_lines": 0}, "missing_lines": [559], "excluded_lines": []}, "": {"executed_lines": [], "summary": {"covered_lines": 0, "num_statements": 22, "percent_covered": 0.0, "percent_covered_display": "0.0", "missing_lines": 22, "excluded_lines": 0}, "missing_lines": [37, 38, 39, 40, 41, 42, 44, 45, 47, 48, 49, 51, 54, 65, 86, 147, 161, 241, 291, 387, 452, 557], "excluded_lines": []}}, "classes": {"CorporateActionsBackfillHandler": {"executed_lines": [], "summary": {"covered_lines": 0, "num_statements": 170, "percent_covered": 0.0, "percent_covered_display": "0.0", "missing_lines": 170, "excluded_lines": 0}, "missing_lines": [66, 68, 71, 74, 75, 78, 79, 81, 82, 84, 92, 93, 94, 96, 99, 104, 106, 108, 109, 110, 111, 112, 113, 114, 117, 118, 119, 120, 121, 122, 125, 132, 133, 134, 135, 136, 137, 138, 140, 141, 143, 144, 145, 149, 150, 153, 154, 155, 158, 159, 178, 179, 181, 190, 191, 194, 195, 197, 204, 207, 208, 209, 210, 213, 214, 215, 217, 218, 219, 221, 222, 223, 225, 226, 230, 232, 233, 234, 235, 237, 239, 258, 259, 261, 262, 263, 264, 267, 268, 271, 274, 276, 277, 278, 281, 282, 284, 285, 287, 288, 289, 301, 305, 306, 307, 309, 319, 320, 323, 324, 325, 326, 328, 339, 350, 351, 353, 354, 360, 363, 364, 367, 377, 379, 382, 383, 385, 397, 399, 400, 402, 403, 404, 405, 411, 412, 413, 415, 447, 448, 450, 475, 477, 478, 479, 480, 483, 485, 487, 498, 499, 500, 501, 502, 504, 505, 507, 508, 509, 521, 522, 525, 526, 528, 537, 538, 544, 545, 547, 559], "excluded_lines": []}, "": {"executed_lines": [], "summary": {"covered_lines": 0, "num_statements": 22, "percent_covered": 0.0, "percent_covered_display": "0.0", "missing_lines": 22, "excluded_lines": 0}, "missing_lines": [37, 38, 39, 40, 41, 42, 44, 45, 47, 48, 49, 51, 54, 65, 86, 147, 161, 241, 291, 387, 452, 557], "excluded_lines": []}}}, "instruments_service/cli/handlers/corporate_actions_handler.py": {"executed_lines": [], "summary": {"covered_lines": 0, "num_statements": 210, "percent_covered": 0.0, "percent_covered_display": "0.0", "missing_lines": 210, "excluded_lines": 0}, "missing_lines": [19, 20, 21, 22, 24, 26, 27, 28, 30, 39, 53, 66, 84, 85, 88, 90, 91, 92, 93, 96, 110, 111, 113, 116, 119, 120, 122, 124, 137, 138, 139, 141, 144, 149, 151, 153, 154, 155, 156, 157, 158, 159, 162, 163, 164, 165, 166, 167, 168, 169, 170, 173, 174, 175, 176, 177, 178, 179, 180, 183, 190, 191, 192, 193, 194, 195, 196, 198, 199, 201, 202, 203, 204, 205, 206, 208, 217, 218, 221, 222, 223, 226, 227, 228, 230, 232, 233, 235, 249, 250, 251, 252, 253, 254, 255, 256, 257, 260, 261, 262, 263, 266, 268, 269, 272, 283, 286, 295, 301, 309, 312, 313, 314, 316, 323, 341, 344, 347, 348, 349, 351, 352, 353, 354, 357, 358, 359, 362, 363, 365, 368, 369, 372, 380, 382, 383, 385, 387, 388, 389, 390, 391, 393, 412, 413, 415, 416, 417, 420, 421, 423, 437, 438, 441, 442, 443, 444, 446, 447, 448, 451, 452, 453, 454, 456, 457, 458, 461, 462, 463, 464, 466, 467, 468, 470, 472, 484, 486, 487, 488, 490, 492, 493, 494, 495, 498, 499, 501, 506, 508, 509, 510, 511, 512, 515, 518, 519, 521, 522, 523, 525, 526, 528, 529, 530, 531, 532, 533, 535, 537], "excluded_lines": [], "functions": {"_get_tradfi_bucket": {"executed_lines": [], "summary": {"covered_lines": 0, "num_statements": 1, "percent_covered": 0.0, "percent_covered_display": "0.0", "missing_lines": 1, "excluded_lines": 0}, "missing_lines": [85], "excluded_lines": []}, "parse_date": {"executed_lines": [], "summary": {"covered_lines": 0, "num_statements": 4, "percent_covered": 0.0, "percent_covered_display": "0.0", "missing_lines": 4, "excluded_lines": 0}, "missing_lines": [90, 91, 92, 93], "excluded_lines": []}, "CorporateActionsHandler.__init__": {"executed_lines": [], "summary": {"covered_lines": 0, "num_statements": 6, "percent_covered": 0.0, "percent_covered_display": "0.0", "missing_lines": 6, "excluded_lines": 0}, "missing_lines": [111, 113, 116, 119, 120, 122], "excluded_lines": []}, "CorporateActionsHandler._get_tickers_from_gcs": {"executed_lines": [], "summary": {"covered_lines": 0, "num_statements": 31, "percent_covered": 0.0, "percent_covered_display": "0.0", "missing_lines": 31, "excluded_lines": 0}, "missing_lines": [137, 138, 139, 141, 144, 149, 151, 173, 174, 175, 176, 177, 178, 179, 180, 183, 190, 191, 192, 193, 194, 195, 196, 198, 199, 201, 202, 203, 204, 205, 206], "excluded_lines": []}, "CorporateActionsHandler._get_tickers_from_gcs.try_load_tickers": {"executed_lines": [], "summary": {"covered_lines": 0, "num_statements": 16, "percent_covered": 0.0, "percent_covered_display": "0.0", "missing_lines": 16, "excluded_lines": 0}, "missing_lines": [153, 154, 155, 156, 157, 158, 159, 162, 163, 164, 165, 166, 167, 168, 169, 170], "excluded_lines": []}, "CorporateActionsHandler._get_tickers": {"executed_lines": [], "summary": {"covered_lines": 0, "num_statements": 8, "percent_covered": 0.0, "percent_covered_display": "0.0", "missing_lines": 8, "excluded_lines": 0}, "missing_lines": [217, 218, 221, 222, 223, 226, 227, 228], "excluded_lines": []}, "CorporateActionsHandler._progress_callback": {"executed_lines": [], "summary": {"covered_lines": 0, "num_statements": 2, "percent_covered": 0.0, "percent_covered_display": "0.0", "missing_lines": 2, "excluded_lines": 0}, "missing_lines": [232, 233], "excluded_lines": []}, "CorporateActionsHandler.run": {"executed_lines": [], "summary": {"covered_lines": 0, "num_statements": 26, "percent_covered": 0.0, "percent_covered_display": "0.0", "missing_lines": 26, "excluded_lines": 0}, "missing_lines": [249, 250, 251, 252, 253, 254, 255, 256, 257, 260, 261, 262, 263, 266, 268, 269, 272, 283, 286, 295, 301, 309, 312, 313, 314, 316], "excluded_lines": []}, "CorporateActionsHandler._save_results": {"executed_lines": [], "summary": {"covered_lines": 0, "num_statements": 21, "percent_covered": 0.0, "percent_covered_display": "0.0", "missing_lines": 21, "excluded_lines": 0}, "missing_lines": [341, 344, 347, 348, 349, 351, 352, 353, 354, 357, 358, 359, 362, 363, 365, 368, 369, 372, 380, 382, 383], "excluded_lines": []}, "CorporateActionsHandler._normalize_date_column": {"executed_lines": [], "summary": {"covered_lines": 0, "num_statements": 5, "percent_covered": 0.0, "percent_covered_display": "0.0", "missing_lines": 5, "excluded_lines": 0}, "missing_lines": [387, 388, 389, 390, 391], "excluded_lines": []}, "CorporateActionsHandler._filter_by_date": {"executed_lines": [], "summary": {"covered_lines": 0, "num_statements": 7, "percent_covered": 0.0, "percent_covered_display": "0.0", "missing_lines": 7, "excluded_lines": 0}, "missing_lines": [412, 413, 415, 416, 417, 420, 421], "excluded_lines": []}, "CorporateActionsHandler._write_day_files": {"executed_lines": [], "summary": {"covered_lines": 0, "num_statements": 24, "percent_covered": 0.0, "percent_covered_display": "0.0", "missing_lines": 24, "excluded_lines": 0}, "missing_lines": [437, 438, 441, 442, 443, 444, 446, 447, 448, 451, 452, 453, 454, 456, 457, 458, 461, 462, 463, 464, 466, 467, 468, 470], "excluded_lines": []}, "CorporateActionsHandler._upload_to_gcs": {"executed_lines": [], "summary": {"covered_lines": 0, "num_statements": 32, "percent_covered": 0.0, "percent_covered_display": "0.0", "missing_lines": 32, "excluded_lines": 0}, "missing_lines": [484, 486, 487, 488, 490, 492, 493, 494, 495, 498, 499, 501, 506, 508, 509, 510, 511, 512, 515, 518, 519, 521, 522, 523, 525, 526, 528, 529, 530, 531, 532, 533], "excluded_lines": []}, "CorporateActionsHandler.cleanup": {"executed_lines": [], "summary": {"covered_lines": 0, "num_statements": 1, "percent_covered": 0.0, "percent_covered_display": "0.0", "missing_lines": 1, "excluded_lines": 0}, "missing_lines": [537], "excluded_lines": []}, "": {"executed_lines": [], "summary": {"covered_lines": 0, "num_statements": 26, "percent_covered": 0.0, "percent_covered_display": "0.0", "missing_lines": 26, "excluded_lines": 0}, "missing_lines": [19, 20, 21, 22, 24, 26, 27, 28, 30, 39, 53, 66, 84, 88, 96, 110, 124, 208, 230, 235, 323, 385, 393, 423, 472, 535], "excluded_lines": []}}, "classes": {"CorporateActionsHandler": {"executed_lines": [], "summary": {"covered_lines": 0, "num_statements": 179, "percent_covered": 0.0, "percent_covered_display": "0.0", "missing_lines": 179, "excluded_lines": 0}, "missing_lines": [111, 113, 116, 119, 120, 122, 137, 138, 139, 141, 144, 149, 151, 153, 154, 155, 156, 157, 158, 159, 162, 163, 164, 165, 166, 167, 168, 169, 170, 173, 174, 175, 176, 177, 178, 179, 180, 183, 190, 191, 192, 193, 194, 195, 196, 198, 199, 201, 202, 203, 204, 205, 206, 217, 218, 221, 222, 223, 226, 227, 228, 232, 233, 249, 250, 251, 252, 253, 254, 255, 256, 257, 260, 261, 262, 263, 266, 268, 269, 272, 283, 286, 295, 301, 309, 312, 313, 314, 316, 341, 344, 347, 348, 349, 351, 352, 353, 354, 357, 358, 359, 362, 363, 365, 368, 369, 372, 380, 382, 383, 387, 388, 389, 390, 391, 412, 413, 415, 416, 417, 420, 421, 437, 438, 441, 442, 443, 444, 446, 447, 448, 451, 452, 453, 454, 456, 457, 458, 461, 462, 463, 464, 466, 467, 468, 470, 484, 486, 487, 488, 490, 492, 493, 494, 495, 498, 499, 501, 506, 508, 509, 510, 511, 512, 515, 518, 519, 521, 522, 523, 525, 526, 528, 529, 530, 531, 532, 533, 537], "excluded_lines": []}, "": {"executed_lines": [], "summary": {"covered_lines": 0, "num_statements": 31, "percent_covered": 0.0, "percent_covered_display": "0.0", "missing_lines": 31, "excluded_lines": 0}, "missing_lines": [19, 20, 21, 22, 24, 26, 27, 28, 30, 39, 53, 66, 84, 85, 88, 90, 91, 92, 93, 96, 110, 124, 208, 230, 235, 323, 385, 393, 423, 472, 535], "excluded_lines": []}}}, "instruments_service/cli/handlers/corporate_actions_production_handler.py": {"executed_lines": [], "summary": {"covered_lines": 0, "num_statements": 249, "percent_covered": 0.0, "percent_covered_display": "0.0", "missing_lines": 249, "excluded_lines": 0}, "missing_lines": [21, 22, 23, 24, 25, 26, 27, 28, 30, 32, 33, 34, 37, 39, 42, 45, 57, 58, 60, 63, 66, 67, 70, 71, 73, 74, 76, 77, 79, 80, 82, 89, 91, 92, 93, 94, 96, 97, 108, 115, 116, 118, 119, 121, 123, 130, 131, 132, 134, 137, 142, 145, 147, 148, 150, 151, 152, 153, 154, 155, 157, 158, 159, 161, 162, 163, 164, 166, 167, 169, 170, 171, 173, 188, 198, 200, 201, 203, 204, 206, 209, 211, 212, 213, 214, 216, 219, 221, 222, 223, 224, 226, 228, 230, 246, 247, 249, 250, 252, 253, 255, 256, 258, 275, 282, 283, 285, 286, 287, 289, 290, 291, 293, 294, 297, 298, 300, 301, 302, 304, 305, 306, 308, 309, 312, 313, 315, 316, 317, 319, 320, 321, 323, 324, 326, 328, 340, 341, 343, 344, 345, 347, 350, 353, 357, 396, 397, 398, 400, 402, 409, 411, 412, 414, 415, 417, 418, 419, 422, 423, 426, 428, 429, 430, 433, 434, 435, 437, 438, 439, 441, 442, 443, 444, 445, 446, 447, 448, 449, 451, 470, 471, 474, 475, 478, 479, 480, 481, 484, 485, 487, 488, 491, 492, 494, 495, 499, 500, 501, 502, 503, 506, 507, 513, 515, 516, 518, 519, 520, 531, 536, 539, 544, 549, 555, 556, 557, 559, 564, 565, 567, 568, 569, 572, 573, 574, 575, 584, 585, 587, 590, 591, 594, 595, 596, 598, 601, 602, 603, 604, 605, 606, 607, 608, 609, 610, 612, 630, 632], "excluded_lines": [], "functions": {"CorporateActionsProductionHandler.__init__": {"executed_lines": [], "summary": {"covered_lines": 0, "num_statements": 13, "percent_covered": 0.0, "percent_covered_display": "0.0", "missing_lines": 13, "excluded_lines": 0}, "missing_lines": [58, 60, 63, 66, 67, 70, 71, 73, 74, 76, 77, 79, 80], "excluded_lines": []}, "CorporateActionsProductionHandler._load_metadata": {"executed_lines": [], "summary": {"covered_lines": 0, "num_statements": 7, "percent_covered": 0.0, "percent_covered_display": "0.0", "missing_lines": 7, "excluded_lines": 0}, "missing_lines": [89, 91, 92, 93, 94, 96, 97], "excluded_lines": []}, "CorporateActionsProductionHandler._save_metadata": {"executed_lines": [], "summary": {"covered_lines": 0, "num_statements": 5, "percent_covered": 0.0, "percent_covered_display": "0.0", "missing_lines": 5, "excluded_lines": 0}, "missing_lines": [115, 116, 118, 119, 121], "excluded_lines": []}, "CorporateActionsProductionHandler._get_tickers_from_gcs": {"executed_lines": [], "summary": {"covered_lines": 0, "num_statements": 27, "percent_covered": 0.0, "percent_covered_display": "0.0", "missing_lines": 27, "excluded_lines": 0}, "missing_lines": [130, 131, 132, 134, 137, 142, 145, 147, 148, 150, 151, 152, 153, 154, 155, 157, 158, 159, 161, 162, 163, 164, 166, 167, 169, 170, 171], "excluded_lines": []}, "CorporateActionsProductionHandler._fetch_symbol_data": {"executed_lines": [], "summary": {"covered_lines": 0, "num_statements": 20, "percent_covered": 0.0, "percent_covered_display": "0.0", "missing_lines": 20, "excluded_lines": 0}, "missing_lines": [188, 198, 200, 201, 203, 204, 206, 209, 211, 212, 213, 214, 216, 219, 221, 222, 223, 224, 226, 228], "excluded_lines": []}, "CorporateActionsProductionHandler._save_by_ticker": {"executed_lines": [], "summary": {"covered_lines": 0, "num_statements": 8, "percent_covered": 0.0, "percent_covered_display": "0.0", "missing_lines": 8, "excluded_lines": 0}, "missing_lines": [246, 247, 249, 250, 252, 253, 255, 256], "excluded_lines": []}, "CorporateActionsProductionHandler._generate_by_date": {"executed_lines": [], "summary": {"covered_lines": 0, "num_statements": 32, "percent_covered": 0.0, "percent_covered_display": "0.0", "missing_lines": 32, "excluded_lines": 0}, "missing_lines": [275, 282, 283, 285, 286, 287, 289, 290, 291, 293, 294, 297, 298, 300, 301, 302, 304, 305, 306, 308, 309, 312, 313, 315, 316, 317, 319, 320, 321, 323, 324, 326], "excluded_lines": []}, "CorporateActionsProductionHandler._generate_coverage_report": {"executed_lines": [], "summary": {"covered_lines": 0, "num_statements": 13, "percent_covered": 0.0, "percent_covered_display": "0.0", "missing_lines": 13, "excluded_lines": 0}, "missing_lines": [340, 341, 343, 344, 345, 347, 350, 353, 357, 396, 397, 398, 400], "excluded_lines": []}, "CorporateActionsProductionHandler._upload_to_gcs": {"executed_lines": [], "summary": {"covered_lines": 0, "num_statements": 29, "percent_covered": 0.0, "percent_covered_display": "0.0", "missing_lines": 29, "excluded_lines": 0}, "missing_lines": [409, 411, 412, 414, 415, 417, 418, 419, 422, 423, 426, 428, 429, 430, 433, 434, 435, 437, 438, 439, 441, 442, 443, 444, 445, 446, 447, 448, 449], "excluded_lines": []}, "CorporateActionsProductionHandler.run": {"executed_lines": [], "summary": {"covered_lines": 0, "num_statements": 67, "percent_covered": 0.0, "percent_covered_display": "0.0", "missing_lines": 67, "excluded_lines": 0}, "missing_lines": [470, 471, 474, 475, 478, 479, 480, 481, 484, 485, 487, 488, 491, 492, 494, 495, 499, 500, 501, 502, 503, 506, 507, 513, 515, 516, 518, 519, 520, 531, 536, 539, 544, 549, 555, 556, 557, 559, 564, 565, 567, 568, 569, 572, 573, 574, 575, 584, 585, 587, 590, 591, 594, 595, 596, 598, 601, 602, 603, 604, 605, 606, 607, 608, 609, 610, 612], "excluded_lines": []}, "CorporateActionsProductionHandler.cleanup": {"executed_lines": [], "summary": {"covered_lines": 0, "num_statements": 1, "percent_covered": 0.0, "percent_covered_display": "0.0", "missing_lines": 1, "excluded_lines": 0}, "missing_lines": [632], "excluded_lines": []}, "": {"executed_lines": [], "summary": {"covered_lines": 0, "num_statements": 27, "percent_covered": 0.0, "percent_covered_display": "0.0", "missing_lines": 27, "excluded_lines": 0}, "missing_lines": [21, 22, 23, 24, 25, 26, 27, 28, 30, 32, 33, 34, 37, 39, 42, 45, 57, 82, 108, 123, 173, 230, 258, 328, 402, 451, 630], "excluded_lines": []}}, "classes": {"CorporateActionsProductionHandler": {"executed_lines": [], "summary": {"covered_lines": 0, "num_statements": 222, "percent_covered": 0.0, "percent_covered_display": "0.0", "missing_lines": 222, "excluded_lines": 0}, "missing_lines": [58, 60, 63, 66, 67, 70, 71, 73, 74, 76, 77, 79, 80, 89, 91, 92, 93, 94, 96, 97, 115, 116, 118, 119, 121, 130, 131, 132, 134, 137, 142, 145, 147, 148, 150, 151, 152, 153, 154, 155, 157, 158, 159, 161, 162, 163, 164, 166, 167, 169, 170, 171, 188, 198, 200, 201, 203, 204, 206, 209, 211, 212, 213, 214, 216, 219, 221, 222, 223, 224, 226, 228, 246, 247, 249, 250, 252, 253, 255, 256, 275, 282, 283, 285, 286, 287, 289, 290, 291, 293, 294, 297, 298, 300, 301, 302, 304, 305, 306, 308, 309, 312, 313, 315, 316, 317, 319, 320, 321, 323, 324, 326, 340, 341, 343, 344, 345, 347, 350, 353, 357, 396, 397, 398, 400, 409, 411, 412, 414, 415, 417, 418, 419, 422, 423, 426, 428, 429, 430, 433, 434, 435, 437, 438, 439, 441, 442, 443, 444, 445, 446, 447, 448, 449, 470, 471, 474, 475, 478, 479, 480, 481, 484, 485, 487, 488, 491, 492, 494, 495, 499, 500, 501, 502, 503, 506, 507, 513, 515, 516, 518, 519, 520, 531, 536, 539, 544, 549, 555, 556, 557, 559, 564, 565, 567, 568, 569, 572, 573, 574, 575, 584, 585, 587, 590, 591, 594, 595, 596, 598, 601, 602, 603, 604, 605, 606, 607, 608, 609, 610, 612, 632], "excluded_lines": []}, "": {"executed_lines": [], "summary": {"covered_lines": 0, "num_statements": 27, "percent_covered": 0.0, "percent_covered_display": "0.0", "missing_lines": 27, "excluded_lines": 0}, "missing_lines": [21, 22, 23, 24, 25, 26, 27, 28, 30, 32, 33, 34, 37, 39, 42, 45, 57, 82, 108, 123, 173, 230, 258, 328, 402, 451, 630], "excluded_lines": []}}}, "instruments_service/cli/handlers/corporate_actions_update_handler.py": {"executed_lines": [], "summary": {"covered_lines": 0, "num_statements": 82, "percent_covered": 0.0, "percent_covered_display": "0.0", "missing_lines": 82, "excluded_lines": 0}, "missing_lines": [28, 29, 30, 31, 33, 35, 36, 37, 39, 42, 52, 53, 56, 59, 61, 63, 65, 67, 68, 69, 79, 80, 81, 83, 98, 99, 101, 104, 105, 107, 108, 109, 110, 113, 114, 115, 116, 119, 120, 123, 124, 125, 127, 128, 129, 132, 133, 134, 136, 137, 138, 140, 142, 164, 167, 168, 171, 172, 174, 175, 176, 186, 187, 190, 191, 199, 200, 201, 202, 205, 206, 207, 211, 212, 213, 214, 216, 217, 219, 231, 233, 234], "excluded_lines": [], "functions": {"CorporateActionsUpdateHandler.__init__": {"executed_lines": [], "summary": {"covered_lines": 0, "num_statements": 4, "percent_covered": 0.0, "percent_covered_display": "0.0", "missing_lines": 4, "excluded_lines": 0}, "missing_lines": [53, 56, 59, 61], "excluded_lines": []}, "CorporateActionsUpdateHandler._load_ticker_registry": {"executed_lines": [], "summary": {"covered_lines": 0, "num_statements": 7, "percent_covered": 0.0, "percent_covered_display": "0.0", "missing_lines": 7, "excluded_lines": 0}, "missing_lines": [65, 67, 68, 69, 79, 80, 81], "excluded_lines": []}, "CorporateActionsUpdateHandler._get_outdated_tickers": {"executed_lines": [], "summary": {"covered_lines": 0, "num_statements": 28, "percent_covered": 0.0, "percent_covered_display": "0.0", "missing_lines": 28, "excluded_lines": 0}, "missing_lines": [98, 99, 101, 104, 105, 107, 108, 109, 110, 113, 114, 115, 116, 119, 120, 123, 124, 125, 127, 128, 129, 132, 133, 134, 136, 137, 138, 140], "excluded_lines": []}, "CorporateActionsUpdateHandler.run": {"executed_lines": [], "summary": {"covered_lines": 0, "num_statements": 26, "percent_covered": 0.0, "percent_covered_display": "0.0", "missing_lines": 26, "excluded_lines": 0}, "missing_lines": [164, 167, 168, 171, 172, 174, 175, 176, 186, 187, 190, 191, 199, 200, 201, 202, 205, 206, 207, 211, 212, 213, 214, 216, 217, 219], "excluded_lines": []}, "CorporateActionsUpdateHandler.cleanup": {"executed_lines": [], "summary": {"covered_lines": 0, "num_statements": 2, "percent_covered": 0.0, "percent_covered_display": "0.0", "missing_lines": 2, "excluded_lines": 0}, "missing_lines": [233, 234], "excluded_lines": []}, "": {"executed_lines": [], "summary": {"covered_lines": 0, "num_statements": 15, "percent_covered": 0.0, "percent_covered_display": "0.0", "missing_lines": 15, "excluded_lines": 0}, "missing_lines": [28, 29, 30, 31, 33, 35, 36, 37, 39, 42, 52, 63, 83, 142, 231], "excluded_lines": []}}, "classes": {"CorporateActionsUpdateHandler": {"executed_lines": [], "summary": {"covered_lines": 0, "num_statements": 67, "percent_covered": 0.0, "percent_covered_display": "0.0", "missing_lines": 67, "excluded_lines": 0}, "missing_lines": [53, 56, 59, 61, 65, 67, 68, 69, 79, 80, 81, 98, 99, 101, 104, 105, 107, 108, 109, 110, 113, 114, 115, 116, 119, 120, 123, 124, 125, 127, 128, 129, 132, 133, 134, 136, 137, 138, 140, 164, 167, 168, 171, 172, 174, 175, 176, 186, 187, 190, 191, 199, 200, 201, 202, 205, 206, 207, 211, 212, 213, 214, 216, 217, 219, 233, 234], "excluded_lines": []}, "": {"executed_lines": [], "summary": {"covered_lines": 0, "num_statements": 15, "percent_covered": 0.0, "percent_covered_display": "0.0", "missing_lines": 15, "excluded_lines": 0}, "missing_lines": [28, 29, 30, 31, 33, 35, 36, 37, 39, 42, 52, 63, 83, 142, 231], "excluded_lines": []}}}, "instruments_service/cli/handlers/generate_date_views_handler.py": {"executed_lines": [], "summary": {"covered_lines": 0, "num_statements": 87, "percent_covered": 0.0, "percent_covered_display": "0.0", "missing_lines": 87, "excluded_lines": 0}, "missing_lines": [36, 37, 38, 39, 41, 43, 45, 48, 49, 50, 51, 54, 64, 65, 66, 68, 83, 84, 86, 88, 89, 90, 91, 93, 94, 95, 96, 97, 98, 100, 101, 103, 104, 105, 107, 126, 127, 128, 131, 134, 136, 137, 138, 139, 141, 142, 143, 146, 147, 149, 150, 152, 153, 155, 174, 175, 176, 177, 179, 180, 183, 184, 187, 189, 190, 191, 193, 196, 197, 200, 201, 202, 203, 205, 208, 211, 218, 225, 226, 228, 229, 230, 233, 234, 236, 242, 244], "excluded_lines": [], "functions": {"GenerateDateViewsHandler.__init__": {"executed_lines": [], "summary": {"covered_lines": 0, "num_statements": 2, "percent_covered": 0.0, "percent_covered_display": "0.0", "missing_lines": 2, "excluded_lines": 0}, "missing_lines": [65, 66], "excluded_lines": []}, "GenerateDateViewsHandler._load_all_tickers_data": {"executed_lines": [], "summary": {"covered_lines": 0, "num_statements": 18, "percent_covered": 0.0, "percent_covered_display": "0.0", "missing_lines": 18, "excluded_lines": 0}, "missing_lines": [83, 84, 86, 88, 89, 90, 91, 93, 94, 95, 96, 97, 98, 100, 101, 103, 104, 105], "excluded_lines": []}, "GenerateDateViewsHandler._generate_date_partitions": {"executed_lines": [], "summary": {"covered_lines": 0, "num_statements": 18, "percent_covered": 0.0, "percent_covered_display": "0.0", "missing_lines": 18, "excluded_lines": 0}, "missing_lines": [126, 127, 128, 131, 134, 136, 137, 138, 139, 141, 142, 143, 146, 147, 149, 150, 152, 153], "excluded_lines": []}, "GenerateDateViewsHandler.run": {"executed_lines": [], "summary": {"covered_lines": 0, "num_statements": 31, "percent_covered": 0.0, "percent_covered_display": "0.0", "missing_lines": 31, "excluded_lines": 0}, "missing_lines": [174, 175, 176, 177, 179, 180, 183, 184, 187, 189, 190, 191, 193, 196, 197, 200, 201, 202, 203, 205, 208, 211, 218, 225, 226, 228, 229, 230, 233, 234, 236], "excluded_lines": []}, "GenerateDateViewsHandler.cleanup": {"executed_lines": [], "summary": {"covered_lines": 0, "num_statements": 1, "percent_covered": 0.0, "percent_covered_display": "0.0", "missing_lines": 1, "excluded_lines": 0}, "missing_lines": [244], "excluded_lines": []}, "": {"executed_lines": [], "summary": {"covered_lines": 0, "num_statements": 17, "percent_covered": 0.0, "percent_covered_display": "0.0", "missing_lines": 17, "excluded_lines": 0}, "missing_lines": [36, 37, 38, 39, 41, 43, 45, 48, 49, 50, 51, 54, 64, 68, 107, 155, 242], "excluded_lines": []}}, "classes": {"_ActionTypeStats": {"executed_lines": [], "summary": {"covered_lines": 0, "num_statements": 0, "percent_covered": 100.0, "percent_covered_display": "100.0", "missing_lines": 0, "excluded_lines": 0}, "missing_lines": [], "excluded_lines": []}, "GenerateDateViewsHandler": {"executed_lines": [], "summary": {"covered_lines": 0, "num_statements": 70, "percent_covered": 0.0, "percent_covered_display": "0.0", "missing_lines": 70, "excluded_lines": 0}, "missing_lines": [65, 66, 83, 84, 86, 88, 89, 90, 91, 93, 94, 95, 96, 97, 98, 100, 101, 103, 104, 105, 126, 127, 128, 131, 134, 136, 137, 138, 139, 141, 142, 143, 146, 147, 149, 150, 152, 153, 174, 175, 176, 177, 179, 180, 183, 184, 187, 189, 190, 191, 193, 196, 197, 200, 201, 202, 203, 205, 208, 211, 218, 225, 226, 228, 229, 230, 233, 234, 236, 244], "excluded_lines": []}, "": {"executed_lines": [], "summary": {"covered_lines": 0, "num_statements": 17, "percent_covered": 0.0, "percent_covered_display": "0.0", "missing_lines": 17, "excluded_lines": 0}, "missing_lines": [36, 37, 38, 39, 41, 43, 45, 48, 49, 50, 51, 54, 64, 68, 107, 155, 242], "excluded_lines": []}}}, "instruments_service/cli/handlers/instrument_handler.py": {"executed_lines": [], "summary": {"covered_lines": 0, "num_statements": 209, "percent_covered": 0.0, "percent_covered_display": "0.0", "missing_lines": 209, "excluded_lines": 0}, "missing_lines": [8, 9, 10, 11, 13, 14, 16, 17, 18, 19, 20, 21, 22, 24, 27, 29, 30, 31, 32, 33, 37, 40, 41, 42, 45, 48, 49, 50, 51, 52, 55, 58, 59, 62, 65, 70, 73, 76, 78, 80, 95, 98, 99, 102, 103, 104, 105, 106, 107, 109, 111, 113, 114, 115, 116, 117, 118, 119, 120, 122, 130, 131, 132, 134, 135, 136, 137, 140, 141, 142, 145, 146, 151, 152, 153, 156, 157, 158, 160, 161, 162, 163, 164, 165, 166, 167, 170, 173, 175, 176, 177, 178, 179, 181, 182, 183, 184, 185, 188, 189, 190, 191, 192, 193, 194, 198, 201, 202, 204, 206, 207, 208, 210, 212, 213, 215, 216, 217, 218, 219, 220, 221, 224, 225, 234, 235, 238, 243, 244, 246, 247, 248, 249, 250, 253, 256, 257, 258, 260, 261, 263, 264, 265, 267, 271, 272, 275, 278, 279, 280, 281, 286, 291, 292, 293, 294, 297, 298, 301, 302, 306, 321, 322, 323, 324, 326, 327, 328, 329, 330, 331, 332, 335, 340, 341, 342, 343, 346, 347, 356, 357, 358, 359, 360, 364, 368, 369, 370, 374, 376, 380, 383, 384, 386, 387, 388, 389, 390, 391, 392, 395, 396, 398, 400, 420, 422, 424, 425, 426], "excluded_lines": [], "functions": {"_to_int": {"executed_lines": [], "summary": {"covered_lines": 0, "num_statements": 5, "percent_covered": 0.0, "percent_covered_display": "0.0", "missing_lines": 5, "excluded_lines": 0}, "missing_lines": [29, 30, 31, 32, 33], "excluded_lines": []}, "InstrumentHandler.__init__": {"executed_lines": [], "summary": {"covered_lines": 0, "num_statements": 7, "percent_covered": 0.0, "percent_covered_display": "0.0", "missing_lines": 7, "excluded_lines": 0}, "missing_lines": [59, 62, 65, 70, 73, 76, 78], "excluded_lines": []}, "InstrumentHandler._get_venues_to_process": {"executed_lines": [], "summary": {"covered_lines": 0, "num_statements": 10, "percent_covered": 0.0, "percent_covered_display": "0.0", "missing_lines": 10, "excluded_lines": 0}, "missing_lines": [95, 98, 99, 102, 103, 104, 105, 106, 107, 109], "excluded_lines": []}, "InstrumentHandler.run": {"executed_lines": [], "summary": {"covered_lines": 0, "num_statements": 8, "percent_covered": 0.0, "percent_covered_display": "0.0", "missing_lines": 8, "excluded_lines": 0}, "missing_lines": [113, 114, 115, 116, 117, 118, 119, 120], "excluded_lines": []}, "InstrumentHandler._execute_instrument_generation": {"executed_lines": [], "summary": {"covered_lines": 0, "num_statements": 145, "percent_covered": 0.0, "percent_covered_display": "0.0", "missing_lines": 145, "excluded_lines": 0}, "missing_lines": [130, 131, 132, 134, 135, 136, 137, 140, 141, 142, 145, 146, 151, 152, 153, 156, 157, 158, 160, 161, 162, 163, 164, 165, 166, 167, 170, 173, 175, 176, 177, 178, 179, 181, 182, 183, 184, 185, 188, 189, 190, 191, 192, 193, 194, 198, 201, 202, 204, 206, 207, 208, 210, 212, 213, 215, 216, 217, 218, 219, 220, 221, 224, 225, 234, 235, 238, 243, 244, 246, 247, 248, 249, 250, 253, 256, 257, 258, 260, 261, 263, 264, 265, 267, 271, 272, 275, 278, 279, 280, 281, 286, 291, 292, 293, 294, 297, 298, 301, 302, 306, 321, 322, 323, 324, 326, 327, 328, 329, 330, 331, 332, 335, 340, 341, 342, 343, 346, 347, 356, 357, 358, 359, 360, 364, 368, 369, 370, 374, 376, 380, 383, 384, 386, 387, 388, 389, 390, 391, 392, 395, 396, 398, 400, 420], "excluded_lines": []}, "InstrumentHandler.cleanup": {"executed_lines": [], "summary": {"covered_lines": 0, "num_statements": 3, "percent_covered": 0.0, "percent_covered_display": "0.0", "missing_lines": 3, "excluded_lines": 0}, "missing_lines": [424, 425, 426], "excluded_lines": []}, "": {"executed_lines": [], "summary": {"covered_lines": 0, "num_statements": 31, "percent_covered": 0.0, "percent_covered_display": "0.0", "missing_lines": 31, "excluded_lines": 0}, "missing_lines": [8, 9, 10, 11, 13, 14, 16, 17, 18, 19, 20, 21, 22, 24, 27, 37, 40, 41, 42, 45, 48, 49, 50, 51, 52, 55, 58, 80, 111, 122, 422], "excluded_lines": []}}, "classes": {"InstrumentHandlerConfig": {"executed_lines": [], "summary": {"covered_lines": 0, "num_statements": 0, "percent_covered": 100.0, "percent_covered_display": "100.0", "missing_lines": 0, "excluded_lines": 0}, "missing_lines": [], "excluded_lines": []}, "InstrumentGenerationKwargs": {"executed_lines": [], "summary": {"covered_lines": 0, "num_statements": 0, "percent_covered": 100.0, "percent_covered_display": "100.0", "missing_lines": 0, "excluded_lines": 0}, "missing_lines": [], "excluded_lines": []}, "InstrumentHandler": {"executed_lines": [], "summary": {"covered_lines": 0, "num_statements": 173, "percent_covered": 0.0, "percent_covered_display": "0.0", "missing_lines": 173, "excluded_lines": 0}, "missing_lines": [59, 62, 65, 70, 73, 76, 78, 95, 98, 99, 102, 103, 104, 105, 106, 107, 109, 113, 114, 115, 116, 117, 118, 119, 120, 130, 131, 132, 134, 135, 136, 137, 140, 141, 142, 145, 146, 151, 152, 153, 156, 157, 158, 160, 161, 162, 163, 164, 165, 166, 167, 170, 173, 175, 176, 177, 178, 179, 181, 182, 183, 184, 185, 188, 189, 190, 191, 192, 193, 194, 198, 201, 202, 204, 206, 207, 208, 210, 212, 213, 215, 216, 217, 218, 219, 220, 221, 224, 225, 234, 235, 238, 243, 244, 246, 247, 248, 249, 250, 253, 256, 257, 258, 260, 261, 263, 264, 265, 267, 271, 272, 275, 278, 279, 280, 281, 286, 291, 292, 293, 294, 297, 298, 301, 302, 306, 321, 322, 323, 324, 326, 327, 328, 329, 330, 331, 332, 335, 340, 341, 342, 343, 346, 347, 356, 357, 358, 359, 360, 364, 368, 369, 370, 374, 376, 380, 383, 384, 386, 387, 388, 389, 390, 391, 392, 395, 396, 398, 400, 420, 424, 425, 426], "excluded_lines": []}, "": {"executed_lines": [], "summary": {"covered_lines": 0, "num_statements": 36, "percent_covered": 0.0, "percent_covered_display": "0.0", "missing_lines": 36, "excluded_lines": 0}, "missing_lines": [8, 9, 10, 11, 13, 14, 16, 17, 18, 19, 20, 21, 22, 24, 27, 29, 30, 31, 32, 33, 37, 40, 41, 42, 45, 48, 49, 50, 51, 52, 55, 58, 80, 111, 122, 422], "excluded_lines": []}}}, "instruments_service/cli/handlers/live_mode_handler.py": {"executed_lines": [], "summary": {"covered_lines": 0, "num_statements": 123, "percent_covered": 0.0, "percent_covered_display": "0.0", "missing_lines": 123, "excluded_lines": 0}, "missing_lines": [14, 15, 16, 17, 18, 19, 21, 24, 25, 27, 28, 29, 31, 34, 37, 40, 41, 42, 43, 44, 47, 56, 57, 60, 63, 64, 66, 68, 76, 77, 78, 81, 83, 97, 100, 101, 103, 117, 118, 120, 121, 123, 125, 127, 139, 142, 143, 145, 154, 156, 157, 158, 159, 161, 162, 163, 164, 167, 169, 171, 173, 174, 175, 179, 189, 190, 191, 192, 193, 194, 195, 198, 202, 204, 205, 206, 207, 216, 219, 232, 241, 243, 244, 249, 251, 253, 254, 255, 257, 258, 260, 261, 263, 264, 266, 268, 269, 271, 272, 276, 278, 279, 280, 282, 283, 284, 286, 287, 289, 290, 291, 297, 305, 306, 312, 313, 314, 316, 318, 319, 320, 321, 323], "excluded_lines": [], "functions": {"LiveModeHandler.__init__": {"executed_lines": [], "summary": {"covered_lines": 0, "num_statements": 5, "percent_covered": 0.0, "percent_covered_display": "0.0", "missing_lines": 5, "excluded_lines": 0}, "missing_lines": [57, 60, 63, 64, 66], "excluded_lines": []}, "LiveModeHandler.run": {"executed_lines": [], "summary": {"covered_lines": 0, "num_statements": 4, "percent_covered": 0.0, "percent_covered_display": "0.0", "missing_lines": 4, "excluded_lines": 0}, "missing_lines": [76, 77, 78, 81], "excluded_lines": []}, "LiveModeHandler._run_live_mode": {"executed_lines": [], "summary": {"covered_lines": 0, "num_statements": 25, "percent_covered": 0.0, "percent_covered_display": "0.0", "missing_lines": 25, "excluded_lines": 0}, "missing_lines": [97, 100, 101, 103, 117, 118, 120, 121, 123, 125, 127, 139, 142, 143, 145, 154, 156, 157, 158, 159, 161, 162, 163, 164, 167], "excluded_lines": []}, "LiveModeHandler._process_cycle": {"executed_lines": [], "summary": {"covered_lines": 0, "num_statements": 25, "percent_covered": 0.0, "percent_covered_display": "0.0", "missing_lines": 25, "excluded_lines": 0}, "missing_lines": [171, 173, 174, 175, 179, 189, 190, 191, 192, 193, 194, 195, 198, 202, 204, 205, 206, 207, 216, 219, 232, 241, 243, 244, 249], "excluded_lines": []}, "LiveModeHandler._calculate_next_aligned_time": {"executed_lines": [], "summary": {"covered_lines": 0, "num_statements": 9, "percent_covered": 0.0, "percent_covered_display": "0.0", "missing_lines": 9, "excluded_lines": 0}, "missing_lines": [253, 254, 255, 257, 258, 260, 261, 263, 264], "excluded_lines": []}, "LiveModeHandler._get_live_gcs_path": {"executed_lines": [], "summary": {"covered_lines": 0, "num_statements": 4, "percent_covered": 0.0, "percent_covered_display": "0.0", "missing_lines": 4, "excluded_lines": 0}, "missing_lines": [268, 269, 271, 272], "excluded_lines": []}, "LiveModeHandler._start_persistence_thread": {"executed_lines": [], "summary": {"covered_lines": 0, "num_statements": 7, "percent_covered": 0.0, "percent_covered_display": "0.0", "missing_lines": 7, "excluded_lines": 0}, "missing_lines": [278, 279, 280, 282, 312, 313, 314], "excluded_lines": []}, "LiveModeHandler._start_persistence_thread.worker": {"executed_lines": [], "summary": {"covered_lines": 0, "num_statements": 10, "percent_covered": 0.0, "percent_covered_display": "0.0", "missing_lines": 10, "excluded_lines": 0}, "missing_lines": [283, 284, 286, 287, 289, 290, 291, 297, 305, 306], "excluded_lines": []}, "LiveModeHandler._cleanup": {"executed_lines": [], "summary": {"covered_lines": 0, "num_statements": 5, "percent_covered": 0.0, "percent_covered_display": "0.0", "missing_lines": 5, "excluded_lines": 0}, "missing_lines": [318, 319, 320, 321, 323], "excluded_lines": []}, "": {"executed_lines": [], "summary": {"covered_lines": 0, "num_statements": 29, "percent_covered": 0.0, "percent_covered_display": "0.0", "missing_lines": 29, "excluded_lines": 0}, "missing_lines": [14, 15, 16, 17, 18, 19, 21, 24, 25, 27, 28, 29, 31, 34, 37, 40, 41, 42, 43, 44, 47, 56, 68, 83, 169, 251, 266, 276, 316], "excluded_lines": []}}, "classes": {"_PersistenceItem": {"executed_lines": [], "summary": {"covered_lines": 0, "num_statements": 0, "percent_covered": 100.0, "percent_covered_display": "100.0", "missing_lines": 0, "excluded_lines": 0}, "missing_lines": [], "excluded_lines": []}, "LiveModeHandler": {"executed_lines": [], "summary": {"covered_lines": 0, "num_statements": 94, "percent_covered": 0.0, "percent_covered_display": "0.0", "missing_lines": 94, "excluded_lines": 0}, "missing_lines": [57, 60, 63, 64, 66, 76, 77, 78, 81, 97, 100, 101, 103, 117, 118, 120, 121, 123, 125, 127, 139, 142, 143, 145, 154, 156, 157, 158, 159, 161, 162, 163, 164, 167, 171, 173, 174, 175, 179, 189, 190, 191, 192, 193, 194, 195, 198, 202, 204, 205, 206, 207, 216, 219, 232, 241, 243, 244, 249, 253, 254, 255, 257, 258, 260, 261, 263, 264, 268, 269, 271, 272, 278, 279, 280, 282, 283, 284, 286, 287, 289, 290, 291, 297, 305, 306, 312, 313, 314, 318, 319, 320, 321, 323], "excluded_lines": []}, "": {"executed_lines": [], "summary": {"covered_lines": 0, "num_statements": 29, "percent_covered": 0.0, "percent_covered_display": "0.0", "missing_lines": 29, "excluded_lines": 0}, "missing_lines": [14, 15, 16, 17, 18, 19, 21, 24, 25, 27, 28, 29, 31, 34, 37, 40, 41, 42, 43, 44, 47, 56, 68, 83, 169, 251, 266, 276, 316], "excluded_lines": []}}}, "instruments_service/cli/main.py": {"executed_lines": [], "summary": {"covered_lines": 0, "num_statements": 136, "percent_covered": 0.0, "percent_covered_display": "0.0", "missing_lines": 136, "excluded_lines": 0}, "missing_lines": [13, 14, 15, 16, 17, 21, 22, 23, 26, 27, 29, 31, 32, 33, 34, 37, 40, 42, 44, 46, 49, 51, 56, 57, 59, 60, 61, 62, 63, 64, 66, 67, 68, 71, 79, 81, 89, 92, 93, 94, 97, 99, 101, 104, 105, 107, 108, 109, 112, 119, 120, 123, 126, 127, 128, 129, 132, 133, 136, 137, 138, 139, 142, 143, 146, 147, 148, 149, 150, 151, 154, 155, 156, 157, 158, 159, 160, 161, 162, 163, 166, 167, 170, 172, 173, 174, 177, 178, 179, 180, 181, 182, 184, 185, 189, 191, 192, 193, 194, 195, 196, 197, 200, 201, 202, 203, 204, 205, 208, 209, 212, 213, 216, 220, 222, 223, 225, 226, 231, 233, 234, 235, 238, 240, 241, 242, 243, 244, 245, 246, 247, 248, 251, 252, 256, 257], "excluded_lines": [], "functions": {"_load_env_early": {"executed_lines": [], "summary": {"covered_lines": 0, "num_statements": 9, "percent_covered": 0.0, "percent_covered_display": "0.0", "missing_lines": 9, "excluded_lines": 0}, "missing_lines": [22, 23, 26, 27, 29, 31, 32, 33, 34], "excluded_lines": []}, "main": {"executed_lines": [], "summary": {"covered_lines": 0, "num_statements": 84, "percent_covered": 0.0, "percent_covered_display": "0.0", "missing_lines": 84, "excluded_lines": 0}, "missing_lines": [79, 81, 97, 99, 101, 104, 105, 107, 108, 109, 112, 119, 120, 123, 126, 127, 128, 129, 132, 133, 136, 137, 138, 139, 142, 143, 146, 147, 148, 149, 150, 151, 154, 155, 156, 157, 158, 159, 160, 161, 162, 163, 166, 167, 170, 172, 173, 174, 177, 178, 179, 180, 181, 182, 184, 185, 189, 191, 192, 193, 194, 195, 196, 197, 200, 201, 202, 203, 204, 205, 208, 209, 212, 213, 216, 220, 222, 223, 225, 226, 231, 233, 234, 235], "excluded_lines": []}, "main.cleanup_on_signal": {"executed_lines": [], "summary": {"covered_lines": 0, "num_statements": 4, "percent_covered": 0.0, "percent_covered_display": "0.0", "missing_lines": 4, "excluded_lines": 0}, "missing_lines": [89, 92, 93, 94], "excluded_lines": []}, "run_cli": {"executed_lines": [], "summary": {"covered_lines": 0, "num_statements": 9, "percent_covered": 0.0, "percent_covered_display": "0.0", "missing_lines": 9, "excluded_lines": 0}, "missing_lines": [240, 241, 242, 243, 244, 245, 246, 247, 248], "excluded_lines": []}, "": {"executed_lines": [], "summary": {"covered_lines": 0, "num_statements": 30, "percent_covered": 0.0, "percent_covered_display": "0.0", "missing_lines": 30, "excluded_lines": 0}, "missing_lines": [13, 14, 15, 16, 17, 21, 37, 40, 42, 44, 46, 49, 51, 56, 57, 59, 60, 61, 62, 63, 64, 66, 67, 68, 71, 238, 251, 252, 256, 257], "excluded_lines": []}}, "classes": {"": {"executed_lines": [], "summary": {"covered_lines": 0, "num_statements": 136, "percent_covered": 0.0, "percent_covered_display": "0.0", "missing_lines": 136, "excluded_lines": 0}, "missing_lines": [13, 14, 15, 16, 17, 21, 22, 23, 26, 27, 29, 31, 32, 33, 34, 37, 40, 42, 44, 46, 49, 51, 56, 57, 59, 60, 61, 62, 63, 64, 66, 67, 68, 71, 79, 81, 89, 92, 93, 94, 97, 99, 101, 104, 105, 107, 108, 109, 112, 119, 120, 123, 126, 127, 128, 129, 132, 133, 136, 137, 138, 139, 142, 143, 146, 147, 148, 149, 150, 151, 154, 155, 156, 157, 158, 159, 160, 161, 162, 163, 166, 167, 170, 172, 173, 174, 177, 178, 179, 180, 181, 182, 184, 185, 189, 191, 192, 193, 194, 195, 196, 197, 200, 201, 202, 203, 204, 205, 208, 209, 212, 213, 216, 220, 222, 223, 225, 226, 231, 233, 234, 235, 238, 240, 241, 242, 243, 244, 245, 246, 247, 248, 251, 252, 256, 257], "excluded_lines": []}}}, "instruments_service/cli/parser.py": {"executed_lines": [], "summary": {"covered_lines": 0, "num_statements": 75, "percent_covered": 0.0, "percent_covered_display": "0.0", "missing_lines": 75, "excluded_lines": 0}, "missing_lines": [11, 12, 13, 15, 18, 21, 22, 23, 24, 25, 26, 27, 28, 29, 30, 31, 32, 33, 34, 35, 36, 37, 38, 39, 40, 41, 42, 43, 44, 45, 48, 60, 67, 89, 94, 101, 107, 113, 121, 128, 133, 140, 152, 161, 169, 177, 187, 192, 198, 205, 213, 219, 225, 230, 235, 243, 251, 254, 256, 259, 269, 270, 271, 274, 275, 276, 277, 278, 281, 282, 283, 284, 285, 292, 294], "excluded_lines": [], "functions": {"parse_arguments": {"executed_lines": [], "summary": {"covered_lines": 0, "num_statements": 28, "percent_covered": 0.0, "percent_covered_display": "0.0", "missing_lines": 28, "excluded_lines": 0}, "missing_lines": [60, 67, 89, 94, 101, 107, 113, 121, 128, 133, 140, 152, 161, 169, 177, 187, 192, 198, 205, 213, 219, 225, 230, 235, 243, 251, 254, 256], "excluded_lines": []}, "validate_arguments": {"executed_lines": [], "summary": {"covered_lines": 0, "num_statements": 13, "percent_covered": 0.0, "percent_covered_display": "0.0", "missing_lines": 13, "excluded_lines": 0}, "missing_lines": [269, 270, 271, 274, 275, 276, 277, 278, 281, 282, 283, 284, 285], "excluded_lines": []}, "_get_examples_text": {"executed_lines": [], "summary": {"covered_lines": 0, "num_statements": 1, "percent_covered": 0.0, "percent_covered_display": "0.0", "missing_lines": 1, "excluded_lines": 0}, "missing_lines": [294], "excluded_lines": []}, "": {"executed_lines": [], "summary": {"covered_lines": 0, "num_statements": 33, "percent_covered": 0.0, "percent_covered_display": "0.0", "missing_lines": 33, "excluded_lines": 0}, "missing_lines": [11, 12, 13, 15, 18, 21, 22, 23, 24, 25, 26, 27, 28, 29, 30, 31, 32, 33, 34, 35, 36, 37, 38, 39, 40, 41, 42, 43, 44, 45, 48, 259, 292], "excluded_lines": []}}, "classes": {"ParsedArgs": {"executed_lines": [], "summary": {"covered_lines": 0, "num_statements": 0, "percent_covered": 100.0, "percent_covered_display": "100.0", "missing_lines": 0, "excluded_lines": 0}, "missing_lines": [], "excluded_lines": []}, "": {"executed_lines": [], "summary": {"covered_lines": 0, "num_statements": 75, "percent_covered": 0.0, "percent_covered_display": "0.0", "missing_lines": 75, "excluded_lines": 0}, "missing_lines": [11, 12, 13, 15, 18, 21, 22, 23, 24, 25, 26, 27, 28, 29, 30, 31, 32, 33, 34, 35, 36, 37, 38, 39, 40, 41, 42, 43, 44, 45, 48, 60, 67, 89, 94, 101, 107, 113, 121, 128, 133, 140, 152, 161, 169, 177, 187, 192, 198, 205, 213, 219, 225, 230, 235, 243, 251, 254, 256, 259, 269, 270, 271, 274, 275, 276, 277, 278, 281, 282, 283, 284, 285, 292, 294], "excluded_lines": []}}}, "instruments_service/config.py": {"executed_lines": [], "summary": {"covered_lines": 0, "num_statements": 118, "percent_covered": 0.0, "percent_covered_display": "0.0", "missing_lines": 118, "excluded_lines": 0}, "missing_lines": [11, 12, 13, 16, 21, 24, 47, 158, 159, 160, 161, 164, 166, 191, 283, 294, 351, 363, 364, 367, 370, 371, 372, 373, 375, 376, 381, 384, 392, 393, 396, 397, 398, 400, 403, 404, 412, 413, 414, 415, 416, 417, 418, 419, 420, 424, 427, 428, 437, 438, 440, 442, 444, 446, 447, 449, 452, 453, 454, 468, 470, 471, 473, 474, 475, 477, 478, 480, 481, 482, 484, 486, 487, 489, 491, 492, 494, 496, 497, 499, 501, 502, 503, 504, 505, 507, 509, 510, 511, 512, 513, 515, 517, 518, 520, 521, 522, 523, 524, 527, 575, 582, 584, 586, 587, 588, 590, 591, 593, 596, 599, 601, 612, 614, 617, 618, 619, 620], "excluded_lines": [], "functions": {"_get_data_dir": {"executed_lines": [], "summary": {"covered_lines": 0, "num_statements": 1, "percent_covered": 0.0, "percent_covered_display": "0.0", "missing_lines": 1, "excluded_lines": 0}, "missing_lines": [166], "excluded_lines": []}, "_load_sp500_tickers": {"executed_lines": [], "summary": {"covered_lines": 0, "num_statements": 10, "percent_covered": 0.0, "percent_covered_display": "0.0", "missing_lines": 10, "excluded_lines": 0}, "missing_lines": [363, 364, 367, 370, 371, 372, 373, 375, 376, 381], "excluded_lines": []}, "_load_tradfi_instruments": {"executed_lines": [], "summary": {"covered_lines": 0, "num_statements": 6, "percent_covered": 0.0, "percent_covered_display": "0.0", "missing_lines": 6, "excluded_lines": 0}, "missing_lines": [392, 393, 396, 397, 398, 400], "excluded_lines": []}, "UnifiedInstrumentConfig.__post_init__": {"executed_lines": [], "summary": {"covered_lines": 0, "num_statements": 1, "percent_covered": 0.0, "percent_covered_display": "0.0", "missing_lines": 1, "excluded_lines": 0}, "missing_lines": [442], "excluded_lines": []}, "UnifiedInstrumentConfig._load_data": {"executed_lines": [], "summary": {"covered_lines": 0, "num_statements": 7, "percent_covered": 0.0, "percent_covered_display": "0.0", "missing_lines": 7, "excluded_lines": 0}, "missing_lines": [446, 447, 449, 452, 453, 454, 468], "excluded_lines": []}, "UnifiedInstrumentConfig.instruments": {"executed_lines": [], "summary": {"covered_lines": 0, "num_statements": 3, "percent_covered": 0.0, "percent_covered_display": "0.0", "missing_lines": 3, "excluded_lines": 0}, "missing_lines": [473, 474, 475], "excluded_lines": []}, "UnifiedInstrumentConfig.exchange_code_to_name": {"executed_lines": [], "summary": {"covered_lines": 0, "num_statements": 3, "percent_covered": 0.0, "percent_covered_display": "0.0", "missing_lines": 3, "excluded_lines": 0}, "missing_lines": [480, 481, 482], "excluded_lines": []}, "UnifiedInstrumentConfig.get_symbols_for_venue": {"executed_lines": [], "summary": {"covered_lines": 0, "num_statements": 2, "percent_covered": 0.0, "percent_covered_display": "0.0", "missing_lines": 2, "excluded_lines": 0}, "missing_lines": [486, 487], "excluded_lines": []}, "UnifiedInstrumentConfig.get_symbols_for_dataset": {"executed_lines": [], "summary": {"covered_lines": 0, "num_statements": 2, "percent_covered": 0.0, "percent_covered_display": "0.0", "missing_lines": 2, "excluded_lines": 0}, "missing_lines": [491, 492], "excluded_lines": []}, "UnifiedInstrumentConfig.get_symbols_by_type": {"executed_lines": [], "summary": {"covered_lines": 0, "num_statements": 2, "percent_covered": 0.0, "percent_covered_display": "0.0", "missing_lines": 2, "excluded_lines": 0}, "missing_lines": [496, 497], "excluded_lines": []}, "UnifiedInstrumentConfig.get_dataset_and_stype": {"executed_lines": [], "summary": {"covered_lines": 0, "num_statements": 5, "percent_covered": 0.0, "percent_covered_display": "0.0", "missing_lines": 5, "excluded_lines": 0}, "missing_lines": [501, 502, 503, 504, 505], "excluded_lines": []}, "UnifiedInstrumentConfig.get_instrument": {"executed_lines": [], "summary": {"covered_lines": 0, "num_statements": 5, "percent_covered": 0.0, "percent_covered_display": "0.0", "missing_lines": 5, "excluded_lines": 0}, "missing_lines": [509, 510, 511, 512, 513], "excluded_lines": []}, "UnifiedInstrumentConfig.get_human_readable_name": {"executed_lines": [], "summary": {"covered_lines": 0, "num_statements": 7, "percent_covered": 0.0, "percent_covered_display": "0.0", "missing_lines": 7, "excluded_lines": 0}, "missing_lines": [517, 518, 520, 521, 522, 523, 524], "excluded_lines": []}, "UnifiedInstrumentConfig._get_sp500_equities": {"executed_lines": [], "summary": {"covered_lines": 0, "num_statements": 11, "percent_covered": 0.0, "percent_covered_display": "0.0", "missing_lines": 11, "excluded_lines": 0}, "missing_lines": [584, 586, 587, 588, 590, 591, 593, 596, 599, 601, 612], "excluded_lines": []}, "UnifiedInstrumentConfig.get_all_instruments": {"executed_lines": [], "summary": {"covered_lines": 0, "num_statements": 4, "percent_covered": 0.0, "percent_covered_display": "0.0", "missing_lines": 4, "excluded_lines": 0}, "missing_lines": [617, 618, 619, 620], "excluded_lines": []}, "": {"executed_lines": [], "summary": {"covered_lines": 0, "num_statements": 49, "percent_covered": 0.0, "percent_covered_display": "0.0", "missing_lines": 49, "excluded_lines": 0}, "missing_lines": [11, 12, 13, 16, 21, 24, 47, 158, 159, 160, 161, 164, 191, 283, 294, 351, 384, 403, 404, 412, 413, 414, 415, 416, 417, 418, 419, 420, 424, 427, 428, 437, 438, 440, 444, 470, 471, 477, 478, 484, 489, 494, 499, 507, 515, 527, 575, 582, 614], "excluded_lines": []}}, "classes": {"TradFiInstrument": {"executed_lines": [], "summary": {"covered_lines": 0, "num_statements": 0, "percent_covered": 100.0, "percent_covered_display": "100.0", "missing_lines": 0, "excluded_lines": 0}, "missing_lines": [], "excluded_lines": []}, "UnifiedInstrumentConfig": {"executed_lines": [], "summary": {"covered_lines": 0, "num_statements": 52, "percent_covered": 0.0, "percent_covered_display": "0.0", "missing_lines": 52, "excluded_lines": 0}, "missing_lines": [442, 446, 447, 449, 452, 453, 454, 468, 473, 474, 475, 480, 481, 482
[...]
"summary": {"covered_lines": 0, "num_statements": 8, "percent_covered": 0.0, "percent_covered_display": "0.0", "missing_lines": 8, "excluded_lines": 0}, "missing_lines": [57, 58, 59, 60, 61, 62, 63, 64], "excluded_lines": []}, "": {"executed_lines": [], "summary": {"covered_lines": 0, "num_statements": 9, "percent_covered": 0.0, "percent_covered_display": "0.0", "missing_lines": 9, "excluded_lines": 0}, "missing_lines": [6, 7, 9, 11, 12, 14, 17, 25, 46], "excluded_lines": []}}, "classes": {"InstrumentWriter": {"executed_lines": [], "summary": {"covered_lines": 0, "num_statements": 13, "percent_covered": 0.0, "percent_covered_display": "0.0", "missing_lines": 13, "excluded_lines": 0}, "missing_lines": [33, 34, 36, 43, 44, 57, 58, 59, 60, 61, 62, 63, 64], "excluded_lines": []}, "": {"executed_lines": [], "summary": {"covered_lines": 0, "num_statements": 9, "percent_covered": 0.0, "percent_covered_display": "0.0", "missing_lines": 9, "excluded_lines": 0}, "missing_lines": [6, 7, 9, 11, 12, 14, 17, 25, 46], "excluded_lines": []}}}, "instruments_service/models.py": {"executed_lines": [], "summary": {"covered_lines": 0, "num_statements": 4, "percent_covered": 0.0, "percent_covered_display": "0.0", "missing_lines": 4, "excluded_lines": 0}, "missing_lines": [8, 9, 10, 12], "excluded_lines": [], "functions": {"": {"executed_lines": [], "summary": {"covered_lines": 0, "num_statements": 4, "percent_covered": 0.0, "percent_covered_display": "0.0", "missing_lines": 4, "excluded_lines": 0}, "missing_lines": [8, 9, 10, 12], "excluded_lines": []}}, "classes": {"": {"executed_lines": [], "summary": {"covered_lines": 0, "num_statements": 4, "percent_covered": 0.0, "percent_covered_display": "0.0", "missing_lines": 4, "excluded_lines": 0}, "missing_lines": [8, 9, 10, 12], "excluded_lines": []}}}, "instruments_service/schemas/__init__.py": {"executed_lines": [1], "summary": {"covered_lines": 0, "num_statements": 0, "percent_covered": 100.0, "percent_covered_display": "100.0", "missing_lines": 0, "excluded_lines": 0}, "missing_lines": [], "excluded_lines": [], "functions": {"": {"executed_lines": [1], "summary": {"covered_lines": 0, "num_statements": 0, "percent_covered": 100.0, "percent_covered_display": "100.0", "missing_lines": 0, "excluded_lines": 0}, "missing_lines": [], "excluded_lines": []}}, "classes": {"": {"executed_lines": [1], "summary": {"covered_lines": 0, "num_statements": 0, "percent_covered": 100.0, "percent_covered_display": "100.0", "missing_lines": 0, "excluded_lines": 0}, "missing_lines": [], "excluded_lines": []}}}, "instruments_service/schemas/output_schemas.py": {"executed_lines": [1, 19, 26, 485], "summary": {"covered_lines": 3, "num_statements": 4, "percent_covered": 75.0, "percent_covered_display": "75.0", "missing_lines": 1, "excluded_lines": 0}, "missing_lines": [487], "excluded_lines": [], "functions": {"get_instruments_schema": {"executed_lines": [], "summary": {"covered_lines": 0, "num_statements": 1, "percent_covered": 0.0, "percent_covered_display": "0.0", "missing_lines": 1, "excluded_lines": 0}, "missing_lines": [487], "excluded_lines": []}, "": {"executed_lines": [1, 19, 26, 485], "summary": {"covered_lines": 3, "num_statements": 3, "percent_covered": 100.0, "percent_covered_display": "100.0", "missing_lines": 0, "excluded_lines": 0}, "missing_lines": [], "excluded_lines": []}}, "classes": {"": {"executed_lines": [1, 19, 26, 485], "summary": {"covered_lines": 3, "num_statements": 4, "percent_covered": 75.0, "percent_covered_display": "75.0", "missing_lines": 1, "excluded_lines": 0}, "missing_lines": [487], "excluded_lines": []}}}, "instruments_service/schemas/parquet.py": {"executed_lines": [1, 27, 518, 536, 538, 541, 543, 546, 548, 549, 550, 551, 554, 564, 565, 567, 568, 570, 573, 575], "summary": {"covered_lines": 19, "num_statements": 19, "percent_covered": 100.0, "percent_covered_display": "100.0", "missing_lines": 0, "excluded_lines": 0}, "missing_lines": [], "excluded_lines": [], "functions": {"get_required_columns": {"executed_lines": [538], "summary": {"covered_lines": 1, "num_statements": 1, "percent_covered": 100.0, "percent_covered_display": "100.0", "missing_lines": 0, "excluded_lines": 0}, "missing_lines": [], "excluded_lines": []}, "get_optional_columns": {"executed_lines": [543], "summary": {"covered_lines": 1, "num_statements": 1, "percent_covered": 100.0, "percent_covered_display": "100.0", "missing_lines": 0, "excluded_lines": 0}, "missing_lines": [], "excluded_lines": []}, "get_column_info": {"executed_lines": [548, 549, 550, 551], "summary": {"covered_lines": 4, "num_statements": 4, "percent_covered": 100.0, "percent_covered_display": "100.0", "missing_lines": 0, "excluded_lines": 0}, "missing_lines": [], "excluded_lines": []}, "validate_schema_compliance": {"executed_lines": [564, 565, 567, 568, 570], "summary": {"covered_lines": 5, "num_statements": 5, "percent_covered": 100.0, "percent_covered_display": "100.0", "missing_lines": 0, "excluded_lines": 0}, "missing_lines": [], "excluded_lines": []}, "get_schema_summary": {"executed_lines": [575], "summary": {"covered_lines": 1, "num_statements": 1, "percent_covered": 100.0, "percent_covered_display": "100.0", "missing_lines": 0, "excluded_lines": 0}, "missing_lines": [], "excluded_lines": []}, "": {"executed_lines": [1, 27, 518, 536, 541, 546, 554, 573], "summary": {"covered_lines": 7, "num_statements": 7, "percent_covered": 100.0, "percent_covered_display": "100.0", "missing_lines": 0, "excluded_lines": 0}, "missing_lines": [], "excluded_lines": []}}, "classes": {"": {"executed_lines": [1, 27, 518, 536, 538, 541, 543, 546, 548, 549, 550, 551, 554, 564, 565, 567, 568, 570, 573, 575], "summary": {"covered_lines": 19, "num_statements": 19, "percent_covered": 100.0, "percent_covered_display": "100.0", "missing_lines": 0, "excluded_lines": 0}, "missing_lines": [], "excluded_lines": []}}}, "instruments_service/utils/__init__.py": {"executed_lines": [1, 9, 10, 13, 14, 17, 18, 19, 20, 21, 22, 23, 26, 28], "summary": {"covered_lines": 13, "num_statements": 14, "percent_covered": 92.85714285714286, "percent_covered_display": "92.9", "missing_lines": 1, "excluded_lines": 0}, "missing_lines": [16], "excluded_lines": [], "functions": {"": {"executed_lines": [1, 9, 10, 13, 14, 17, 18, 19, 20, 21, 22, 23, 26, 28], "summary": {"covered_lines": 13, "num_statements": 14, "percent_covered": 92.85714285714286, "percent_covered_display": "92.9", "missing_lines": 1, "excluded_lines": 0}, "missing_lines": [16], "excluded_lines": []}}, "classes": {"": {"executed_lines": [1, 9, 10, 13, 14, 17, 18, 19, 20, 21, 22, 23, 26, 28], "summary": {"covered_lines": 13, "num_statements": 14, "percent_covered": 92.85714285714286, "percent_covered_display": "92.9", "missing_lines": 1, "excluded_lines": 0}, "missing_lines": [16], "excluded_lines": []}}}, "instruments_service/utils/ccxt_service.py": {"executed_lines": [1, 14, 15, 16, 18, 20, 23, 26, 28, 31, 32, 41, 61, 119, 149, 209, 396, 453, 574, 693, 735, 816, 826], "summary": {"covered_lines": 20, "num_statements": 306, "percent_covered": 6.5359477124183005, "percent_covered_display": "6.5", "missing_lines": 286, "excluded_lines": 2}, "missing_lines": [49, 50, 53, 54, 57, 59, 75, 78, 79, 80, 81, 82, 83, 86, 87, 93, 94, 95, 97, 99, 100, 101, 104, 105, 106, 107, 108, 109, 110, 111, 112, 113, 115, 116, 117, 129, 130, 131, 132, 134, 135, 136, 137, 139, 164, 165, 166, 167, 171, 172, 173, 177, 180, 181, 182, 184, 187, 188, 194, 200, 201, 203, 205, 206, 207, 232, 233, 234, 236, 238, 241, 242, 245, 251, 252, 253, 261, 268, 270, 271, 278, 280, 282, 287, 288, 289, 290, 292, 294, 296, 298, 305, 310, 311, 312, 313, 315, 317, 318, 320, 327, 336, 337, 339, 340, 342, 343, 351, 352, 370, 373, 376, 377, 386, 394, 417, 419, 422, 423, 424, 425, 427, 428, 429, 430, 431, 432, 434, 435, 436, 437, 438, 439, 442, 443, 444, 445, 447, 448, 449, 451, 478, 479, 480, 481, 484, 489, 490, 493, 498, 499, 501, 504, 510, 511, 512, 513, 514, 515, 516, 518, 519, 522, 525, 531, 532, 533, 534, 535, 536, 538, 542, 544, 545, 546, 548, 551, 552, 553, 554, 557, 558, 559, 560, 561, 563, 564, 565, 568, 569, 570, 572, 603, 604, 605, 606, 610, 611, 612, 616, 617, 618, 619, 621, 622, 624, 625, 626, 627, 629, 632, 633, 635, 636, 637, 638, 640, 642, 648, 650, 651, 652, 656, 657, 658, 659, 660, 661, 663, 664, 666, 667, 668, 669, 672, 675, 677, 683, 685, 686, 688, 689, 690, 691, 703, 704, 706, 709, 711, 713, 714, 715, 718, 719, 721, 722, 723, 724, 725, 727, 728, 733, 750, 804, 805, 806, 807, 808, 809, 814, 818, 819, 820, 821, 823, 824, 833, 834, 835, 836, 837, 838, 839, 841, 842, 843], "excluded_lines": [20, 21], "functions": {"CCXTService.__init__": {"executed_lines": [], "summary": {"covered_lines": 0, "num_statements": 6, "percent_covered": 0.0, "percent_covered_display": "0.0", "missing_lines": 6, "excluded_lines": 0}, "missing_lines": [49, 50, 53, 54, 57, 59], "excluded_lines": []}, "CCXTService.preload_markets_parallel": {"executed_lines": [], "summary": {"covered_lines": 0, "num_statements": 29, "percent_covered": 0.0, "percent_covered_display": "0.0", "missing_lines": 29, "excluded_lines": 0}, "missing_lines": [75, 78, 79, 80, 81, 82, 83, 86, 87, 93, 94, 95, 97, 99, 100, 101, 104, 105, 106, 107, 108, 109, 110, 111, 112, 113, 115, 116, 117], "excluded_lines": []}, "CCXTService.get_ccxt_exchange": {"executed_lines": [], "summary": {"covered_lines": 0, "num_statements": 9, "percent_covered": 0.0, "percent_covered_display": "0.0", "missing_lines": 9, "excluded_lines": 0}, "missing_lines": [129, 130, 131, 132, 134, 135, 136, 137, 139], "excluded_lines": []}, "CCXTService.load_markets": {"executed_lines": [], "summary": {"covered_lines": 0, "num_statements": 21, "percent_covered": 0.0, "percent_covered_display": "0.0", "missing_lines": 21, "excluded_lines": 0}, "missing_lines": [164, 165, 166, 167, 171, 172, 173, 177, 180, 181, 182, 184, 187, 188, 194, 200, 201, 203, 205, 206, 207], "excluded_lines": []}, "CCXTService._build_symbol_formats": {"executed_lines": [], "summary": {"covered_lines": 0, "num_statements": 50, "percent_covered": 0.0, "percent_covered_display": "0.0", "missing_lines": 50, "excluded_lines": 0}, "missing_lines": [232, 233, 234, 236, 238, 241, 242, 245, 251, 252, 253, 261, 268, 270, 271, 278, 280, 282, 287, 288, 289, 290, 292, 294, 296, 298, 305, 310, 311, 312, 313, 315, 317, 318, 320, 327, 336, 337, 339, 340, 342, 343, 351, 352, 370, 373, 376, 377, 386, 394], "excluded_lines": []}, "CCXTService.generate_default_ccxt_symbol": {"executed_lines": [], "summary": {"covered_lines": 0, "num_statements": 26, "percent_covered": 0.0, "percent_covered_display": "0.0", "missing_lines": 26, "excluded_lines": 0}, "missing_lines": [417, 419, 422, 423, 424, 425, 427, 428, 429, 430, 431, 432, 434, 435, 436, 437, 438, 439, 442, 443, 444, 445, 447, 448, 449, 451], "excluded_lines": []}, "CCXTService.get_metadata": {"executed_lines": [], "summary": {"covered_lines": 0, "num_statements": 51, "percent_covered": 0.0, "percent_covered_display": "0.0", "missing_lines": 51, "excluded_lines": 0}, "missing_lines": [478, 479, 480, 481, 484, 489, 490, 493, 498, 499, 501, 504, 510, 511, 512, 513, 514, 515, 516, 518, 519, 522, 525, 531, 532, 533, 534, 535, 536, 538, 542, 544, 545, 546, 548, 551, 552, 553, 554, 557, 558, 559, 560, 561, 563, 564, 565, 568, 569, 570, 572], "excluded_lines": []}, "CCXTService.get_leverage_limits": {"executed_lines": [], "summary": {"covered_lines": 0, "num_statements": 52, "percent_covered": 0.0, "percent_covered_display": "0.0", "missing_lines": 52, "excluded_lines": 0}, "missing_lines": [603, 604, 605, 606, 610, 611, 612, 616, 617, 618, 619, 621, 622, 624, 625, 626, 627, 629, 632, 633, 635, 636, 637, 638, 640, 642, 648, 650, 651, 652, 656, 657, 658, 659, 660, 661, 663, 664, 666, 667, 668, 669, 672, 675, 677, 683, 685, 686, 688, 689, 690, 691], "excluded_lines": []}, "CCXTService._extract_risk_params_from_tiers": {"executed_lines": [], "summary": {"covered_lines": 0, "num_statements": 18, "percent_covered": 0.0, "percent_covered_display": "0.0", "missing_lines": 18, "excluded_lines": 0}, "missing_lines": [703, 704, 706, 709, 711, 713, 714, 715, 718, 719, 721, 722, 723, 724, 725, 727, 728, 733], "excluded_lines": []}, "CCXTService._get_leverage_limits_fallback": {"executed_lines": [], "summary": {"covered_lines": 0, "num_statements": 8, "percent_covered": 0.0, "percent_covered_display": "0.0", "missing_lines": 8, "excluded_lines": 0}, "missing_lines": [750, 804, 805, 806, 807, 808, 809, 814], "excluded_lines": []}, "CCXTService._is_cache_valid": {"executed_lines": [], "summary": {"covered_lines": 0, "num_statements": 6, "percent_covered": 0.0, "percent_covered_display": "0.0", "missing_lines": 6, "excluded_lines": 0}, "missing_lines": [818, 819, 820, 821, 823, 824], "excluded_lines": []}, "CCXTService.clear_cache": {"executed_lines": [], "summary": {"covered_lines": 0, "num_statements": 10, "percent_covered": 0.0, "percent_covered_display": "0.0", "missing_lines": 10, "excluded_lines": 0}, "missing_lines": [833, 834, 835, 836, 837, 838, 839, 841, 842, 843], "excluded_lines": []}, "": {"executed_lines": [1, 14, 15, 16, 18, 20, 23, 26, 28, 31, 32, 41, 61, 119, 149, 209, 396, 453, 574, 693, 735, 816, 826], "summary": {"covered_lines": 20, "num_statements": 20, "percent_covered": 100.0, "percent_covered_display": "100.0", "missing_lines": 0, "excluded_lines": 2}, "missing_lines": [], "excluded_lines": [20, 21]}}, "classes": {"CCXTService": {"executed_lines": [], "summary": {"covered_lines": 0, "num_statements": 286, "percent_covered": 0.0, "percent_covered_display": "0.0", "missing_lines": 286, "excluded_lines": 0}, "missing_lines": [49, 50, 53, 54, 57, 59, 75, 78, 79, 80, 81, 82, 83, 86, 87, 93, 94, 95, 97, 99, 100, 101, 104, 105, 106, 107, 108, 109, 110, 111, 112, 113, 115, 116, 117, 129, 130, 131, 132, 134, 135, 136, 137, 139, 164, 165, 166, 167, 171, 172, 173, 177, 180, 181, 182, 184, 187, 188, 194, 200, 201, 203, 205, 206, 207, 232, 233, 234, 236, 238, 241, 242, 245, 251, 252, 253, 261, 268, 270, 271, 278, 280, 282, 287, 288, 289, 290, 292, 294, 296, 298, 305, 310, 311, 312, 313, 315, 317, 318, 320, 327, 336, 337, 339, 340, 342, 343, 351, 352, 370, 373, 376, 377, 386, 394, 417, 419, 422, 423, 424, 425, 427, 428, 429, 430, 431, 432, 434, 435, 436, 437, 438, 439, 442, 443, 444, 445, 447, 448, 449, 451, 478, 479, 480, 481, 484, 489, 490, 493, 498, 499, 501, 504, 510, 511, 512, 513, 514, 515, 516, 518, 519, 522, 525, 531, 532, 533, 534, 535, 536, 538, 542, 544, 545, 546, 548, 551, 552, 553, 554, 557, 558, 559, 560, 561, 563, 564, 565, 568, 569, 570, 572, 603, 604, 605, 606, 610, 611, 612, 616, 617, 618, 619, 621, 622, 624, 625, 626, 627, 629, 632, 633, 635, 636, 637, 638, 640, 642, 648, 650, 651, 652, 656, 657, 658, 659, 660, 661, 663, 664, 666, 667, 668, 669, 672, 675, 677, 683, 685, 686, 688, 689, 690, 691, 703, 704, 706, 709, 711, 713, 714, 715, 718, 719, 721, 722, 723, 724, 725, 727, 728, 733, 750, 804, 805, 806, 807, 808, 809, 814, 818, 819, 820, 821, 823, 824, 833, 834, 835, 836, 837, 838, 839, 841, 842, 843], "excluded_lines": []}, "": {"executed_lines": [1, 14, 15, 16, 18, 20, 23, 26, 28, 31, 32, 41, 61, 119, 149, 209, 396, 453, 574, 693, 735, 816, 826], "summary": {"covered_lines": 20, "num_statements": 20, "percent_covered": 100.0, "percent_covered_display": "100.0", "missing_lines": 0, "excluded_lines": 2}, "missing_lines": [], "excluded_lines": [20, 21]}}}, "instruments_service/utils/error_warning_counter.py": {"executed_lines": [], "summary": {"covered_lines": 0, "num_statements": 14, "percent_covered": 0.0, "percent_covered_display": "0.0", "missing_lines": 14, "excluded_lines": 0}, "missing_lines": [7, 10, 13, 14, 15, 16, 18, 20, 21, 22, 23, 25, 27, 28], "excluded_lines": [], "functions": {"ErrorWarningCounter.__init__": {"executed_lines": [], "summary": {"covered_lines": 0, "num_statements": 3, "percent_covered": 0.0, "percent_covered_display": "0.0", "missing_lines": 3, "excluded_lines": 0}, "missing_lines": [14, 15, 16], "excluded_lines": []}, "ErrorWarningCounter.emit": {"executed_lines": [], "summary": {"covered_lines": 0, "num_statements": 4, "percent_covered": 0.0, "percent_covered_display": "0.0", "missing_lines": 4, "excluded_lines": 0}, "missing_lines": [20, 21, 22, 23], "excluded_lines": []}, "ErrorWarningCounter.reset": {"executed_lines": [], "summary": {"covered_lines": 0, "num_statements": 2, "percent_covered": 0.0, "percent_covered_display": "0.0", "missing_lines": 2, "excluded_lines": 0}, "missing_lines": [27, 28], "excluded_lines": []}, "": {"executed_lines": [], "summary": {"covered_lines": 0, "num_statements": 5, "percent_covered": 0.0, "percent_covered_display": "0.0", "missing_lines": 5, "excluded_lines": 0}, "missing_lines": [7, 10, 13, 18, 25], "excluded_lines": []}}, "classes": {"ErrorWarningCounter": {"executed_lines": [], "summary": {"covered_lines": 0, "num_statements": 9, "percent_covered": 0.0, "percent_covered_display": "0.0", "missing_lines": 9, "excluded_lines": 0}, "missing_lines": [14, 15, 16, 20, 21, 22, 23, 27, 28], "excluded_lines": []}, "": {"executed_lines": [], "summary": {"covered_lines": 0, "num_statements": 5, "percent_covered": 0.0, "percent_covered_display": "0.0", "missing_lines": 5, "excluded_lines": 0}, "missing_lines": [7, 10, 13, 18, 25], "excluded_lines": []}}}, "instruments_service/utils/special_instruments.py": {"executed_lines": [], "summary": {"covered_lines": 0, "num_statements": 51, "percent_covered": 0.0, "percent_covered_display": "0.0", "missing_lines": 51, "excluded_lines": 0}, "missing_lines": [8, 9, 10, 11, 13, 16, 29, 30, 31, 32, 33, 35, 102, 115, 116, 117, 118, 119, 120, 121, 122, 124, 191, 193, 194, 195, 196, 197, 198, 199, 215, 234, 240, 241, 242, 243, 245, 246, 247, 248, 249, 250, 252, 253, 254, 255, 256, 257, 258, 259, 261], "excluded_lines": [], "functions": {"create_vix_instrument_definition": {"executed_lines": [], "summary": {"covered_lines": 0, "num_statements": 6, "percent_covered": 0.0, "percent_covered_display": "0.0", "missing_lines": 6, "excluded_lines": 0}, "missing_lines": [29, 30, 31, 32, 33, 35], "excluded_lines": []}, "create_krwusd_instrument_definition": {"executed_lines": [], "summary": {"covered_lines": 0, "num_statements": 9, "percent_covered": 0.0, "percent_covered_display": "0.0", "missing_lines": 9, "excluded_lines": 0}, "missing_lines": [115, 116, 117, 118, 119, 120, 121, 122, 124], "excluded_lines": []}, "get_us_equity_trading_hours": {"executed_lines": [], "summary": {"covered_lines": 0, "num_statements": 7, "percent_covered": 0.0, "percent_covered_display": "0.0", "missing_lines": 7, "excluded_lines": 0}, "missing_lines": [193, 194, 195, 196, 197, 198, 199], "excluded_lines": []}, "create_bitcoin_etf_instrument_definition": {"executed_lines": [], "summary": {"covered_lines": 0, "num_statements": 20, "percent_covered": 0.0, "percent_covered_display": "0.0", "missing_lines": 20, "excluded_lines": 0}, "missing_lines": [234, 240, 241, 242, 243, 245, 246, 247, 248, 249, 250, 252, 253, 254, 255, 256, 257, 258, 259, 261], "excluded_lines": []}, "": {"executed_lines": [], "summary": {"covered_lines": 0, "num_statements": 9, "percent_covered": 0.0, "percent_covered_display": "0.0", "missing_lines": 9, "excluded_lines": 0}, "missing_lines": [8, 9, 10, 11, 13, 16, 102, 191, 215], "excluded_lines": []}}, "classes": {"": {"executed_lines": [], "summary": {"covered_lines": 0, "num_statements": 51, "percent_covered": 0.0, "percent_covered_display": "0.0", "missing_lines": 51, "excluded_lines": 0}, "missing_lines": [8, 9, 10, 11, 13, 16, 29, 30, 31, 32, 33, 35, 102, 115, 116, 117, 118, 119, 120, 121, 122, 124, 191, 193, 194, 195, 196, 197, 198, 199, 215, 234, 240, 241, 242, 243, 245, 246, 247, 248, 249, 250, 252, 253, 254, 255, 256, 257, 258, 259, 261], "excluded_lines": []}}}}, "totals": {"covered_lines": 568, "num_statements": 3067, "percent_covered": 18.519726116726442, "percent_covered_display": "18.5", "missing_lines": 2499, "excluded_lines": 41}}